0	1	mikroCARM.exe -MSF -DBG -pSTM32F103ZE -RA -APB -LHF -Y -DL -SSA -O11111114 -fo72 -N"C:\Users\Shawon & Nipa\Desktop\ARM Media\Codes\DAC Basic Demo\DAC_ex1.mcpar" -SP"C:\Users\Public\Documents\Mikroelektronika\mikroC PRO for ARM\defs\" -SP"C:\Users\Shawon & Nipa\Desktop\ARM Media\Codes\DAC Basic Demo\" -SP"C:\Users\Shawon\Desktop\ARM Media\Codes\DAC Basic Demo\" -SP"C:\Users\Shawon\Desktop\ARM Media\DAC Basic Demo\" -SP"C:\Users\Shawon & Nipa\Desktop\ARM Media\DAC Demo\" -SP"C:\Users\Public\Documents\Mikroelektronika\mikroC PRO for ARM\Uses\ST M3\" -SP"C:\Users\Shawon\Desktop\ARM Media\DAC Demo\" -IP"C:\Users\Shawon & Nipa\Desktop\ARM Media\DAC Demo\" -IP"C:\Users\Shawon\Desktop\ARM Media\DAC Basic Demo\" -IP"C:\Users\Shawon\Desktop\ARM Media\Codes\DAC Basic Demo\" -IP"C:\Users\Shawon & Nipa\Desktop\ARM Media\Codes\DAC Basic Demo\" "DAC_ex1.c" "__Lib_Math.emcl" "__Lib_MathDouble.emcl" "__Lib_Delays.emcl" "__Lib_System_101_102_103.emcl" "__Lib_GPIO_32F10x_Defs.emcl" "__Lib_GPIO_32F10x.emcl" "__Lib_CMath.emcl"	 
warning: 0	1501	Specified search path does not exist: 'C:\Users\Shawon\Desktop\ARM Media\Codes\DAC Basic Demo'	 
warning: 0	1501	Specified search path does not exist: 'C:\Users\Shawon\Desktop\ARM Media\DAC Basic Demo'	 
warning: 0	1501	Specified search path does not exist: 'C:\Users\Shawon & Nipa\Desktop\ARM Media\DAC Demo'	 
warning: 0	1501	Specified search path does not exist: 'C:\Users\Shawon\Desktop\ARM Media\DAC Demo'	 
warning: 0	1502	Specified include path does not exist: 'C:\Users\Shawon & Nipa\Desktop\ARM Media\DAC Demo'	 
warning: 0	1502	Specified include path does not exist: 'C:\Users\Shawon\Desktop\ARM Media\DAC Basic Demo'	 
warning: 0	1502	Specified include path does not exist: 'C:\Users\Shawon\Desktop\ARM Media\Codes\DAC Basic Demo'	 
diagnostics: 0	122	Compilation Started	STM32F103ZE.c
diagnostics: 37714	123	Compiled Successfully	STM32F103ZE.c
diagnostics: 0	122	Compilation Started	__Lib_Delays.c
diagnostics: 118	123	Compiled Successfully	__Lib_Delays.c
hint: 66	1164	Variable 'cycles_div_by_10' has been eliminated by optimizer	__Lib_Delays.c
hint: 87	1164	Variable 'NumberOfCyc' has been eliminated by optimizer	__Lib_Delays.c
hint: 104	1164	Variable 'NumberOfCyc' has been eliminated by optimizer	__Lib_Delays.c
diagnostics: 0	122	Compilation Started	__lib_gpio.h
diagnostics: 814	123	Compiled Successfully	__Lib_GPIO_32F10x_Defs.c
diagnostics: 0	122	Compilation Started	DAC_ex1.c
diagnostics: 61	123	Compiled Successfully	DAC_ex1.c
hint: 15	1164	Variable 'temp1' has been eliminated by optimizer	DAC_ex1.c
hint: 16	1164	Variable 'temp2' has been eliminated by optimizer	DAC_ex1.c
diagnostics: 0	127	All files Compiled in 125 ms	 
hint: 0	1144	Used RX: 16 (100%)   Free RX: 0 (0%)	Used RX: 16 (100%)   Free RX: 0 (0%)
hint: 0	1144	Static RAM (bytes): 4   Dynamic RAM (bytes): 65529	Static RAM (bytes): 4   Dynamic RAM (bytes): 65529
hint: 0	1144	Used ROM (bytes): 2748 (1%)  Free ROM (bytes): 521540 (99%)	Used ROM (bytes): 2748 (1%)  Free ROM (bytes): 521540 (99%)
diagnostics: 0	125	Project Linked Successfully	DAC_ex1.mcpar
diagnostics: 0	128	Linked in 764 ms	 
diagnostics: 0	129	Project 'DAC_ex1.mcpar' completed: 3556 ms	 
diagnostics: 0	103	Finished successfully: 19 Jun 2015, 16:35:48	DAC_ex1.mcpar
