;  LST file generated by mikroListExporter - v.2.0 
; Date/Time: 19-Jun-15 04:35:47 PM
;----------------------------------------------

;Address Opcode 	ASM
____SysVT:
0x0000	0xFFFC2000  	536936444
0x0004	0x08E90000  	2281
0x0008	0x08CD0000  	2253
0x000C	0x08CD0000  	2253
0x0010	0x08CD0000  	2253
0x0014	0x08CD0000  	2253
0x0018	0x08CD0000  	2253
0x001C	0x08CD0000  	2253
0x0020	0x08CD0000  	2253
0x0024	0x08CD0000  	2253
0x0028	0x08CD0000  	2253
0x002C	0x08CD0000  	2253
0x0030	0x08CD0000  	2253
0x0034	0x08CD0000  	2253
0x0038	0x08CD0000  	2253
0x003C	0x08CD0000  	2253
0x0040	0x08CD0000  	2253
0x0044	0x08CD0000  	2253
0x0048	0x08CD0000  	2253
0x004C	0x08CD0000  	2253
0x0050	0x08CD0000  	2253
0x0054	0x08CD0000  	2253
0x0058	0x08CD0000  	2253
0x005C	0x08CD0000  	2253
0x0060	0x08CD0000  	2253
0x0064	0x08CD0000  	2253
0x0068	0x08CD0000  	2253
0x006C	0x08CD0000  	2253
0x0070	0x08CD0000  	2253
0x0074	0x08CD0000  	2253
0x0078	0x08CD0000  	2253
0x007C	0x08CD0000  	2253
0x0080	0x08CD0000  	2253
0x0084	0x08CD0000  	2253
0x0088	0x08CD0000  	2253
0x008C	0x08CD0000  	2253
0x0090	0x08CD0000  	2253
0x0094	0x08CD0000  	2253
0x0098	0x08CD0000  	2253
0x009C	0x08CD0000  	2253
0x00A0	0x08CD0000  	2253
0x00A4	0x08CD0000  	2253
0x00A8	0x08CD0000  	2253
0x00AC	0x08CD0000  	2253
0x00B0	0x08CD0000  	2253
0x00B4	0x08CD0000  	2253
0x00B8	0x08CD0000  	2253
0x00BC	0x08CD0000  	2253
0x00C0	0x08CD0000  	2253
0x00C4	0x08CD0000  	2253
0x00C8	0x08CD0000  	2253
0x00CC	0x08CD0000  	2253
0x00D0	0x08CD0000  	2253
0x00D4	0x08CD0000  	2253
0x00D8	0x08CD0000  	2253
0x00DC	0x08CD0000  	2253
0x00E0	0x08CD0000  	2253
0x00E4	0x08CD0000  	2253
0x00E8	0x08CD0000  	2253
0x00EC	0x08CD0000  	2253
0x00F0	0x08CD0000  	2253
0x00F4	0x08CD0000  	2253
0x00F8	0x08CD0000  	2253
0x00FC	0x08CD0000  	2253
0x0100	0x08CD0000  	2253
0x0104	0x08CD0000  	2253
0x0108	0x08CD0000  	2253
0x010C	0x08CD0000  	2253
0x0110	0x08CD0000  	2253
0x0114	0x08CD0000  	2253
0x0118	0x08CD0000  	2253
0x011C	0x08CD0000  	2253
0x0120	0x08CD0000  	2253
0x0124	0x08CD0000  	2253
0x0128	0x08CD0000  	2253
0x012C	0x08CD0000  	2253
; end of ____SysVT
_main:
;DAC_ex1.c, 13 :: 		void main()
0x08E8	0xB081    SUB	SP, SP, #4
0x08EA	0xF000F853  BL	2452
0x08EE	0xF000F8DB  BL	2728
0x08F2	0xF7FFFFEF  BL	2260
;DAC_ex1.c, 15 :: 		signed int temp1 = 0;
;DAC_ex1.c, 16 :: 		signed int temp2 = 0;
;DAC_ex1.c, 17 :: 		unsigned int degree = 0;
;DAC_ex1.c, 20 :: 		setup();
0x08F6	0xF7FFFFDD  BL	_setup+0
;DAC_ex1.c, 22 :: 		while(1)
L_main0:
;DAC_ex1.c, 24 :: 		for(degree = 0; degree < 360; degree++)
0x08FA	0x2000    MOVS	R0, #0
0x08FC	0xF8AD0000  STRH	R0, [SP, #0]
L_main2:
0x0900	0xF8BD0000  LDRH	R0, [SP, #0]
0x0904	0xF5B07FB4  CMP	R0, #360
0x0908	0xD23A    BCS	L_main3
;DAC_ex1.c, 26 :: 		temp1 = (2047 * cos(radian_per_degree * degree));
0x090A	0xF8BD0000  LDRH	R0, [SP, #0]
0x090E	0xF7FFFF8D  BL	__UnsignedIntegralToFloat+0
0x0912	0x4A1C    LDR	R2, [PC, #112]
0x0914	0xF7FFFD02  BL	__Mul_FP+0
0x0918	0xF7FFFFA8  BL	_cos+0
0x091C	0x4A1A    LDR	R2, [PC, #104]
0x091E	0xF7FFFCFD  BL	__Mul_FP+0
0x0922	0xF7FFFC25  BL	__FloatToSignedIntegral+0
0x0926	0xB200    SXTH	R0, R0
;DAC_ex1.c, 27 :: 		temp1 = (2048 - temp1);
0x0928	0xF5C06000  RSB	R0, R0, #2048
0x092C	0xB200    SXTH	R0, R0
;DAC_ex1.c, 28 :: 		DAC_DHR12R1 = ((unsigned int)temp1);
0x092E	0xB281    UXTH	R1, R0
0x0930	0x4816    LDR	R0, [PC, #88]
0x0932	0x6001    STR	R1, [R0, #0]
;DAC_ex1.c, 29 :: 		temp2 = (2047 * sin(radian_per_degree * degree));
0x0934	0xF8BD0000  LDRH	R0, [SP, #0]
0x0938	0xF7FFFF78  BL	__UnsignedIntegralToFloat+0
0x093C	0x4A11    LDR	R2, [PC, #68]
0x093E	0xF7FFFCED  BL	__Mul_FP+0
0x0942	0xF7FFFE87  BL	_sin+0
0x0946	0x4A10    LDR	R2, [PC, #64]
0x0948	0xF7FFFCE8  BL	__Mul_FP+0
0x094C	0xF7FFFC10  BL	__FloatToSignedIntegral+0
0x0950	0xB200    SXTH	R0, R0
;DAC_ex1.c, 30 :: 		temp2 = (2048 - temp2);
0x0952	0xF5C06000  RSB	R0, R0, #2048
0x0956	0xB200    SXTH	R0, R0
;DAC_ex1.c, 31 :: 		DAC_DHR12R2 = ((unsigned int)temp2);
0x0958	0xB281    UXTH	R1, R0
0x095A	0x480D    LDR	R0, [PC, #52]
0x095C	0x6001    STR	R1, [R0, #0]
;DAC_ex1.c, 32 :: 		delay_ms(6);
0x095E	0xF641173F  MOVW	R7, #6463
0x0962	0xF2C00701  MOVT	R7, #1
0x0966	0xBF00    NOP
0x0968	0xBF00    NOP
L_main5:
0x096A	0x1E7F    SUBS	R7, R7, #1
0x096C	0xD1FD    BNE	L_main5
0x096E	0xBF00    NOP
0x0970	0xBF00    NOP
0x0972	0xBF00    NOP
;DAC_ex1.c, 24 :: 		for(degree = 0; degree < 360; degree++)
0x0974	0xF8BD0000  LDRH	R0, [SP, #0]
0x0978	0x1C40    ADDS	R0, R0, #1
0x097A	0xF8AD0000  STRH	R0, [SP, #0]
;DAC_ex1.c, 33 :: 		}
0x097E	0xE7BF    B	L_main2
L_main3:
;DAC_ex1.c, 34 :: 		};
0x0980	0xE7BB    B	L_main0
;DAC_ex1.c, 35 :: 		}
L_end_main:
L__main_end_loop:
0x0982	0xE7FE    B	L__main_end_loop
0x0984	0xFA353C8E  	#1016003125
0x0988	0xE00044FF  	#1157619712
0x098C	0x74084000  	DAC_DHR12R1+0
0x0990	0x74144000  	DAC_DHR12R2+0
; end of _main
_setup:
;DAC_ex1.c, 38 :: 		void setup()
0x08B4	0xB081    SUB	SP, SP, #4
0x08B6	0xF8CDE000  STR	LR, [SP, #0]
;DAC_ex1.c, 40 :: 		GPIO_setup();
0x08BA	0xF7FFFEAB  BL	_GPIO_setup+0
;DAC_ex1.c, 41 :: 		DAC_setup();
0x08BE	0xF7FFFF53  BL	_DAC_setup+0
;DAC_ex1.c, 42 :: 		}
L_end_setup:
0x08C2	0xF8DDE000  LDR	LR, [SP, #0]
0x08C6	0xB001    ADD	SP, SP, #4
0x08C8	0x4770    BX	LR
; end of _setup
_GPIO_setup:
;DAC_ex1.c, 45 :: 		void GPIO_setup()
;DAC_ex1.c, 47 :: 		enable_GPIOA(true);
0x0614	0x2101    MOVS	R1, #1
0x0616	0xB249    SXTB	R1, R1
0x0618	0x480C    LDR	R0, [PC, #48]
0x061A	0x6001    STR	R1, [R0, #0]
;DAC_ex1.c, 48 :: 		pin_configure_low(GPIOA_CRL, 4, analog_input);
0x061C	0x480C    LDR	R0, [PC, #48]
0x061E	0x6801    LDR	R1, [R0, #0]
0x0620	0xF46F2070  MVN	R0, #983040
0x0624	0x4001    ANDS	R1, R0
0x0626	0x480A    LDR	R0, [PC, #40]
0x0628	0x6001    STR	R1, [R0, #0]
0x062A	0x4809    LDR	R0, [PC, #36]
0x062C	0x6801    LDR	R1, [R0, #0]
0x062E	0x4808    LDR	R0, [PC, #32]
0x0630	0x6001    STR	R1, [R0, #0]
;DAC_ex1.c, 49 :: 		pin_configure_low(GPIOA_CRL, 5, analog_input);
0x0632	0x4807    LDR	R0, [PC, #28]
0x0634	0x6801    LDR	R1, [R0, #0]
0x0636	0xF46F0070  MVN	R0, #15728640
0x063A	0x4001    ANDS	R1, R0
0x063C	0x4804    LDR	R0, [PC, #16]
0x063E	0x6001    STR	R1, [R0, #0]
0x0640	0x4803    LDR	R0, [PC, #12]
0x0642	0x6801    LDR	R1, [R0, #0]
0x0644	0x4802    LDR	R0, [PC, #8]
0x0646	0x6001    STR	R1, [R0, #0]
;DAC_ex1.c, 50 :: 		}
L_end_GPIO_setup:
0x0648	0x4770    BX	LR
0x064A	0xBF00    NOP
0x064C	0x03084242  	RCC_APB2ENRbits+0
0x0650	0x08004001  	GPIOA_CRL+0
; end of _GPIO_setup
_DAC_setup:
;DAC_ex1.c, 53 :: 		void DAC_setup()
;DAC_ex1.c, 55 :: 		enable_DAC(true);
0x0768	0x2201    MOVS	R2, #1
0x076A	0xB252    SXTB	R2, R2
0x076C	0x4806    LDR	R0, [PC, #24]
0x076E	0x6002    STR	R2, [R0, #0]
;DAC_ex1.c, 56 :: 		DAC_reset();
0x0770	0x2100    MOVS	R1, #0
0x0772	0x4806    LDR	R0, [PC, #24]
0x0774	0x6001    STR	R1, [R0, #0]
;DAC_ex1.c, 57 :: 		set_DAC1_buffer(enable);
0x0776	0x4806    LDR	R0, [PC, #24]
0x0778	0x6002    STR	R2, [R0, #0]
;DAC_ex1.c, 58 :: 		set_DAC2_buffer(enable);
0x077A	0x4806    LDR	R0, [PC, #24]
0x077C	0x6002    STR	R2, [R0, #0]
;DAC_ex1.c, 59 :: 		enable_DAC1_channel(true);
0x077E	0x4806    LDR	R0, [PC, #24]
0x0780	0x6002    STR	R2, [R0, #0]
;DAC_ex1.c, 60 :: 		enable_DAC2_channel(true);
0x0782	0x4806    LDR	R0, [PC, #24]
0x0784	0x6002    STR	R2, [R0, #0]
;DAC_ex1.c, 61 :: 		}
L_end_DAC_setup:
0x0786	0x4770    BX	LR
0x0788	0x03F44242  	RCC_APB1ENRbits+0
0x078C	0x74004000  	DAC_CR+0
0x0790	0x8004420E  	DAC_CRbits+0
0x0794	0x8044420E  	DAC_CRbits+0
0x0798	0x8000420E  	DAC_CRbits+0
0x079C	0x8040420E  	DAC_CRbits+0
; end of _DAC_setup
_cos:
;__Lib_CMath.c, 305 :: 		
; f start address is: 0 (R0)
0x086C	0xB081    SUB	SP, SP, #4
0x086E	0xF8CDE000  STR	LR, [SP, #0]
0x0872	0x4601    MOV	R1, R0
; f end address is: 0 (R0)
; f start address is: 4 (R1)
;__Lib_CMath.c, 306 :: 		
0x0874	0x480C    LDR	R0, [PC, #48]
0x0876	0x460A    MOV	R2, R1
0x0878	0xF7FFFC9C  BL	__Compare_FP+0
0x087C	0xF2400000  MOVW	R0, #0
0x0880	0xDA00    BGE	L__cos123
0x0882	0x2001    MOVS	R0, #1
L__cos123:
0x0884	0xB130    CBZ	R0, L_cos52
;__Lib_CMath.c, 307 :: 		
0x0886	0x4A09    LDR	R2, [PC, #36]
0x0888	0x4608    MOV	R0, R1
0x088A	0xF7FFFD8D  BL	__Sub_FP+0
; f end address is: 4 (R1)
0x088E	0xF7FFFEE1  BL	_sin+0
0x0892	0xE005    B	L_end_cos
L_cos52:
;__Lib_CMath.c, 308 :: 		
; f start address is: 4 (R1)
0x0894	0x4806    LDR	R0, [PC, #24]
0x0896	0x460A    MOV	R2, R1
0x0898	0xF7FFFCC0  BL	__Add_FP+0
; f end address is: 4 (R1)
0x089C	0xF7FFFEDA  BL	_sin+0
;__Lib_CMath.c, 309 :: 		
L_end_cos:
0x08A0	0xF8DDE000  LDR	LR, [SP, #0]
0x08A4	0xB001    ADD	SP, SP, #4
0x08A6	0x4770    BX	LR
0x08A8	0x0FDB4049  	#1078530011
0x08AC	0xCBE44096  	#1083624420
0x08B0	0x0FDB3FC9  	#1070141403
; end of _cos
_sin:
;__Lib_CMath.c, 263 :: 		
; f start address is: 0 (R0)
0x0654	0xB084    SUB	SP, SP, #16
0x0656	0xF8CDE000  STR	LR, [SP, #0]
0x065A	0x4682    MOV	R10, R0
; f end address is: 0 (R0)
; f start address is: 40 (R10)
;__Lib_CMath.c, 281 :: 		
; sgn start address is: 36 (R9)
0x065C	0xF2400900  MOVW	R9, #0
;__Lib_CMath.c, 282 :: 		
0x0660	0xF04F0000  MOV	R0, #0
0x0664	0x4652    MOV	R2, R10
0x0666	0xF7FFFDA5  BL	__Compare_FP+0
0x066A	0xF2400000  MOVW	R0, #0
0x066E	0xDD00    BLE	L__sin118
0x0670	0x2001    MOVS	R0, #1
L__sin118:
0x0672	0xB120    CBZ	R0, L__sin76
; sgn end address is: 36 (R9)
;__Lib_CMath.c, 283 :: 		
0x0674	0xF08A4100  EOR	R1, R10, #-2147483648
; f end address is: 40 (R10)
; f start address is: 4 (R1)
;__Lib_CMath.c, 284 :: 		
; sgn start address is: 36 (R9)
0x0678	0xF2400901  MOVW	R9, #1
; sgn end address is: 36 (R9)
; f end address is: 4 (R1)
;__Lib_CMath.c, 285 :: 		
0x067C	0xE000    B	L_sin48
L__sin76:
;__Lib_CMath.c, 282 :: 		
0x067E	0x4651    MOV	R1, R10
;__Lib_CMath.c, 285 :: 		
L_sin48:
;__Lib_CMath.c, 286 :: 		
; sgn start address is: 36 (R9)
; f start address is: 4 (R1)
0x0680	0x4836    LDR	R0, [PC, #216]
0x0682	0x460A    MOV	R2, R1
0x0684	0xF7FFFE4A  BL	__Mul_FP+0
; f end address is: 4 (R1)
; f start address is: 40 (R10)
0x0688	0x4682    MOV	R10, R0
;__Lib_CMath.c, 287 :: 		
0x068A	0xF7FFFF85  BL	_floor+0
0x068E	0x9003    STR	R0, [SP, #12]
0x0690	0x9101    STR	R1, [SP, #4]
0x0692	0x9903    LDR	R1, [SP, #12]
0x0694	0x460A    MOV	R2, R1
0x0696	0x4650    MOV	R0, R10
0x0698	0xF7FFFE86  BL	__Sub_FP+0
; f end address is: 40 (R10)
0x069C	0x9901    LDR	R1, [SP, #4]
0x069E	0xF04F4281  MOV	R2, #1082130432
0x06A2	0xF7FFFE3B  BL	__Mul_FP+0
; f start address is: 4 (R1)
0x06A6	0x4601    MOV	R1, R0
;__Lib_CMath.c, 288 :: 		
0x06A8	0xF04F4280  MOV	R2, #1073741824
0x06AC	0xF7FFFD82  BL	__Compare_FP+0
0x06B0	0xF2400000  MOVW	R0, #0
0x06B4	0xDD00    BLE	L__sin119
0x06B6	0x2001    MOVS	R0, #1
L__sin119:
0x06B8	0xB178    CBZ	R0, L__sin77
;__Lib_CMath.c, 289 :: 		
0x06BA	0x4608    MOV	R0, R1
0x06BC	0xF04F4280  MOV	R2, #1073741824
0x06C0	0xF7FFFE72  BL	__Sub_FP+0
; f end address is: 4 (R1)
; f start address is: 0 (R0)
;__Lib_CMath.c, 290 :: 		
0x06C4	0xF1B90F00  CMP	R9, #0
0x06C8	0xF2400C00  MOVW	R12, #0
0x06CC	0xD101    BNE	L__sin120
0x06CE	0xF2400C01  MOVW	R12, #1
L__sin120:
0x06D2	0xFA5FFC8C  UXTB	R12, R12
; sgn end address is: 36 (R9)
; sgn start address is: 48 (R12)
; sgn end address is: 48 (R12)
; f end address is: 0 (R0)
0x06D6	0x4601    MOV	R1, R0
;__Lib_CMath.c, 291 :: 		
0x06D8	0xE001    B	L_sin49
L__sin77:
;__Lib_CMath.c, 288 :: 		
0x06DA	0xFA5FFC89  UXTB	R12, R9
;__Lib_CMath.c, 291 :: 		
L_sin49:
;__Lib_CMath.c, 292 :: 		
; sgn start address is: 48 (R12)
; f start address is: 4 (R1)
0x06DE	0xF04F507E  MOV	R0, #1065353216
0x06E2	0x460A    MOV	R2, R1
0x06E4	0xF7FFFD66  BL	__Compare_FP+0
0x06E8	0xF2400000  MOVW	R0, #0
0x06EC	0xDA00    BGE	L__sin121
0x06EE	0x2001    MOVS	R0, #1
L__sin121:
0x06F0	0xB130    CBZ	R0, L__sin78
;__Lib_CMath.c, 293 :: 		
0x06F2	0x460A    MOV	R2, R1
0x06F4	0xF04F4080  MOV	R0, #1073741824
0x06F8	0xF7FFFE56  BL	__Sub_FP+0
; f end address is: 4 (R1)
; f start address is: 8 (R2)
0x06FC	0x4602    MOV	R2, R0
; f end address is: 8 (R2)
0x06FE	0xE000    B	L_sin50
L__sin78:
;__Lib_CMath.c, 292 :: 		
0x0700	0x460A    MOV	R2, R1
;__Lib_CMath.c, 293 :: 		
L_sin50:
;__Lib_CMath.c, 294 :: 		
; f start address is: 8 (R2)
0x0702	0x9201    STR	R2, [SP, #4]
0x0704	0x4610    MOV	R0, R2
0x0706	0xF7FFFE09  BL	__Mul_FP+0
0x070A	0x9A01    LDR	R2, [SP, #4]
; x2 start address is: 4 (R1)
0x070C	0x4601    MOV	R1, R0
;__Lib_CMath.c, 295 :: 		
0x070E	0x9101    STR	R1, [SP, #4]
0x0710	0x9202    STR	R2, [SP, #8]
0x0712	0x2204    MOVS	R2, #4
0x0714	0xB212    SXTH	R2, R2
0x0716	0x4912    LDR	R1, [PC, #72]
0x0718	0xF7FFFEC8  BL	__Lib_CMath_eval_poly+0
0x071C	0x9A02    LDR	R2, [SP, #8]
0x071E	0xF7FFFDFD  BL	__Mul_FP+0
0x0722	0x9901    LDR	R1, [SP, #4]
0x0724	0x4602    MOV	R2, R0
;__Lib_CMath.c, 296 :: 		
0x0726	0x9201    STR	R2, [SP, #4]
0x0728	0x2203    MOVS	R2, #3
0x072A	0xB212    SXTH	R2, R2
0x072C	0x4608    MOV	R0, R1
0x072E	0x490D    LDR	R1, [PC, #52]
; x2 end address is: 4 (R1)
0x0730	0xF7FFFEBC  BL	__Lib_CMath_eval_poly+0
0x0734	0x9A01    LDR	R2, [SP, #4]
0x0736	0x9003    STR	R0, [SP, #12]
0x0738	0x9101    STR	R1, [SP, #4]
0x073A	0x9903    LDR	R1, [SP, #12]
0x073C	0x4610    MOV	R0, R2
0x073E	0x460A    MOV	R2, R1
0x0740	0xF7FFFED8  BL	__Div_FP+0
; f end address is: 8 (R2)
0x0744	0x9901    LDR	R1, [SP, #4]
; f start address is: 0 (R0)
;__Lib_CMath.c, 298 :: 		
0x0746	0xF1BC0F00  CMP	R12, #0
0x074A	0xD003    BEQ	L_sin51
; sgn end address is: 48 (R12)
;__Lib_CMath.c, 299 :: 		
0x074C	0xF0804100  EOR	R1, R0, #-2147483648
; f end address is: 0 (R0)
0x0750	0x4608    MOV	R0, R1
0x0752	0xE7FF    B	L_end_sin
L_sin51:
;__Lib_CMath.c, 300 :: 		
; f start address is: 0 (R0)
; f end address is: 0 (R0)
;__Lib_CMath.c, 301 :: 		
L_end_sin:
0x0754	0xF8DDE000  LDR	LR, [SP, #0]
0x0758	0xB004    ADD	SP, SP, #16
0x075A	0x4770    BX	LR
0x075C	0xF9833E22  	#1042479491
0x0760	0x0A840000  	sin_coeff_a_L0+0
0x0764	0x0A980000  	sin_coeff_b_L0+0
; end of _sin
_floor:
;__Lib_CMath.c, 38 :: 		
0x0598	0xB082    SUB	SP, SP, #8
0x059A	0xF8CDE000  STR	LR, [SP, #0]
0x059E	0x9001    STR	R0, [SP, #4]
;__Lib_CMath.c, 42 :: 		
0x05A0	0xA901    ADD	R1, SP, #4
0x05A2	0x6809    LDR	R1, [R1, #0]
0x05A4	0x0DC9    LSRS	R1, R1, #23
0x05A6	0xF00101FF  AND	R1, R1, #255
;__Lib_CMath.c, 43 :: 		
0x05AA	0xB209    SXTH	R1, R1
0x05AC	0x397F    SUBS	R1, #127
0x05AE	0xB209    SXTH	R1, R1
; expon start address is: 0 (R0)
0x05B0	0xB208    SXTH	R0, R1
;__Lib_CMath.c, 44 :: 		
0x05B2	0x2900    CMP	R1, #0
0x05B4	0xDA0E    BGE	L_floor1
; expon end address is: 0 (R0)
;__Lib_CMath.c, 45 :: 		
0x05B6	0x9A01    LDR	R2, [SP, #4]
0x05B8	0xF04F0000  MOV	R0, #0
0x05BC	0xF7FFFDFA  BL	__Compare_FP+0
0x05C0	0xF2400000  MOVW	R0, #0
0x05C4	0xDD00    BLE	L__floor84
0x05C6	0x2001    MOVS	R0, #1
L__floor84:
0x05C8	0xB108    CBZ	R0, L_floor2
;__Lib_CMath.c, 46 :: 		
0x05CA	0x4811    LDR	R0, [PC, #68]
0x05CC	0xE01C    B	L_end_floor
L_floor2:
;__Lib_CMath.c, 48 :: 		
0x05CE	0xF04F0000  MOV	R0, #0
0x05D2	0xE019    B	L_end_floor
L_floor1:
;__Lib_CMath.c, 49 :: 		
; expon start address is: 0 (R0)
0x05D4	0xB281    UXTH	R1, R0
; expon end address is: 0 (R0)
0x05D6	0x2918    CMP	R1, #24
0x05D8	0xD901    BLS	L_floor4
;__Lib_CMath.c, 50 :: 		
0x05DA	0x9801    LDR	R0, [SP, #4]
0x05DC	0xE014    B	L_end_floor
L_floor4:
;__Lib_CMath.c, 51 :: 		
0x05DE	0x9801    LDR	R0, [SP, #4]
0x05E0	0xF7FFFDC6  BL	__FloatToSignedIntegral+0
0x05E4	0xF7FFFDA4  BL	__SignedIntegralToFloat+0
; i start address is: 4 (R1)
0x05E8	0x4601    MOV	R1, R0
;__Lib_CMath.c, 53 :: 		
0x05EA	0x9A01    LDR	R2, [SP, #4]
0x05EC	0xF7FFFDE2  BL	__Compare_FP+0
0x05F0	0xF2400000  MOVW	R0, #0
0x05F4	0xDD00    BLE	L__floor85
0x05F6	0x2001    MOVS	R0, #1
L__floor85:
0x05F8	0xB128    CBZ	R0, L_floor5
;__Lib_CMath.c, 54 :: 		
0x05FA	0x4608    MOV	R0, R1
0x05FC	0xF04F527E  MOV	R2, #1065353216
0x0600	0xF7FFFED2  BL	__Sub_FP+0
; i end address is: 4 (R1)
0x0604	0xE000    B	L_end_floor
L_floor5:
;__Lib_CMath.c, 55 :: 		
; i start address is: 4 (R1)
0x0606	0x4608    MOV	R0, R1
; i end address is: 4 (R1)
;__Lib_CMath.c, 56 :: 		
L_end_floor:
0x0608	0xF8DDE000  LDR	LR, [SP, #0]
0x060C	0xB002    ADD	SP, SP, #8
0x060E	0x4770    BX	LR
0x0610	0x0000BF80  	#-1082130432
; end of _floor
__Compare_FP:
;__Lib_MathDouble.c, 839 :: 		
0x01B4	0xB081    SUB	SP, SP, #4
;__Lib_MathDouble.c, 841 :: 		
0x01B6	0xB510    PUSH	(R4, R14)
;__Lib_MathDouble.c, 843 :: 		
0x01B8	0x4290    CMP	R0, R2
;__Lib_MathDouble.c, 844 :: 		
0x01BA	0xBF08    IT	EQ
;__Lib_MathDouble.c, 846 :: 		
0x01BC	0xE02A    BEQ	__me_lab_end
;__Lib_MathDouble.c, 848 :: 		
0x01BE	0xEA400402  ORR	R4, R0, R2, LSL #0
;__Lib_MathDouble.c, 849 :: 		
0x01C2	0xEA4F0444  LSL	R4, R4, #1
;__Lib_MathDouble.c, 850 :: 		
0x01C6	0x2C00    CMP	R4, #0
;__Lib_MathDouble.c, 851 :: 		
0x01C8	0xBF08    IT	EQ
;__Lib_MathDouble.c, 853 :: 		
0x01CA	0xE023    BEQ	__me_lab_end
;__Lib_MathDouble.c, 855 :: 		
0x01CC	0x0044    LSLS	R4, R0, #1
;__Lib_MathDouble.c, 856 :: 		
0x01CE	0xD104    BNE	__me_ct2_
;__Lib_MathDouble.c, 858 :: 		
0x01D0	0x4294    CMP	R4, R2
;__Lib_MathDouble.c, 859 :: 		
0x01D2	0xD401    BMI	__me_labop2_pos
;__Lib_MathDouble.c, 860 :: 		
0x01D4	0x1CA4    ADDS	R4, R4, #2
;__Lib_MathDouble.c, 861 :: 		
0x01D6	0x2C01    CMP	R4, #1
;__Lib_MathDouble.c, 862 :: 		
__me_labop2_pos:
;__Lib_MathDouble.c, 864 :: 		
0x01D8	0xE01C    B	__me_lab_end
;__Lib_MathDouble.c, 866 :: 		
__me_ct2_:
0x01DA	0xEA4F0440  LSL	R4, R0, #1
;__Lib_MathDouble.c, 867 :: 		
0x01DE	0xEA4F6414  LSR	R4, R4, #24
;__Lib_MathDouble.c, 868 :: 		
0x01E2	0x2CFF    CMP	R4, #255
;__Lib_MathDouble.c, 869 :: 		
0x01E4	0xD10A    BNE	__me_ct1_
;__Lib_MathDouble.c, 870 :: 		
0x01E6	0xEA4F0442  LSL	R4, R2, #1
;__Lib_MathDouble.c, 871 :: 		
0x01EA	0xEA4F6414  LSR	R4, R4, #24
;__Lib_MathDouble.c, 872 :: 		
0x01EE	0x2CFF    CMP	R4, #255
;__Lib_MathDouble.c, 873 :: 		
0x01F0	0xD104    BNE	__me_ct1_
;__Lib_MathDouble.c, 875 :: 		
0x01F2	0xEA4F74D2  LSR	R4, R2, #31
;__Lib_MathDouble.c, 876 :: 		
0x01F6	0xEBB434D0  SUBS	R4, R4, R0, LSR #31
;__Lib_MathDouble.c, 878 :: 		
0x01FA	0xE00B    B	__me_lab_end
;__Lib_MathDouble.c, 880 :: 		
__me_ct1_:
0x01FC	0x2A00    CMP	R2, #0
;__Lib_MathDouble.c, 881 :: 		
0x01FE	0xD406    BMI	__me_op2_m
;__Lib_MathDouble.c, 883 :: 		
0x0200	0x2800    CMP	R0, #0
;__Lib_MathDouble.c, 884 :: 		
0x0202	0xDC02    BGT	__me_labop1_pos
;__Lib_MathDouble.c, 885 :: 		
0x0204	0x2400    MOVS	R4, #0
;__Lib_MathDouble.c, 886 :: 		
0x0206	0x2C01    CMP	R4, #1
;__Lib_MathDouble.c, 888 :: 		
0x0208	0xE004    B	__me_lab_end
;__Lib_MathDouble.c, 889 :: 		
__me_labop1_pos:
;__Lib_MathDouble.c, 890 :: 		
0x020A	0x4290    CMP	R0, R2
;__Lib_MathDouble.c, 892 :: 		
0x020C	0xE002    B	__me_lab_end
;__Lib_MathDouble.c, 893 :: 		
__me_op2_m:
0x020E	0x2800    CMP	R0, #0
;__Lib_MathDouble.c, 894 :: 		
0x0210	0xBF48    IT	MI
;__Lib_MathDouble.c, 895 :: 		
0x0212	0x4282    CMPMI	R2, R0
;__Lib_MathDouble.c, 896 :: 		
__me_lab_end:
;__Lib_MathDouble.c, 897 :: 		
0x0214	0xE8BD4010  POP	(R4, R14)
;__Lib_MathDouble.c, 899 :: 		
L_end__Compare_FP:
0x0218	0xB001    ADD	SP, SP, #4
0x021A	0x4770    BX	LR
; end of __Compare_FP
__FloatToSignedIntegral:
;__Lib_MathDouble.c, 4 :: 		
0x0170	0xB081    SUB	SP, SP, #4
;__Lib_MathDouble.c, 6 :: 		
0x0172	0xB506    PUSH	(R1, R2, R14)
;__Lib_MathDouble.c, 8 :: 		
0x0174	0xEA4F0240  LSL	R2, R0, #1
;__Lib_MathDouble.c, 9 :: 		
0x0178	0xEA4F6212  LSR	R2, R2, #24
;__Lib_MathDouble.c, 11 :: 		
0x017C	0x3A7F    SUBS	R2, #127
;__Lib_MathDouble.c, 12 :: 		
0x017E	0xBF44    ITT	MI
;__Lib_MathDouble.c, 13 :: 		
0x0180	0xF04F0000  MOVMI	R0, #0
;__Lib_MathDouble.c, 15 :: 		
0x0184	0xE011    BMI	__me_lab_end
;__Lib_MathDouble.c, 17 :: 		
0x0186	0xF1D2021F  RSBS	R2, R2, #31
;__Lib_MathDouble.c, 18 :: 		
0x018A	0xD909    BLS	__me_ovfl
;__Lib_MathDouble.c, 20 :: 		
0x018C	0xEA4F2100  LSL	R1, R0, #8
;__Lib_MathDouble.c, 21 :: 		
0x0190	0xF0414100  ORR	R1, R1, #-2147483648
;__Lib_MathDouble.c, 23 :: 		
0x0194	0x40D1    LSRS	R1, R2
;__Lib_MathDouble.c, 25 :: 		
0x0196	0x2800    CMP	R0, #0
;__Lib_MathDouble.c, 26 :: 		
0x0198	0xBF4C    ITE	MI
;__Lib_MathDouble.c, 27 :: 		
0x019A	0x4248    RSBMI	R0, R1, #0
;__Lib_MathDouble.c, 28 :: 		
0x019C	0x4608    MOVPL	R0, R1
;__Lib_MathDouble.c, 31 :: 		
0x019E	0xE004    B	__me_lab_end
;__Lib_MathDouble.c, 33 :: 		
__me_ovfl:
0x01A0	0x2800    CMP	R0, #0
;__Lib_MathDouble.c, 34 :: 		
0x01A2	0xF04F4000  MOV	R0, #-2147483648
;__Lib_MathDouble.c, 35 :: 		
0x01A6	0xBF58    IT	PL
;__Lib_MathDouble.c, 36 :: 		
0x01A8	0x1E40    SUBPL	R0, R0, #1
;__Lib_MathDouble.c, 37 :: 		
__me_lab_end:
;__Lib_MathDouble.c, 38 :: 		
0x01AA	0xE8BD4006  POP	(R1, R2, R14)
;__Lib_MathDouble.c, 40 :: 		
L_end__FloatToSignedIntegral:
0x01AE	0xB001    ADD	SP, SP, #4
0x01B0	0x4770    BX	LR
; end of __FloatToSignedIntegral
__SignedIntegralToFloat:
;__Lib_MathDouble.c, 186 :: 		
0x0130	0xB081    SUB	SP, SP, #4
;__Lib_MathDouble.c, 188 :: 		
0x0132	0x2800    CMP	R0, #0
;__Lib_MathDouble.c, 189 :: 		
0x0134	0xBF08    IT	EQ
;__Lib_MathDouble.c, 191 :: 		
0x0136	0xE019    BEQ	__me_lab_end
;__Lib_MathDouble.c, 193 :: 		
0x0138	0xB506    PUSH	(R1, R2, R14)
;__Lib_MathDouble.c, 195 :: 		
0x013A	0xBF54    ITE	PL
;__Lib_MathDouble.c, 196 :: 		
0x013C	0x4601    MOVPL	R1, R0
;__Lib_MathDouble.c, 197 :: 		
0x013E	0xF1D00100  RSBSMI	R1, R0, #0
;__Lib_MathDouble.c, 199 :: 		
0x0142	0xF04F029E  MOV	R2, #158
;__Lib_MathDouble.c, 201 :: 		
0x0146	0xD402    BMI	__me_lab1
;__Lib_MathDouble.c, 202 :: 		
__me_loop:
0x0148	0x1E52    SUBS	R2, R2, #1
;__Lib_MathDouble.c, 203 :: 		
0x014A	0x0049    LSLS	R1, R1, #1
;__Lib_MathDouble.c, 204 :: 		
0x014C	0xD5FC    BPL	__me_loop
;__Lib_MathDouble.c, 206 :: 		
__me_lab1:
0x014E	0x3180    ADDS	R1, #128
;__Lib_MathDouble.c, 207 :: 		
0x0150	0xBF2C    ITE	CS
;__Lib_MathDouble.c, 208 :: 		
0x0152	0x1C52    ADDCS	R2, R2, #1
;__Lib_MathDouble.c, 209 :: 		
0x0154	0x0049    LSLCC	R1, R1, #1
;__Lib_MathDouble.c, 211 :: 		
0x0156	0xEA4F2151  LSR	R1, R1, #9
;__Lib_MathDouble.c, 212 :: 		
0x015A	0xEA4151C2  ORR	R1, R1, R2, LSL #23
;__Lib_MathDouble.c, 213 :: 		
0x015E	0x2800    CMP	R0, #0
;__Lib_MathDouble.c, 214 :: 		
0x0160	0xBF4C    ITE	MI
;__Lib_MathDouble.c, 215 :: 		
0x0162	0xF0414000  ORRMI	R0, R1, #-2147483648
;__Lib_MathDouble.c, 216 :: 		
0x0166	0x4608    MOVPL	R0, R1
;__Lib_MathDouble.c, 218 :: 		
0x0168	0xE8BD4006  POP	(R1, R2, R14)
;__Lib_MathDouble.c, 219 :: 		
__me_lab_end:
;__Lib_MathDouble.c, 221 :: 		
L_end__SignedIntegralToFloat:
0x016C	0xB001    ADD	SP, SP, #4
0x016E	0x4770    BX	LR
; end of __SignedIntegralToFloat
__Sub_FP:
;__Lib_MathDouble.c, 539 :: 		
0x03A8	0xB081    SUB	SP, SP, #4
;__Lib_MathDouble.c, 541 :: 		
0x03AA	0xF0824200  EOR	R2, R2, #-2147483648
;__Lib_MathDouble.c, 542 :: 		
0x03AE	0xE92D41FA  PUSH	(R1, R3, R4, R5, R6, R7, R8, R14)
;__Lib_MathDouble.c, 544 :: 		
0x03B2	0xEA4F2402  LSL	R4, R2, #8
;__Lib_MathDouble.c, 545 :: 		
0x03B6	0xEA4F0542  LSL	R5, R2, #1
;__Lib_MathDouble.c, 546 :: 		
0x03BA	0x0E2D    LSRS	R5, R5, #24
;__Lib_MathDouble.c, 547 :: 		
0x03BC	0xD104    BNE	__me_lab1
;__Lib_MathDouble.c, 549 :: 		
0x03BE	0x2C00    CMP	R4, #0
;__Lib_MathDouble.c, 550 :: 		
0x03C0	0xBF18    IT	NE
;__Lib_MathDouble.c, 551 :: 		
0x03C2	0xF04F0000  MOVNE	R0, #0
;__Lib_MathDouble.c, 553 :: 		
0x03C6	0xE06C    B	__me_lab_end
;__Lib_MathDouble.c, 555 :: 		
__me_lab1:
0x03C8	0xF0444400  ORR	R4, R4, #-2147483648
;__Lib_MathDouble.c, 557 :: 		
0x03CC	0x2DFF    CMP	R5, #255
;__Lib_MathDouble.c, 559 :: 		
0x03CE	0xD05F    BEQ	__me_ovfl1
;__Lib_MathDouble.c, 561 :: 		
0x03D0	0xEA4F0494  LSR	R4, R4, #2
;__Lib_MathDouble.c, 562 :: 		
0x03D4	0x2A00    CMP	R2, #0
;__Lib_MathDouble.c, 563 :: 		
0x03D6	0xBF48    IT	MI
;__Lib_MathDouble.c, 564 :: 		
0x03D8	0x4264    RSBMI	R4, R4, #0
;__Lib_MathDouble.c, 566 :: 		
0x03DA	0xEA4F2100  LSL	R1, R0, #8
;__Lib_MathDouble.c, 567 :: 		
0x03DE	0xEA4F0340  LSL	R3, R0, #1
;__Lib_MathDouble.c, 568 :: 		
0x03E2	0x0E1B    LSRS	R3, R3, #24
;__Lib_MathDouble.c, 569 :: 		
0x03E4	0xD105    BNE	__me_lab2
;__Lib_MathDouble.c, 571 :: 		
0x03E6	0x2900    CMP	R1, #0
;__Lib_MathDouble.c, 572 :: 		
0x03E8	0xBF14    ITE	NE
;__Lib_MathDouble.c, 573 :: 		
0x03EA	0xF04F0000  MOVNE	R0, #0
;__Lib_MathDouble.c, 574 :: 		
0x03EE	0x4610    MOVEQ	R0, R2
;__Lib_MathDouble.c, 576 :: 		
0x03F0	0xE057    B	__me_lab_end
;__Lib_MathDouble.c, 578 :: 		
__me_lab2:
0x03F2	0xF0414100  ORR	R1, R1, #-2147483648
;__Lib_MathDouble.c, 580 :: 		
0x03F6	0x2BFF    CMP	R3, #255
;__Lib_MathDouble.c, 581 :: 		
0x03F8	0xD04B    BEQ	__me_ovfl0
;__Lib_MathDouble.c, 583 :: 		
0x03FA	0xEA4F0191  LSR	R1, R1, #2
;__Lib_MathDouble.c, 584 :: 		
0x03FE	0x2800    CMP	R0, #0
;__Lib_MathDouble.c, 585 :: 		
0x0400	0xBF48    IT	MI
;__Lib_MathDouble.c, 586 :: 		
0x0402	0x4249    RSBMI	R1, R1, #0
;__Lib_MathDouble.c, 588 :: 		
0x0404	0x1B5E    SUBS	R6, R3, R5
;__Lib_MathDouble.c, 589 :: 		
0x0406	0xBF41    ITTTT	MI
;__Lib_MathDouble.c, 590 :: 		
0x0408	0x460F    MOVMI	R7, R1
;__Lib_MathDouble.c, 591 :: 		
0x040A	0x4621    MOVMI	R1, R4
;__Lib_MathDouble.c, 592 :: 		
0x040C	0x463C    MOVMI	R4, R7
;__Lib_MathDouble.c, 593 :: 		
0x040E	0x4276    RSBMI	R6, R6, #0
;__Lib_MathDouble.c, 594 :: 		
0x0410	0xBF48    IT	MI
;__Lib_MathDouble.c, 595 :: 		
0x0412	0x462B    MOVMI	R3, R5
;__Lib_MathDouble.c, 597 :: 		
0x0414	0x2E19    CMP	R6, #25
;__Lib_MathDouble.c, 598 :: 		
0x0416	0xBF47    ITTEE	MI
;__Lib_MathDouble.c, 599 :: 		
0x0418	0xFA44F706  ASRMI	R7, R4, R6
;__Lib_MathDouble.c, 600 :: 		
0x041C	0x19C9    ADDMI	R1, R1, R7
;__Lib_MathDouble.c, 601 :: 		
0x041E	0xF04F0800  MOVPL	R8, #0
;__Lib_MathDouble.c, 602 :: 		
0x0422	0xE003    BPL	__me_skip_sticky
;__Lib_MathDouble.c, 603 :: 		
0x0424	0xF1C6071C  RSB	R7, R6, #28
;__Lib_MathDouble.c, 604 :: 		
0x0428	0xFA04F807  LSL	R8, R4, R7
;__Lib_MathDouble.c, 606 :: 		
__me_skip_sticky:
;__Lib_MathDouble.c, 607 :: 		
0x042C	0x2900    CMP	R1, #0
;__Lib_MathDouble.c, 608 :: 		
0x042E	0xBF04    ITT	EQ
;__Lib_MathDouble.c, 609 :: 		
0x0430	0xF04F0000  MOVEQ	R0, #0
;__Lib_MathDouble.c, 611 :: 		
0x0434	0xE035    BEQ	__me_lab_end
;__Lib_MathDouble.c, 612 :: 		
0x0436	0xBF46    ITTE	MI
;__Lib_MathDouble.c, 613 :: 		
0x0438	0x4249    RSBMI	R1, R1, #0
;__Lib_MathDouble.c, 614 :: 		
0x043A	0xF04F0701  MOVMI	R7, #1
;__Lib_MathDouble.c, 615 :: 		
0x043E	0xF04F0700  MOVPL	R7, #0
;__Lib_MathDouble.c, 617 :: 		
__me_loop:
0x0442	0xF1A30301  SUB	R3, R3, #1
;__Lib_MathDouble.c, 618 :: 		
0x0446	0x0049    LSLS	R1, R1, #1
;__Lib_MathDouble.c, 619 :: 		
0x0448	0xD5FB    BPL	__me_loop
;__Lib_MathDouble.c, 621 :: 		
0x044A	0xF0110480  ANDS	R4, R1, #128
;__Lib_MathDouble.c, 622 :: 		
0x044E	0xD00D    BEQ	__me_no_round
;__Lib_MathDouble.c, 623 :: 		
0x0450	0xF0010520  AND	R5, R1, #32
;__Lib_MathDouble.c, 624 :: 		
0x0454	0xEA480805  ORR	R8, R8, R5, LSL #0
;__Lib_MathDouble.c, 625 :: 		
0x0458	0x3180    ADDS	R1, #128
;__Lib_MathDouble.c, 626 :: 		
0x045A	0xBF28    IT	CS
;__Lib_MathDouble.c, 627 :: 		
0x045C	0x1C5B    ADDCS	R3, R3, #1
;__Lib_MathDouble.c, 628 :: 		
0x045E	0xF0010440  AND	R4, R1, #64
;__Lib_MathDouble.c, 629 :: 		
0x0462	0xEA580804  ORRS	R8, R8, R4, LSL #0
;__Lib_MathDouble.c, 630 :: 		
0x0466	0xBF08    IT	EQ
;__Lib_MathDouble.c, 631 :: 		
0x0468	0xF4217180  BICEQ	R1, R1, #256
;__Lib_MathDouble.c, 633 :: 		
__me_no_round:
;__Lib_MathDouble.c, 634 :: 		
0x046C	0x1C9B    ADDS	R3, R3, #2
;__Lib_MathDouble.c, 635 :: 		
0x046E	0xBFDC    ITT	LE
;__Lib_MathDouble.c, 636 :: 		
0x0470	0xF04F0000  MOVLE	R0, #0
;__Lib_MathDouble.c, 638 :: 		
0x0474	0xE015    BLE	__me_lab_end
;__Lib_MathDouble.c, 639 :: 		
0x0476	0x2BFF    CMP	R3, #255
;__Lib_MathDouble.c, 640 :: 		
0x0478	0xD20D    BCS	__me_ovfl
;__Lib_MathDouble.c, 642 :: 		
0x047A	0xF02101FF  BIC	R1, R1, #255
;__Lib_MathDouble.c, 643 :: 		
0x047E	0xEA4F0141  LSL	R1, R1, #1
;__Lib_MathDouble.c, 645 :: 		
0x0482	0xEA4F2051  LSR	R0, R1, #9
;__Lib_MathDouble.c, 646 :: 		
0x0486	0xEA4050C3  ORR	R0, R0, R3, LSL #23
;__Lib_MathDouble.c, 647 :: 		
0x048A	0xEA4070C7  ORR	R0, R0, R7, LSL #31
;__Lib_MathDouble.c, 650 :: 		
0x048E	0xE008    B	__me_lab_end
;__Lib_MathDouble.c, 652 :: 		
__me_ovfl1:
0x0490	0x4610    MOV	R0, R2
;__Lib_MathDouble.c, 653 :: 		
__me_ovfl0:
0x0492	0xEA4F77D0  LSR	R7, R0, #31
;__Lib_MathDouble.c, 654 :: 		
__me_ovfl:
0x0496	0xEA4F77C7  LSL	R7, R7, #31
;__Lib_MathDouble.c, 655 :: 		
0x049A	0x20FF    MOVS	R0, #255
;__Lib_MathDouble.c, 656 :: 		
0x049C	0xEA4F50C0  LSL	R0, R0, #23
;__Lib_MathDouble.c, 657 :: 		
0x04A0	0x4338    ORRS	R0, R7
;__Lib_MathDouble.c, 658 :: 		
__me_lab_end:
;__Lib_MathDouble.c, 659 :: 		
0x04A2	0xE8BD41FA  POP	(R1, R3, R4, R5, R6, R7, R8, R14)
;__Lib_MathDouble.c, 661 :: 		
L_end__Sub_FP:
0x04A6	0xB001    ADD	SP, SP, #4
0x04A8	0x4770    BX	LR
; end of __Sub_FP
__Lib_CMath_eval_poly:
;__Lib_CMath.c, 117 :: 		
; n start address is: 8 (R2)
; d start address is: 4 (R1)
; x start address is: 0 (R0)
0x04AC	0xB081    SUB	SP, SP, #4
0x04AE	0xF8CDE000  STR	LR, [SP, #0]
; n end address is: 8 (R2)
; d end address is: 4 (R1)
; x end address is: 0 (R0)
; x start address is: 0 (R0)
; d start address is: 4 (R1)
; n start address is: 8 (R2)
;__Lib_CMath.c, 120 :: 		
0x04B2	0x0093    LSLS	R3, R2, #2
0x04B4	0x18CB    ADDS	R3, R1, R3
0x04B6	0x681B    LDR	R3, [R3, #0]
; res start address is: 16 (R4)
0x04B8	0x461C    MOV	R4, R3
; x end address is: 0 (R0)
; d end address is: 4 (R1)
; n end address is: 8 (R2)
; res end address is: 16 (R4)
0x04BA	0x4682    MOV	R10, R0
0x04BC	0x4620    MOV	R0, R4
0x04BE	0x4689    MOV	R9, R1
0x04C0	0xFA0FF882  SXTH	R8, R2
;__Lib_CMath.c, 121 :: 		
L___Lib_CMath_eval_poly17:
; res start address is: 0 (R0)
; x start address is: 40 (R10)
; d start address is: 36 (R9)
; n start address is: 32 (R8)
; d start address is: 36 (R9)
; d end address is: 36 (R9)
; x start address is: 40 (R10)
; x end address is: 40 (R10)
0x04C4	0xF1B80F00  CMP	R8, #0
0x04C8	0xD010    BEQ	L___Lib_CMath_eval_poly18
; d end address is: 36 (R9)
; x end address is: 40 (R10)
;__Lib_CMath.c, 122 :: 		
; x start address is: 40 (R10)
; d start address is: 36 (R9)
0x04CA	0x4652    MOV	R2, R10
0x04CC	0xF7FFFF26  BL	__Mul_FP+0
; res end address is: 0 (R0)
0x04D0	0xF1A80301  SUB	R3, R8, #1
0x04D4	0xB21B    SXTH	R3, R3
; n end address is: 32 (R8)
; n start address is: 44 (R11)
0x04D6	0xFA0FFB83  SXTH	R11, R3
0x04DA	0x009B    LSLS	R3, R3, #2
0x04DC	0xEB090303  ADD	R3, R9, R3, LSL #0
0x04E0	0x681A    LDR	R2, [R3, #0]
0x04E2	0xF7FFFE9B  BL	__Add_FP+0
; res start address is: 0 (R0)
; d end address is: 36 (R9)
; x end address is: 40 (R10)
; n end address is: 44 (R11)
0x04E6	0xFA0FF88B  SXTH	R8, R11
0x04EA	0xE7EB    B	L___Lib_CMath_eval_poly17
L___Lib_CMath_eval_poly18:
;__Lib_CMath.c, 124 :: 		
; res end address is: 0 (R0)
;__Lib_CMath.c, 125 :: 		
L_end_eval_poly:
0x04EC	0xF8DDE000  LDR	LR, [SP, #0]
0x04F0	0xB001    ADD	SP, SP, #4
0x04F2	0x4770    BX	LR
; end of __Lib_CMath_eval_poly
__Mul_FP:
;__Lib_MathDouble.c, 666 :: 		
0x031C	0xB081    SUB	SP, SP, #4
;__Lib_MathDouble.c, 668 :: 		
0x031E	0xB5FA    PUSH	(R1, R3, R4, R5, R6, R7, R14)
;__Lib_MathDouble.c, 670 :: 		
0x0320	0xEA900602  EORS	R6, R0, R2, LSL #0
;__Lib_MathDouble.c, 671 :: 		
0x0324	0xBF4C    ITE	MI
;__Lib_MathDouble.c, 672 :: 		
0x0326	0xF04F4600  MOVMI	R6, #-2147483648
;__Lib_MathDouble.c, 673 :: 		
0x032A	0xF04F0600  MOVPL	R6, #0
;__Lib_MathDouble.c, 675 :: 		
0x032E	0xEA4F2100  LSL	R1, R0, #8
;__Lib_MathDouble.c, 676 :: 		
0x0332	0xEA4F0340  LSL	R3, R0, #1
;__Lib_MathDouble.c, 677 :: 		
0x0336	0x0E1B    LSRS	R3, R3, #24
;__Lib_MathDouble.c, 678 :: 		
0x0338	0xBF12    ITEE	NE
;__Lib_MathDouble.c, 679 :: 		
0x033A	0xF0414100  ORRNE	R1, R1, #-2147483648
;__Lib_MathDouble.c, 681 :: 		
0x033E	0xF04F0000  MOVEQ	R0, #0
;__Lib_MathDouble.c, 683 :: 		
0x0342	0xE02C    BEQ	__me_lab_end
;__Lib_MathDouble.c, 685 :: 		
0x0344	0x2BFF    CMP	R3, #255
;__Lib_MathDouble.c, 686 :: 		
0x0346	0xD026    BEQ	__me_ovfl
;__Lib_MathDouble.c, 688 :: 		
0x0348	0xEA4F2402  LSL	R4, R2, #8
;__Lib_MathDouble.c, 689 :: 		
0x034C	0xEA4F0542  LSL	R5, R2, #1
;__Lib_MathDouble.c, 690 :: 		
0x0350	0x0E2D    LSRS	R5, R5, #24
;__Lib_MathDouble.c, 691 :: 		
0x0352	0xBF12    ITEE	NE
;__Lib_MathDouble.c, 692 :: 		
0x0354	0xF0444400  ORRNE	R4, R4, #-2147483648
;__Lib_MathDouble.c, 694 :: 		
0x0358	0xF04F0000  MOVEQ	R0, #0
;__Lib_MathDouble.c, 696 :: 		
0x035C	0xE01F    BEQ	__me_lab_end
;__Lib_MathDouble.c, 698 :: 		
0x035E	0x2DFF    CMP	R5, #255
;__Lib_MathDouble.c, 699 :: 		
0x0360	0xD019    BEQ	__me_ovfl
;__Lib_MathDouble.c, 701 :: 		
0x0362	0x195B    ADDS	R3, R3, R5
;__Lib_MathDouble.c, 703 :: 		
0x0364	0xFBA15404  UMULL	R5, R4, R1, R4
;__Lib_MathDouble.c, 705 :: 		
0x0368	0x2C00    CMP	R4, #0
;__Lib_MathDouble.c, 706 :: 		
0x036A	0xBF5C    ITT	PL
;__Lib_MathDouble.c, 707 :: 		
0x036C	0x0064    LSLPL	R4, R4, #1
;__Lib_MathDouble.c, 708 :: 		
0x036E	0x1E5B    SUBPL	R3, R3, #1
;__Lib_MathDouble.c, 710 :: 		
0x0370	0x3480    ADDS	R4, #128
;__Lib_MathDouble.c, 711 :: 		
0x0372	0xBF24    ITT	CS
;__Lib_MathDouble.c, 712 :: 		
0x0374	0x1C5B    ADDCS	R3, R3, #1
;__Lib_MathDouble.c, 713 :: 		
0x0376	0x0864    LSRCS	R4, R4, #1
;__Lib_MathDouble.c, 715 :: 		
0x0378	0x3B7E    SUBS	R3, #126
;__Lib_MathDouble.c, 716 :: 		
0x037A	0xBFDC    ITT	LE
;__Lib_MathDouble.c, 717 :: 		
0x037C	0xF04F0000  MOVLE	R0, #0
;__Lib_MathDouble.c, 719 :: 		
0x0380	0xE00D    BLE	__me_lab_end
;__Lib_MathDouble.c, 721 :: 		
0x0382	0x2BFF    CMP	R3, #255
;__Lib_MathDouble.c, 722 :: 		
0x0384	0xD207    BCS	__me_ovfl
;__Lib_MathDouble.c, 724 :: 		
0x0386	0xEA4F2014  LSR	R0, R4, #8
;__Lib_MathDouble.c, 725 :: 		
0x038A	0xF4300000  BICS	R0, R0, #8388608
;__Lib_MathDouble.c, 726 :: 		
0x038E	0xEA4050C3  ORR	R0, R0, R3, LSL #23
;__Lib_MathDouble.c, 727 :: 		
0x0392	0x4330    ORRS	R0, R6
;__Lib_MathDouble.c, 730 :: 		
0x0394	0xE003    B	__me_lab_end
;__Lib_MathDouble.c, 732 :: 		
__me_ovfl:
0x0396	0x27FF    MOVS	R7, #255
;__Lib_MathDouble.c, 733 :: 		
0x0398	0x05FF    LSLS	R7, R7, #23
;__Lib_MathDouble.c, 734 :: 		
0x039A	0xEA460007  ORR	R0, R6, R7, LSL #0
;__Lib_MathDouble.c, 735 :: 		
__me_lab_end:
;__Lib_MathDouble.c, 736 :: 		
0x039E	0xE8BD40FA  POP	(R1, R3, R4, R5, R6, R7, R14)
;__Lib_MathDouble.c, 738 :: 		
L_end__Mul_FP:
0x03A2	0xB001    ADD	SP, SP, #4
0x03A4	0x4770    BX	LR
; end of __Mul_FP
__Add_FP:
;__Lib_MathDouble.c, 413 :: 		
0x021C	0xB081    SUB	SP, SP, #4
;__Lib_MathDouble.c, 415 :: 		
0x021E	0xE92D41FA  PUSH	(R1, R3, R4, R5, R6, R7, R8, R14)
;__Lib_MathDouble.c, 417 :: 		
0x0222	0xEA4F2402  LSL	R4, R2, #8
;__Lib_MathDouble.c, 418 :: 		
0x0226	0xEA4F0542  LSL	R5, R2, #1
;__Lib_MathDouble.c, 419 :: 		
0x022A	0x0E2D    LSRS	R5, R5, #24
;__Lib_MathDouble.c, 420 :: 		
0x022C	0xD104    BNE	__me_lab1
;__Lib_MathDouble.c, 422 :: 		
0x022E	0x2C00    CMP	R4, #0
;__Lib_MathDouble.c, 423 :: 		
0x0230	0xBF18    IT	NE
;__Lib_MathDouble.c, 424 :: 		
0x0232	0xF04F0000  MOVNE	R0, #0
;__Lib_MathDouble.c, 426 :: 		
0x0236	0xE06C    B	__me_lab_end
;__Lib_MathDouble.c, 428 :: 		
__me_lab1:
0x0238	0xF0444400  ORR	R4, R4, #-2147483648
;__Lib_MathDouble.c, 430 :: 		
0x023C	0x2DFF    CMP	R5, #255
;__Lib_MathDouble.c, 432 :: 		
0x023E	0xD05F    BEQ	__me_ovfl1
;__Lib_MathDouble.c, 434 :: 		
0x0240	0xEA4F0494  LSR	R4, R4, #2
;__Lib_MathDouble.c, 435 :: 		
0x0244	0x2A00    CMP	R2, #0
;__Lib_MathDouble.c, 436 :: 		
0x0246	0xBF48    IT	MI
;__Lib_MathDouble.c, 437 :: 		
0x0248	0x4264    RSBMI	R4, R4, #0
;__Lib_MathDouble.c, 439 :: 		
0x024A	0xEA4F2100  LSL	R1, R0, #8
;__Lib_MathDouble.c, 440 :: 		
0x024E	0xEA4F0340  LSL	R3, R0, #1
;__Lib_MathDouble.c, 441 :: 		
0x0252	0x0E1B    LSRS	R3, R3, #24
;__Lib_MathDouble.c, 442 :: 		
0x0254	0xD105    BNE	__me_lab2
;__Lib_MathDouble.c, 444 :: 		
0x0256	0x2900    CMP	R1, #0
;__Lib_MathDouble.c, 445 :: 		
0x0258	0xBF14    ITE	NE
;__Lib_MathDouble.c, 446 :: 		
0x025A	0xF04F0000  MOVNE	R0, #0
;__Lib_MathDouble.c, 447 :: 		
0x025E	0x4610    MOVEQ	R0, R2
;__Lib_MathDouble.c, 449 :: 		
0x0260	0xE057    B	__me_lab_end
;__Lib_MathDouble.c, 451 :: 		
__me_lab2:
0x0262	0xF0414100  ORR	R1, R1, #-2147483648
;__Lib_MathDouble.c, 453 :: 		
0x0266	0x2BFF    CMP	R3, #255
;__Lib_MathDouble.c, 454 :: 		
0x0268	0xD04B    BEQ	__me_ovfl0
;__Lib_MathDouble.c, 456 :: 		
0x026A	0xEA4F0191  LSR	R1, R1, #2
;__Lib_MathDouble.c, 457 :: 		
0x026E	0x2800    CMP	R0, #0
;__Lib_MathDouble.c, 458 :: 		
0x0270	0xBF48    IT	MI
;__Lib_MathDouble.c, 459 :: 		
0x0272	0x4249    RSBMI	R1, R1, #0
;__Lib_MathDouble.c, 461 :: 		
0x0274	0x1B5E    SUBS	R6, R3, R5
;__Lib_MathDouble.c, 462 :: 		
0x0276	0xBF41    ITTTT	MI
;__Lib_MathDouble.c, 463 :: 		
0x0278	0x460F    MOVMI	R7, R1
;__Lib_MathDouble.c, 464 :: 		
0x027A	0x4621    MOVMI	R1, R4
;__Lib_MathDouble.c, 465 :: 		
0x027C	0x463C    MOVMI	R4, R7
;__Lib_MathDouble.c, 466 :: 		
0x027E	0x4276    RSBMI	R6, R6, #0
;__Lib_MathDouble.c, 467 :: 		
0x0280	0xBF48    IT	MI
;__Lib_MathDouble.c, 468 :: 		
0x0282	0x462B    MOVMI	R3, R5
;__Lib_MathDouble.c, 470 :: 		
0x0284	0x2E19    CMP	R6, #25
;__Lib_MathDouble.c, 471 :: 		
0x0286	0xBF47    ITTEE	MI
;__Lib_MathDouble.c, 472 :: 		
0x0288	0xFA44F706  ASRMI	R7, R4, R6
;__Lib_MathDouble.c, 473 :: 		
0x028C	0x19C9    ADDMI	R1, R1, R7
;__Lib_MathDouble.c, 474 :: 		
0x028E	0xF04F0800  MOVPL	R8, #0
;__Lib_MathDouble.c, 475 :: 		
0x0292	0xE003    BPL	__me_skip_sticky
;__Lib_MathDouble.c, 476 :: 		
0x0294	0xF1C6071C  RSB	R7, R6, #28
;__Lib_MathDouble.c, 477 :: 		
0x0298	0xFA04F807  LSL	R8, R4, R7
;__Lib_MathDouble.c, 479 :: 		
__me_skip_sticky:
;__Lib_MathDouble.c, 480 :: 		
0x029C	0x2900    CMP	R1, #0
;__Lib_MathDouble.c, 481 :: 		
0x029E	0xBF04    ITT	EQ
;__Lib_MathDouble.c, 482 :: 		
0x02A0	0xF04F0000  MOVEQ	R0, #0
;__Lib_MathDouble.c, 484 :: 		
0x02A4	0xE035    BEQ	__me_lab_end
;__Lib_MathDouble.c, 485 :: 		
0x02A6	0xBF46    ITTE	MI
;__Lib_MathDouble.c, 486 :: 		
0x02A8	0x4249    RSBMI	R1, R1, #0
;__Lib_MathDouble.c, 487 :: 		
0x02AA	0xF04F0701  MOVMI	R7, #1
;__Lib_MathDouble.c, 488 :: 		
0x02AE	0xF04F0700  MOVPL	R7, #0
;__Lib_MathDouble.c, 490 :: 		
__me_loop:
0x02B2	0xF1A30301  SUB	R3, R3, #1
;__Lib_MathDouble.c, 491 :: 		
0x02B6	0x0049    LSLS	R1, R1, #1
;__Lib_MathDouble.c, 492 :: 		
0x02B8	0xD5FB    BPL	__me_loop
;__Lib_MathDouble.c, 494 :: 		
0x02BA	0xF0110480  ANDS	R4, R1, #128
;__Lib_MathDouble.c, 495 :: 		
0x02BE	0xD00D    BEQ	__me_no_round
;__Lib_MathDouble.c, 496 :: 		
0x02C0	0xF0010520  AND	R5, R1, #32
;__Lib_MathDouble.c, 497 :: 		
0x02C4	0xEA480805  ORR	R8, R8, R5, LSL #0
;__Lib_MathDouble.c, 498 :: 		
0x02C8	0x3180    ADDS	R1, #128
;__Lib_MathDouble.c, 499 :: 		
0x02CA	0xBF28    IT	CS
;__Lib_MathDouble.c, 500 :: 		
0x02CC	0x1C5B    ADDCS	R3, R3, #1
;__Lib_MathDouble.c, 501 :: 		
0x02CE	0xF0010440  AND	R4, R1, #64
;__Lib_MathDouble.c, 502 :: 		
0x02D2	0xEA580804  ORRS	R8, R8, R4, LSL #0
;__Lib_MathDouble.c, 503 :: 		
0x02D6	0xBF08    IT	EQ
;__Lib_MathDouble.c, 504 :: 		
0x02D8	0xF4217180  BICEQ	R1, R1, #256
;__Lib_MathDouble.c, 506 :: 		
__me_no_round:
;__Lib_MathDouble.c, 507 :: 		
0x02DC	0x1C9B    ADDS	R3, R3, #2
;__Lib_MathDouble.c, 508 :: 		
0x02DE	0xBFDC    ITT	LE
;__Lib_MathDouble.c, 509 :: 		
0x02E0	0xF04F0000  MOVLE	R0, #0
;__Lib_MathDouble.c, 511 :: 		
0x02E4	0xE015    BLE	__me_lab_end
;__Lib_MathDouble.c, 512 :: 		
0x02E6	0x2BFF    CMP	R3, #255
;__Lib_MathDouble.c, 513 :: 		
0x02E8	0xD20D    BCS	__me_ovfl
;__Lib_MathDouble.c, 515 :: 		
0x02EA	0xF02101FF  BIC	R1, R1, #255
;__Lib_MathDouble.c, 516 :: 		
0x02EE	0xEA4F0141  LSL	R1, R1, #1
;__Lib_MathDouble.c, 518 :: 		
0x02F2	0xEA4F2051  LSR	R0, R1, #9
;__Lib_MathDouble.c, 519 :: 		
0x02F6	0xEA4050C3  ORR	R0, R0, R3, LSL #23
;__Lib_MathDouble.c, 520 :: 		
0x02FA	0xEA4070C7  ORR	R0, R0, R7, LSL #31
;__Lib_MathDouble.c, 523 :: 		
0x02FE	0xE008    B	__me_lab_end
;__Lib_MathDouble.c, 525 :: 		
__me_ovfl1:
0x0300	0x4610    MOV	R0, R2
;__Lib_MathDouble.c, 526 :: 		
__me_ovfl0:
0x0302	0xEA4F77D0  LSR	R7, R0, #31
;__Lib_MathDouble.c, 527 :: 		
__me_ovfl:
0x0306	0xEA4F77C7  LSL	R7, R7, #31
;__Lib_MathDouble.c, 528 :: 		
0x030A	0x20FF    MOVS	R0, #255
;__Lib_MathDouble.c, 529 :: 		
0x030C	0xEA4F50C0  LSL	R0, R0, #23
;__Lib_MathDouble.c, 530 :: 		
0x0310	0x4338    ORRS	R0, R7
;__Lib_MathDouble.c, 531 :: 		
__me_lab_end:
;__Lib_MathDouble.c, 532 :: 		
0x0312	0xE8BD41FA  POP	(R1, R3, R4, R5, R6, R7, R8, R14)
;__Lib_MathDouble.c, 534 :: 		
L_end__Add_FP:
0x0316	0xB001    ADD	SP, SP, #4
0x0318	0x4770    BX	LR
; end of __Add_FP
__Div_FP:
;__Lib_MathDouble.c, 743 :: 		
0x04F4	0xB081    SUB	SP, SP, #4
;__Lib_MathDouble.c, 745 :: 		
0x04F6	0xB5FA    PUSH	(R1, R3, R4, R5, R6, R7, R14)
;__Lib_MathDouble.c, 746 :: 		
0x04F8	0xEA900602  EORS	R6, R0, R2, LSL #0
;__Lib_MathDouble.c, 747 :: 		
0x04FC	0xBF4C    ITE	MI
;__Lib_MathDouble.c, 748 :: 		
0x04FE	0xF04F4600  MOVMI	R6, #-2147483648
;__Lib_MathDouble.c, 749 :: 		
0x0502	0xF04F0600  MOVPL	R6, #0
;__Lib_MathDouble.c, 751 :: 		
0x0506	0x0201    LSLS	R1, R0, #8
;__Lib_MathDouble.c, 752 :: 		
0x0508	0x0043    LSLS	R3, R0, #1
;__Lib_MathDouble.c, 753 :: 		
0x050A	0x0E1B    LSRS	R3, R3, #24
;__Lib_MathDouble.c, 754 :: 		
0x050C	0xBF12    ITEE	NE
;__Lib_MathDouble.c, 755 :: 		
0x050E	0xF0414100  ORRNE	R1, R1, #-2147483648
;__Lib_MathDouble.c, 757 :: 		
0x0512	0xF04F0000  MOVEQ	R0, #0
;__Lib_MathDouble.c, 759 :: 		
0x0516	0xE03B    BEQ	__me_lab_end
;__Lib_MathDouble.c, 761 :: 		
0x0518	0x2BFF    CMP	R3, #255
;__Lib_MathDouble.c, 762 :: 		
0x051A	0xD035    BEQ	__me_ovfl
;__Lib_MathDouble.c, 764 :: 		
0x051C	0xEA5F2402  LSLS	R4, R2, #8
;__Lib_MathDouble.c, 765 :: 		
0x0520	0xEA5F0542  LSLS	R5, R2, #1
;__Lib_MathDouble.c, 766 :: 		
0x0524	0xEA5F6515  LSRS	R5, R5, #24
;__Lib_MathDouble.c, 767 :: 		
0x0528	0xBF11    ITEEE	NE
;__Lib_MathDouble.c, 769 :: 		
0x052A	0xF0444400  ORRNE	R4, R4, #-2147483648
;__Lib_MathDouble.c, 770 :: 		
0x052E	0xF04F40FF  MOVEQ	R0, #2139095040
;__Lib_MathDouble.c, 771 :: 		
0x0532	0x4330    ORREQ	R0, R6
;__Lib_MathDouble.c, 773 :: 		
0x0534	0xE02C    BEQ	__me_lab_end
;__Lib_MathDouble.c, 775 :: 		
0x0536	0x2DFF    CMP	R5, #255
;__Lib_MathDouble.c, 776 :: 		
0x0538	0xD026    BEQ	__me_ovfl
;__Lib_MathDouble.c, 778 :: 		
0x053A	0x1B5B    SUBS	R3, R3, R5
;__Lib_MathDouble.c, 781 :: 		
0x053C	0x2000    MOVS	R0, #0
;__Lib_MathDouble.c, 782 :: 		
0x053E	0x2720    MOVS	R7, #32
;__Lib_MathDouble.c, 783 :: 		
0x0540	0x0864    LSRS	R4, R4, #1
;__Lib_MathDouble.c, 784 :: 		
0x0542	0x0849    LSRS	R1, R1, #1
;__Lib_MathDouble.c, 786 :: 		
__me_fdiv_:
;__Lib_MathDouble.c, 788 :: 		
0x0544	0x42A1    CMP	R1, R4
;__Lib_MathDouble.c, 790 :: 		
0x0546	0xEB400000  ADC	R0, R0, R0, LSL #0
;__Lib_MathDouble.c, 791 :: 		
0x054A	0xBF28    IT	CS
;__Lib_MathDouble.c, 792 :: 		
0x054C	0x1B09    SUBCS	R1, R1, R4
;__Lib_MathDouble.c, 793 :: 		
0x054E	0x1E7F    SUBS	R7, R7, #1
;__Lib_MathDouble.c, 794 :: 		
0x0550	0xD004    BEQ	__me_flb1_
;__Lib_MathDouble.c, 795 :: 		
0x0552	0x2900    CMP	R1, #0
;__Lib_MathDouble.c, 796 :: 		
0x0554	0xBF18    IT	NE
;__Lib_MathDouble.c, 797 :: 		
0x0556	0x0049    LSLNE	R1, R1, #1
;__Lib_MathDouble.c, 798 :: 		
0x0558	0xD1F4    BNE	__me_fdiv_
;__Lib_MathDouble.c, 800 :: 		
0x055A	0x40B8    LSLS	R0, R7
;__Lib_MathDouble.c, 802 :: 		
__me_flb1_:
0x055C	0xF0104F00  TST	R0, #-2147483648
;__Lib_MathDouble.c, 803 :: 		
0x0560	0xBF04    ITT	EQ
;__Lib_MathDouble.c, 804 :: 		
0x0562	0x0040    LSLEQ	R0, R0, #1
;__Lib_MathDouble.c, 805 :: 		
0x0564	0xF1B30301  SUBSEQ	R3, R3, #1
;__Lib_MathDouble.c, 807 :: 		
0x0568	0x3080    ADDS	R0, #128
;__Lib_MathDouble.c, 808 :: 		
0x056A	0xBF2C    ITE	CS
;__Lib_MathDouble.c, 809 :: 		
0x056C	0x1C5B    ADDCS	R3, R3, #1
;__Lib_MathDouble.c, 810 :: 		
0x056E	0x0040    LSLCC	R0, R0, #1
;__Lib_MathDouble.c, 812 :: 		
__me_flb2_:
0x0570	0x337F    ADDS	R3, #127
;__Lib_MathDouble.c, 813 :: 		
0x0572	0xBFDC    ITT	LE
;__Lib_MathDouble.c, 814 :: 		
0x0574	0xF04F0000  MOVLE	R0, #0
;__Lib_MathDouble.c, 816 :: 		
0x0578	0xE00A    BLE	__me_lab_end
;__Lib_MathDouble.c, 818 :: 		
0x057A	0x2BFF    CMP	R3, #255
;__Lib_MathDouble.c, 819 :: 		
0x057C	0xD204    BCS	__me_ovfl
;__Lib_MathDouble.c, 821 :: 		
0x057E	0x0A40    LSRS	R0, R0, #9
;__Lib_MathDouble.c, 822 :: 		
0x0580	0xEA4050C3  ORR	R0, R0, R3, LSL #23
;__Lib_MathDouble.c, 823 :: 		
0x0584	0x4330    ORRS	R0, R6
;__Lib_MathDouble.c, 826 :: 		
0x0586	0xE003    B	__me_lab_end
;__Lib_MathDouble.c, 828 :: 		
__me_ovfl:
0x0588	0x27FF    MOVS	R7, #255
;__Lib_MathDouble.c, 829 :: 		
0x058A	0x05FF    LSLS	R7, R7, #23
;__Lib_MathDouble.c, 830 :: 		
0x058C	0xEA560007  ORRS	R0, R6, R7, LSL #0
;__Lib_MathDouble.c, 831 :: 		
__me_lab_end:
;__Lib_MathDouble.c, 832 :: 		
0x0590	0xE8BD40FA  POP	(R1, R3, R4, R5, R6, R7, R14)
;__Lib_MathDouble.c, 834 :: 		
L_end__Div_FP:
0x0594	0xB001    ADD	SP, SP, #4
0x0596	0x4770    BX	LR
; end of __Div_FP
___CC2DW:
;__Lib_System_101_102_103.c, 27 :: 		
0x0858	0xB081    SUB	SP, SP, #4
;__Lib_System_101_102_103.c, 29 :: 		
L_loopDW:
;__Lib_System_101_102_103.c, 30 :: 		
0x085A	0xF81C9B01  LDRB	R9, [R12], #1
;__Lib_System_101_102_103.c, 31 :: 		
0x085E	0xF80B9B01  STRB	R9, [R11], #1
;__Lib_System_101_102_103.c, 32 :: 		
0x0862	0xEBBB0F0A  CMP	R11, R10, LSL #0
;__Lib_System_101_102_103.c, 33 :: 		
0x0866	0xD1F8    BNE	L_loopDW
;__Lib_System_101_102_103.c, 35 :: 		
L_end___CC2DW:
0x0868	0xB001    ADD	SP, SP, #4
0x086A	0x4770    BX	LR
; end of ___CC2DW
___FillZeros:
;__Lib_System_101_102_103.c, 69 :: 		
0x07A0	0xB081    SUB	SP, SP, #4
;__Lib_System_101_102_103.c, 71 :: 		
0x07A2	0xF04F0900  MOV	R9, #0
;__Lib_System_101_102_103.c, 72 :: 		
0x07A6	0xF04F0C00  MOV	R12, #0
;__Lib_System_101_102_103.c, 73 :: 		
0x07AA	0xEBBD0F0A  CMP	SP, R10, LSL #0
;__Lib_System_101_102_103.c, 74 :: 		
0x07AE	0xDC04    BGT	L_loopFZs
;__Lib_System_101_102_103.c, 75 :: 		
0x07B0	0xEBBD0F0B  CMP	SP, R11, LSL #0
;__Lib_System_101_102_103.c, 76 :: 		
0x07B4	0xDB01    BLT	L_loopFZs
;__Lib_System_101_102_103.c, 77 :: 		
0x07B6	0x46D4    MOV	R12, R10
;__Lib_System_101_102_103.c, 78 :: 		
0x07B8	0x46EA    MOV	R10, SP
;__Lib_System_101_102_103.c, 79 :: 		
L_loopFZs:
;__Lib_System_101_102_103.c, 80 :: 		
0x07BA	0xF84B9B04  STR	R9, [R11], #4
;__Lib_System_101_102_103.c, 81 :: 		
0x07BE	0xEBBB0F0A  CMP	R11, R10, LSL #0
;__Lib_System_101_102_103.c, 82 :: 		
0x07C2	0xD1FA    BNE	L_loopFZs
;__Lib_System_101_102_103.c, 83 :: 		
0x07C4	0xEBBC0F0A  CMP	R12, R10, LSL #0
;__Lib_System_101_102_103.c, 84 :: 		
0x07C8	0xDD05    BLE	L_norep
;__Lib_System_101_102_103.c, 85 :: 		
0x07CA	0x46E2    MOV	R10, R12
;__Lib_System_101_102_103.c, 86 :: 		
0x07CC	0xF8D9B000  LDR	R11, [R9, #0]
;__Lib_System_101_102_103.c, 87 :: 		
0x07D0	0xF10B0B04  ADD	R11, R11, #4
;__Lib_System_101_102_103.c, 88 :: 		
0x07D4	0xE7F1    B	L_loopFZs
;__Lib_System_101_102_103.c, 89 :: 		
L_norep:
;__Lib_System_101_102_103.c, 91 :: 		
L_end___FillZeros:
0x07D6	0xB001    ADD	SP, SP, #4
0x07D8	0x4770    BX	LR
; end of ___FillZeros
__UnsignedIntegralToFloat:
;__Lib_MathDouble.c, 262 :: 		
0x082C	0xB081    SUB	SP, SP, #4
;__Lib_MathDouble.c, 264 :: 		
0x082E	0x2800    CMP	R0, #0
;__Lib_MathDouble.c, 265 :: 		
0x0830	0xBF08    IT	EQ
;__Lib_MathDouble.c, 267 :: 		
0x0832	0xE00F    BEQ	__me_lab_end
;__Lib_MathDouble.c, 269 :: 		
0x0834	0xB502    PUSH	(R1, R14)
;__Lib_MathDouble.c, 271 :: 		
0x0836	0xF04F029E  MOV	R2, #158
;__Lib_MathDouble.c, 272 :: 		
0x083A	0xD402    BMI	__me_label_cont
;__Lib_MathDouble.c, 274 :: 		
__me_loop:
0x083C	0x1E52    SUBS	R2, R2, #1
;__Lib_MathDouble.c, 275 :: 		
0x083E	0x0040    LSLS	R0, R0, #1
;__Lib_MathDouble.c, 277 :: 		
0x0840	0xD5FC    BPL	__me_loop
;__Lib_MathDouble.c, 279 :: 		
__me_label_cont:
0x0842	0x3080    ADDS	R0, #128
;__Lib_MathDouble.c, 280 :: 		
0x0844	0xBF2C    ITE	CS
;__Lib_MathDouble.c, 281 :: 		
0x0846	0x1C52    ADDCS	R2, R2, #1
;__Lib_MathDouble.c, 282 :: 		
0x0848	0x0040    LSLCC	R0, R0, #1
;__Lib_MathDouble.c, 284 :: 		
0x084A	0x0A40    LSRS	R0, R0, #9
;__Lib_MathDouble.c, 285 :: 		
0x084C	0xEA4050C2  ORR	R0, R0, R2, LSL #23
;__Lib_MathDouble.c, 287 :: 		
0x0850	0xE8BD4002  POP	(R1, R14)
;__Lib_MathDouble.c, 288 :: 		
__me_lab_end:
;__Lib_MathDouble.c, 290 :: 		
L_end__UnsignedIntegralToFloat:
0x0854	0xB001    ADD	SP, SP, #4
0x0856	0x4770    BX	LR
; end of __UnsignedIntegralToFloat
__Lib_System_101_102_103_InitialSetUpRCCRCC2:
;__Lib_System_101_102_103.c, 369 :: 		
0x0994	0xB082    SUB	SP, SP, #8
0x0996	0xF8CDE000  STR	LR, [SP, #0]
;__Lib_System_101_102_103.c, 372 :: 		
; ulRCC_CR start address is: 8 (R2)
0x099A	0x4A33    LDR	R2, [PC, #204]
;__Lib_System_101_102_103.c, 373 :: 		
; ulRCC_CFGR start address is: 12 (R3)
0x099C	0x4B33    LDR	R3, [PC, #204]
;__Lib_System_101_102_103.c, 374 :: 		
; Fosc_kHz start address is: 4 (R1)
0x099E	0x4934    LDR	R1, [PC, #208]
;__Lib_System_101_102_103.c, 381 :: 		
0x09A0	0xF64B3080  MOVW	R0, #48000
0x09A4	0x4281    CMP	R1, R0
0x09A6	0xD906    BLS	L___Lib_System_101_102_103_InitialSetUpRCCRCC231
; Fosc_kHz end address is: 4 (R1)
;__Lib_System_101_102_103.c, 382 :: 		
0x09A8	0x4832    LDR	R0, [PC, #200]
0x09AA	0x6800    LDR	R0, [R0, #0]
0x09AC	0xF0400102  ORR	R1, R0, #2
0x09B0	0x4830    LDR	R0, [PC, #192]
0x09B2	0x6001    STR	R1, [R0, #0]
0x09B4	0xE011    B	L___Lib_System_101_102_103_InitialSetUpRCCRCC232
L___Lib_System_101_102_103_InitialSetUpRCCRCC231:
;__Lib_System_101_102_103.c, 383 :: 		
; Fosc_kHz start address is: 4 (R1)
0x09B6	0xF64550C0  MOVW	R0, #24000
0x09BA	0x4281    CMP	R1, R0
0x09BC	0xD906    BLS	L___Lib_System_101_102_103_InitialSetUpRCCRCC233
; Fosc_kHz end address is: 4 (R1)
;__Lib_System_101_102_103.c, 384 :: 		
0x09BE	0x482D    LDR	R0, [PC, #180]
0x09C0	0x6800    LDR	R0, [R0, #0]
0x09C2	0xF0400101  ORR	R1, R0, #1
0x09C6	0x482B    LDR	R0, [PC, #172]
0x09C8	0x6001    STR	R1, [R0, #0]
0x09CA	0xE006    B	L___Lib_System_101_102_103_InitialSetUpRCCRCC234
L___Lib_System_101_102_103_InitialSetUpRCCRCC233:
;__Lib_System_101_102_103.c, 386 :: 		
0x09CC	0x4829    LDR	R0, [PC, #164]
0x09CE	0x6801    LDR	R1, [R0, #0]
0x09D0	0xF06F0007  MVN	R0, #7
0x09D4	0x4001    ANDS	R1, R0
0x09D6	0x4827    LDR	R0, [PC, #156]
0x09D8	0x6001    STR	R1, [R0, #0]
L___Lib_System_101_102_103_InitialSetUpRCCRCC234:
L___Lib_System_101_102_103_InitialSetUpRCCRCC232:
;__Lib_System_101_102_103.c, 388 :: 		
0x09DA	0xF7FFFEFF  BL	__Lib_System_101_102_103_SystemClockSetDefault+0
;__Lib_System_101_102_103.c, 390 :: 		
0x09DE	0x4826    LDR	R0, [PC, #152]
0x09E0	0x6003    STR	R3, [R0, #0]
;__Lib_System_101_102_103.c, 391 :: 		
0x09E2	0x4826    LDR	R0, [PC, #152]
0x09E4	0xEA020100  AND	R1, R2, R0, LSL #0
0x09E8	0x4825    LDR	R0, [PC, #148]
0x09EA	0x6001    STR	R1, [R0, #0]
;__Lib_System_101_102_103.c, 393 :: 		
0x09EC	0xF0020001  AND	R0, R2, #1
0x09F0	0xB140    CBZ	R0, L___Lib_System_101_102_103_InitialSetUpRCCRCC246
; ulRCC_CFGR end address is: 12 (R3)
; ulRCC_CR end address is: 8 (R2)
0x09F2	0x4619    MOV	R1, R3
;__Lib_System_101_102_103.c, 394 :: 		
L___Lib_System_101_102_103_InitialSetUpRCCRCC236:
; ulRCC_CFGR start address is: 4 (R1)
; ulRCC_CR start address is: 8 (R2)
0x09F4	0x4822    LDR	R0, [PC, #136]
0x09F6	0x6800    LDR	R0, [R0, #0]
0x09F8	0xF0000002  AND	R0, R0, #2
0x09FC	0x2800    CMP	R0, #0
0x09FE	0xD100    BNE	L___Lib_System_101_102_103_InitialSetUpRCCRCC237
;__Lib_System_101_102_103.c, 395 :: 		
0x0A00	0xE7F8    B	L___Lib_System_101_102_103_InitialSetUpRCCRCC236
L___Lib_System_101_102_103_InitialSetUpRCCRCC237:
;__Lib_System_101_102_103.c, 396 :: 		
; ulRCC_CFGR end address is: 4 (R1)
0x0A02	0xE000    B	L___Lib_System_101_102_103_InitialSetUpRCCRCC235
; ulRCC_CR end address is: 8 (R2)
L___Lib_System_101_102_103_InitialSetUpRCCRCC246:
;__Lib_System_101_102_103.c, 393 :: 		
0x0A04	0x4619    MOV	R1, R3
;__Lib_System_101_102_103.c, 396 :: 		
L___Lib_System_101_102_103_InitialSetUpRCCRCC235:
;__Lib_System_101_102_103.c, 398 :: 		
; ulRCC_CFGR start address is: 4 (R1)
; ulRCC_CR start address is: 8 (R2)
0x0A06	0xF4023080  AND	R0, R2, #65536
0x0A0A	0xB148    CBZ	R0, L___Lib_System_101_102_103_InitialSetUpRCCRCC247
; ulRCC_CR end address is: 8 (R2)
; ulRCC_CFGR end address is: 4 (R1)
;__Lib_System_101_102_103.c, 399 :: 		
L___Lib_System_101_102_103_InitialSetUpRCCRCC239:
; ulRCC_CR start address is: 8 (R2)
; ulRCC_CFGR start address is: 4 (R1)
0x0A0C	0x481C    LDR	R0, [PC, #112]
0x0A0E	0x6800    LDR	R0, [R0, #0]
0x0A10	0xF4003000  AND	R0, R0, #131072
0x0A14	0xB900    CBNZ	R0, L___Lib_System_101_102_103_InitialSetUpRCCRCC240
;__Lib_System_101_102_103.c, 400 :: 		
0x0A16	0xE7F9    B	L___Lib_System_101_102_103_InitialSetUpRCCRCC239
L___Lib_System_101_102_103_InitialSetUpRCCRCC240:
;__Lib_System_101_102_103.c, 401 :: 		
0x0A18	0x9201    STR	R2, [SP, #4]
; ulRCC_CFGR end address is: 4 (R1)
0x0A1A	0x460A    MOV	R2, R1
0x0A1C	0x9901    LDR	R1, [SP, #4]
0x0A1E	0xE002    B	L___Lib_System_101_102_103_InitialSetUpRCCRCC238
; ulRCC_CR end address is: 8 (R2)
L___Lib_System_101_102_103_InitialSetUpRCCRCC247:
;__Lib_System_101_102_103.c, 398 :: 		
0x0A20	0x9101    STR	R1, [SP, #4]
0x0A22	0x4611    MOV	R1, R2
0x0A24	0x9A01    LDR	R2, [SP, #4]
;__Lib_System_101_102_103.c, 401 :: 		
L___Lib_System_101_102_103_InitialSetUpRCCRCC238:
;__Lib_System_101_102_103.c, 403 :: 		
; ulRCC_CR start address is: 4 (R1)
; ulRCC_CFGR start address is: 8 (R2)
0x0A26	0xF0017080  AND	R0, R1, #16777216
; ulRCC_CR end address is: 4 (R1)
0x0A2A	0xB170    CBZ	R0, L___Lib_System_101_102_103_InitialSetUpRCCRCC248
;__Lib_System_101_102_103.c, 404 :: 		
0x0A2C	0x4814    LDR	R0, [PC, #80]
0x0A2E	0x6800    LDR	R0, [R0, #0]
0x0A30	0xF0407180  ORR	R1, R0, #16777216
0x0A34	0x4812    LDR	R0, [PC, #72]
0x0A36	0x6001    STR	R1, [R0, #0]
; ulRCC_CFGR end address is: 8 (R2)
0x0A38	0x4611    MOV	R1, R2
;__Lib_System_101_102_103.c, 405 :: 		
L___Lib_System_101_102_103_InitialSetUpRCCRCC242:
; ulRCC_CFGR start address is: 4 (R1)
0x0A3A	0x4811    LDR	R0, [PC, #68]
0x0A3C	0x6800    LDR	R0, [R0, #0]
0x0A3E	0xF0007000  AND	R0, R0, #33554432
0x0A42	0xB900    CBNZ	R0, L___Lib_System_101_102_103_InitialSetUpRCCRCC243
;__Lib_System_101_102_103.c, 406 :: 		
0x0A44	0xE7F9    B	L___Lib_System_101_102_103_InitialSetUpRCCRCC242
L___Lib_System_101_102_103_InitialSetUpRCCRCC243:
;__Lib_System_101_102_103.c, 407 :: 		
0x0A46	0x460A    MOV	R2, R1
0x0A48	0xE7FF    B	L___Lib_System_101_102_103_InitialSetUpRCCRCC241
; ulRCC_CFGR end address is: 4 (R1)
L___Lib_System_101_102_103_InitialSetUpRCCRCC248:
;__Lib_System_101_102_103.c, 403 :: 		
;__Lib_System_101_102_103.c, 407 :: 		
L___Lib_System_101_102_103_InitialSetUpRCCRCC241:
;__Lib_System_101_102_103.c, 410 :: 		
; ulRCC_CFGR start address is: 8 (R2)
; ulRCC_CFGR end address is: 8 (R2)
L___Lib_System_101_102_103_InitialSetUpRCCRCC244:
; ulRCC_CFGR start address is: 8 (R2)
0x0A4A	0x480B    LDR	R0, [PC, #44]
0x0A4C	0x6800    LDR	R0, [R0, #0]
0x0A4E	0xF000010C  AND	R1, R0, #12
0x0A52	0x0090    LSLS	R0, R2, #2
0x0A54	0xF000000C  AND	R0, R0, #12
0x0A58	0x4281    CMP	R1, R0
0x0A5A	0xD000    BEQ	L___Lib_System_101_102_103_InitialSetUpRCCRCC245
;__Lib_System_101_102_103.c, 411 :: 		
; ulRCC_CFGR end address is: 8 (R2)
0x0A5C	0xE7F5    B	L___Lib_System_101_102_103_InitialSetUpRCCRCC244
L___Lib_System_101_102_103_InitialSetUpRCCRCC245:
;__Lib_System_101_102_103.c, 413 :: 		
L_end_InitialSetUpRCCRCC2:
0x0A5E	0xF8DDE000  LDR	LR, [SP, #0]
0x0A62	0xB002    ADD	SP, SP, #8
0x0A64	0x4770    BX	LR
0x0A66	0xBF00    NOP
0x0A68	0x00810109  	#17367169
0x0A6C	0xC402005D  	#6145026
0x0A70	0x19400001  	#72000
0x0A74	0x20004002  	FLASH_ACR+0
0x0A78	0x10044002  	RCC_CFGR+0
0x0A7C	0xFFFF000F  	#1048575
0x0A80	0x10004002  	RCC_CR+0
; end of __Lib_System_101_102_103_InitialSetUpRCCRCC2
__Lib_System_101_102_103_SystemClockSetDefault:
;__Lib_System_101_102_103.c, 348 :: 		
0x07DC	0xB081    SUB	SP, SP, #4
;__Lib_System_101_102_103.c, 351 :: 		
0x07DE	0x480F    LDR	R0, [PC, #60]
0x07E0	0x6800    LDR	R0, [R0, #0]
0x07E2	0xF0400101  ORR	R1, R0, #1
0x07E6	0x480D    LDR	R0, [PC, #52]
0x07E8	0x6001    STR	R1, [R0, #0]
;__Lib_System_101_102_103.c, 354 :: 		
0x07EA	0x490D    LDR	R1, [PC, #52]
0x07EC	0x480D    LDR	R0, [PC, #52]
0x07EE	0x6001    STR	R1, [R0, #0]
;__Lib_System_101_102_103.c, 357 :: 		
0x07F0	0x480A    LDR	R0, [PC, #40]
0x07F2	0x6801    LDR	R1, [R0, #0]
0x07F4	0x480C    LDR	R0, [PC, #48]
0x07F6	0x4001    ANDS	R1, R0
0x07F8	0x4808    LDR	R0, [PC, #32]
0x07FA	0x6001    STR	R1, [R0, #0]
;__Lib_System_101_102_103.c, 360 :: 		
0x07FC	0x4807    LDR	R0, [PC, #28]
0x07FE	0x6801    LDR	R1, [R0, #0]
0x0800	0xF46F2080  MVN	R0, #262144
0x0804	0x4001    ANDS	R1, R0
0x0806	0x4805    LDR	R0, [PC, #20]
0x0808	0x6001    STR	R1, [R0, #0]
;__Lib_System_101_102_103.c, 363 :: 		
0x080A	0x4806    LDR	R0, [PC, #24]
0x080C	0x6801    LDR	R1, [R0, #0]
0x080E	0xF46F00FE  MVN	R0, #8323072
0x0812	0x4001    ANDS	R1, R0
0x0814	0x4803    LDR	R0, [PC, #12]
0x0816	0x6001    STR	R1, [R0, #0]
;__Lib_System_101_102_103.c, 367 :: 		
L_end_SystemClockSetDefault:
0x0818	0xB001    ADD	SP, SP, #4
0x081A	0x4770    BX	LR
0x081C	0x10004002  	RCC_CR+0
0x0820	0x0000F8FF  	#-117506048
0x0824	0x10044002  	RCC_CFGR+0
0x0828	0xFFFFFEF6  	#-17367041
; end of __Lib_System_101_102_103_SystemClockSetDefault
__Lib_System_101_102_103_InitialSetUpFosc:
;__Lib_System_101_102_103.c, 415 :: 		
0x08D4	0xB081    SUB	SP, SP, #4
;__Lib_System_101_102_103.c, 416 :: 		
0x08D6	0x4902    LDR	R1, [PC, #8]
0x08D8	0x4802    LDR	R0, [PC, #8]
0x08DA	0x6001    STR	R1, [R0, #0]
;__Lib_System_101_102_103.c, 417 :: 		
L_end_InitialSetUpFosc:
0x08DC	0xB001    ADD	SP, SP, #4
0x08DE	0x4770    BX	LR
0x08E0	0x19400001  	#72000
0x08E4	0x00002000  	___System_CLOCK_IN_KHZ+0
; end of __Lib_System_101_102_103_InitialSetUpFosc
___GenExcept:
;__Lib_System_101_102_103.c, 298 :: 		
0x08CC	0xB081    SUB	SP, SP, #4
;__Lib_System_101_102_103.c, 299 :: 		
L___GenExcept27:
0x08CE	0xE7FE    B	L___GenExcept27
;__Lib_System_101_102_103.c, 300 :: 		
L_end___GenExcept:
0x08D0	0xB001    ADD	SP, SP, #4
0x08D2	0x4770    BX	LR
; end of ___GenExcept
0x0AA8	0xB500    PUSH	(R14)
0x0AAA	0xF8DFB010  LDR	R11, [PC, #16]
0x0AAE	0xF8DFA010  LDR	R10, [PC, #16]
0x0AB2	0xF7FFFE75  BL	1952
0x0AB6	0xBD00    POP	(R15)
0x0AB8	0x4770    BX	LR
0x0ABA	0xBF00    NOP
0x0ABC	0x00002000  	#536870912
0x0AC0	0x00042000  	#536870916
;__Lib_CMath.c,264 :: sin_coeff_a_L0 [20]
0x0A84	0x484AF3EC ;sin_coeff_a_L0+0
0x0A88	0xC7959535 ;sin_coeff_a_L0+4
0x0A8C	0x45DCC117 ;sin_coeff_a_L0+8
0x0A90	0xC36DDBFD ;sin_coeff_a_L0+12
0x0A94	0x4033B372 ;sin_coeff_a_L0+16
; end of sin_coeff_a_L0
;__Lib_CMath.c,271 :: sin_coeff_b_L0 [16]
0x0A98	0x4801342B ;sin_coeff_b_L0+0
0x0A9C	0x45B09D7F ;sin_coeff_b_L0+4
0x0AA0	0x42D9FFE7 ;sin_coeff_b_L0+8
0x0AA4	0x3F800000 ;sin_coeff_b_L0+12
; end of sin_coeff_b_L0
Symbol List:
//** Routines locations **
//ADDRESS    SIZE    PROCEDURE
//----------------------------------------------
0x0130      [64]    __SignedIntegralToFloat
0x0170      [66]    __FloatToSignedIntegral
0x01B4     [104]    __Compare_FP
0x021C     [254]    __Add_FP
0x031C     [138]    __Mul_FP
0x03A8     [258]    __Sub_FP
0x04AC      [72]    __Lib_CMath_eval_poly
0x04F4     [164]    __Div_FP
0x0598     [124]    _floor
0x0614      [64]    _GPIO_setup
0x0654     [276]    _sin
0x0768      [56]    _DAC_setup
0x07A0      [58]    ___FillZeros
0x07DC      [80]    __Lib_System_101_102_103_SystemClockSetDefault
0x082C      [44]    __UnsignedIntegralToFloat
0x0858      [20]    ___CC2DW
0x086C      [72]    _cos
0x08B4      [22]    _setup
0x08CC       [8]    ___GenExcept
0x08D4      [20]    __Lib_System_101_102_103_InitialSetUpFosc
0x08E8     [172]    _main
0x0994     [240]    __Lib_System_101_102_103_InitialSetUpRCCRCC2
//** Variables locations ** 
//ADDRESS    SIZE    VARIABLE
//----------------------------------------------
0x20000000       [4]    ___System_CLOCK_IN_KHZ
//** Constants locations ** 
//ADDRESS    SIZE    CONSTANT
//----------------------------------------------
0x0A84      [20]    sin_coeff_a_L0
0x0A98      [16]    sin_coeff_b_L0
