0	1	mikroCARM.exe -MSF -DBG -pSTM32F103ZE -RA -BIN -APB -LHF -Y -DL -SSA -O11111115 -fo8 -N"C:\Users\Shawon\Desktop\STM32 External Interrupt Example\STM32 External Interrupt\EXTI_ex.mcpar" -SP"C:\Users\Public\Documents\Mikroelektronika\mikroC PRO for ARM\defs\" -SP"C:\Users\Public\Documents\Mikroelektronika\mikroC PRO for ARM\Uses\ST M3\" -SP"C:\Users\Shawon\Desktop\STM32 External Interrupt Example\STM32 External Interrupt\" "EXTI_ex.c" "__Lib_Math.emcl" "__Lib_MathDouble.emcl" "__Lib_Delays.emcl" "__Lib_System_101_102_103.emcl" "__Lib_GPIO_32F10x_Defs.emcl" "__Lib_GPIO_32F10x.emcl"	 
diagnostics: 0	122	Compilation Started	STM32F103ZE.c
diagnostics: 37714	123	Compiled Successfully	STM32F103ZE.c
diagnostics: 0	122	Compilation Started	__Lib_Delays.c
diagnostics: 115	123	Compiled Successfully	__Lib_Delays.c
hint: 84	1164	Variable 'NumberOfCyc' has been eliminated by optimizer	__Lib_Delays.c
hint: 101	1164	Variable 'NumberOfCyc' has been eliminated by optimizer	__Lib_Delays.c
diagnostics: 0	122	Compilation Started	__lib_gpio.h
diagnostics: 814	123	Compiled Successfully	__Lib_GPIO_32F10x_Defs.c
diagnostics: 0	122	Compilation Started	EXTI_ex.c
hint: 0	1004	interrupt handler (external_interrupt at 0x0038)	EXTI_ex.c
diagnostics: 108	123	Compiled Successfully	EXTI_ex.c
diagnostics: 0	127	All files Compiled in 140 ms	 
hint: 0	1144	Used RX: 13 (81%)   Free RX: 3 (19%)	Used RX: 13 (81%)   Free RX: 3 (19%)
hint: 0	1144	Static RAM (bytes): 5   Dynamic RAM (bytes): 65525	Static RAM (bytes): 5   Dynamic RAM (bytes): 65525
hint: 0	1144	Used ROM (bytes): 1685 (0%)  Free ROM (bytes): 522603 (100%)	Used ROM (bytes): 1685 (0%)  Free ROM (bytes): 522603 (100%)
diagnostics: 0	125	Project Linked Successfully	EXTI_ex.mcpar
diagnostics: 0	128	Linked in 719 ms	 
diagnostics: 0	129	Project 'EXTI_ex.mcpar' completed: 3281 ms	 
diagnostics: 0	103	Finished successfully: 17 Sep 2014, 21:46:40	EXTI_ex.mcpar
