0	1	mikroCARM.exe -MSF -DBG -pSTM32F103C8 -RA -BIN -APB -LHF -Y -DL -SSA -O11111114 -fo72 -N"C:\Users\Shawon\Desktop\ARM Media\Done\STM32 MikroC ADC Library Example\Ex_1.mcpar" -SP"C:\Users\Public\Documents\Mikroelektronika\mikroC PRO for ARM\defs\" -SP"C:\Users\Shawon\Desktop\ARM Media\Done\STM32 MikroC ADC Library Example\" -SP"C:\Users\Public\Documents\Mikroelektronika\mikroC PRO for ARM\Uses\ST M3\" -SP"C:\Users\Shawon\Desktop\STM32 MikroC ADC Library Example\" "Ex_1.c" "__Lib_Math.emcl" "__Lib_MathDouble.emcl" "__Lib_Delays.emcl" "__Lib_System_101_102_103.emcl" "__Lib_GPIO_32F10x_Defs.emcl" "__Lib_GPIO_32F10x.emcl" "__Lib_ADC_12_32F10x_10ch.emcl" "__Lib_LcdConsts.emcl" "__Lib_Lcd.emcl"	 
warning: 0	1501	Specified search path does not exist: 'C:\Users\Shawon\Desktop\STM32 MikroC ADC Library Example'	 
diagnostics: 0	122	Compilation Started	STM32F103C8.c
diagnostics: 36415	123	Compiled Successfully	STM32F103C8.c
diagnostics: 0	122	Compilation Started	__Lib_Delays.c
diagnostics: 118	123	Compiled Successfully	__Lib_Delays.c
hint: 66	1164	Variable 'cycles_div_by_10' has been eliminated by optimizer	__Lib_Delays.c
hint: 87	1164	Variable 'NumberOfCyc' has been eliminated by optimizer	__Lib_Delays.c
hint: 104	1164	Variable 'NumberOfCyc' has been eliminated by optimizer	__Lib_Delays.c
diagnostics: 0	122	Compilation Started	__lib_gpio.h
diagnostics: 814	123	Compiled Successfully	__Lib_GPIO_32F10x_Defs.c
diagnostics: 0	122	Compilation Started	Ex_1.c
diagnostics: 93	123	Compiled Successfully	Ex_1.c
hint: 77	1164	Variable 'tmp' has been eliminated by optimizer	Ex_1.c
diagnostics: 0	127	All files Compiled in 109 ms	 
hint: 0	1144	Used RX: 16 (100%)   Free RX: 0 (0%)	Used RX: 16 (100%)   Free RX: 0 (0%)
hint: 0	1144	Static RAM (bytes): 9   Dynamic RAM (bytes): 20465	Static RAM (bytes): 9   Dynamic RAM (bytes): 20465
hint: 0	1144	Used ROM (bytes): 4704 (7%)  Free ROM (bytes): 60832 (93%)	Used ROM (bytes): 4704 (7%)  Free ROM (bytes): 60832 (93%)
diagnostics: 0	125	Project Linked Successfully	Ex_1.mcpar
diagnostics: 0	128	Linked in 891 ms	 
diagnostics: 0	129	Project 'Ex_1.mcpar' completed: 4266 ms	 
diagnostics: 0	103	Finished successfully: 10 Mar 2015, 22:49:11	Ex_1.mcpar
