;  LST file generated by mikroListExporter - v.2.0 
; Date/Time: 19-Jun-15 04:40:38 PM
;----------------------------------------------

;Address Opcode 	ASM
____SysVT:
0x0000	0xFFFC2000  	536936444
0x0004	0x06310000  	1585
0x0008	0x04C50000  	1221
0x000C	0x04C50000  	1221
0x0010	0x04C50000  	1221
0x0014	0x04C50000  	1221
0x0018	0x04C50000  	1221
0x001C	0x04C50000  	1221
0x0020	0x04C50000  	1221
0x0024	0x04C50000  	1221
0x0028	0x04C50000  	1221
0x002C	0x04C50000  	1221
0x0030	0x04C50000  	1221
0x0034	0x04C50000  	1221
0x0038	0x04C50000  	1221
0x003C	0x04C50000  	1221
0x0040	0x04C50000  	1221
0x0044	0x04C50000  	1221
0x0048	0x04C50000  	1221
0x004C	0x04C50000  	1221
0x0050	0x04C50000  	1221
0x0054	0x04C50000  	1221
0x0058	0x04C50000  	1221
0x005C	0x04C50000  	1221
0x0060	0x04C50000  	1221
0x0064	0x04C50000  	1221
0x0068	0x04C50000  	1221
0x006C	0x04C50000  	1221
0x0070	0x04C50000  	1221
0x0074	0x04C50000  	1221
0x0078	0x04C50000  	1221
0x007C	0x04C50000  	1221
0x0080	0x04C50000  	1221
0x0084	0x04C50000  	1221
0x0088	0x04C50000  	1221
0x008C	0x04C50000  	1221
0x0090	0x04C50000  	1221
0x0094	0x04C50000  	1221
0x0098	0x04C50000  	1221
0x009C	0x04D10000  	1233
0x00A0	0x04C50000  	1221
0x00A4	0x04C50000  	1221
0x00A8	0x04C50000  	1221
0x00AC	0x04C50000  	1221
0x00B0	0x04C50000  	1221
0x00B4	0x04C50000  	1221
0x00B8	0x04C50000  	1221
0x00BC	0x04C50000  	1221
0x00C0	0x04C50000  	1221
0x00C4	0x04C50000  	1221
0x00C8	0x04C50000  	1221
0x00CC	0x04C50000  	1221
0x00D0	0x04C50000  	1221
0x00D4	0x04C50000  	1221
0x00D8	0x04C50000  	1221
0x00DC	0x04C50000  	1221
0x00E0	0x04C50000  	1221
0x00E4	0x04C50000  	1221
0x00E8	0x04C50000  	1221
0x00EC	0x04C50000  	1221
0x00F0	0x04C50000  	1221
0x00F4	0x04C50000  	1221
0x00F8	0x04C50000  	1221
0x00FC	0x04C50000  	1221
0x0100	0x04C50000  	1221
0x0104	0x04C50000  	1221
0x0108	0x04C50000  	1221
0x010C	0x04C50000  	1221
0x0110	0x04C50000  	1221
0x0114	0x04C50000  	1221
0x0118	0x04C50000  	1221
0x011C	0x04C50000  	1221
0x0120	0x04C50000  	1221
0x0124	0x04C50000  	1221
0x0128	0x04C50000  	1221
0x012C	0x04C50000  	1221
; end of ____SysVT
_main:
;DAC_ex5.c, 27 :: 		void main()
0x0630	0xB081    SUB	SP, SP, #4
0x0632	0xF7FFFF83  BL	1340
0x0636	0xF000F851  BL	1756
0x063A	0xF7FFFF75  BL	1320
;DAC_ex5.c, 29 :: 		signed int value = 0;
; value start address is: 4 (R1)
0x063E	0xF2400100  MOVW	R1, #0
0x0642	0xB209    SXTH	R1, R1
;DAC_ex5.c, 31 :: 		setup();
0x0644	0xF8AD1000  STRH	R1, [SP, #0]
; value end address is: 4 (R1)
0x0648	0xF7FFFF2E  BL	_setup+0
0x064C	0xF9BD1000  LDRSH	R1, [SP, #0]
;DAC_ex5.c, 33 :: 		while(1)
L_main3:
;DAC_ex5.c, 35 :: 		if(get_input(GPIOF_IDR, 13) == 0)
; value start address is: 4 (R1)
0x0650	0x481F    LDR	R0, [PC, #124]
0x0652	0x6800    LDR	R0, [R0, #0]
0x0654	0xF4005000  AND	R0, R0, #8192
0x0658	0xB968    CBNZ	R0, L__main53
;DAC_ex5.c, 37 :: 		delay_ms(10);
0x065A	0xF24D47BF  MOVW	R7, #54463
0x065E	0xF2C00701  MOVT	R7, #1
L_main6:
0x0662	0x1E7F    SUBS	R7, R7, #1
0x0664	0xD1FD    BNE	L_main6
0x0666	0xBF00    NOP
0x0668	0xBF00    NOP
0x066A	0xBF00    NOP
0x066C	0xBF00    NOP
0x066E	0xBF00    NOP
;DAC_ex5.c, 38 :: 		value++;
0x0670	0x1C49    ADDS	R1, R1, #1
0x0672	0xB209    SXTH	R1, R1
; value end address is: 4 (R1)
;DAC_ex5.c, 39 :: 		}
0x0674	0xE7FF    B	L_main5
L__main53:
;DAC_ex5.c, 35 :: 		if(get_input(GPIOF_IDR, 13) == 0)
;DAC_ex5.c, 39 :: 		}
L_main5:
;DAC_ex5.c, 41 :: 		if(get_input(GPIOF_IDR, 14) == 0)
; value start address is: 4 (R1)
0x0676	0x4816    LDR	R0, [PC, #88]
0x0678	0x6800    LDR	R0, [R0, #0]
0x067A	0xF4004080  AND	R0, R0, #16384
0x067E	0xB968    CBNZ	R0, L__main54
;DAC_ex5.c, 43 :: 		delay_ms(10);
0x0680	0xF24D47BF  MOVW	R7, #54463
0x0684	0xF2C00701  MOVT	R7, #1
L_main9:
0x0688	0x1E7F    SUBS	R7, R7, #1
0x068A	0xD1FD    BNE	L_main9
0x068C	0xBF00    NOP
0x068E	0xBF00    NOP
0x0690	0xBF00    NOP
0x0692	0xBF00    NOP
0x0694	0xBF00    NOP
;DAC_ex5.c, 44 :: 		value--;
0x0696	0x1E49    SUBS	R1, R1, #1
0x0698	0xB209    SXTH	R1, R1
; value end address is: 4 (R1)
;DAC_ex5.c, 45 :: 		}
0x069A	0xE7FF    B	L_main8
L__main54:
;DAC_ex5.c, 41 :: 		if(get_input(GPIOF_IDR, 14) == 0)
;DAC_ex5.c, 45 :: 		}
L_main8:
;DAC_ex5.c, 47 :: 		if(value > 2047)
; value start address is: 4 (R1)
0x069C	0xF24070FF  MOVW	R0, #2047
0x06A0	0x4281    CMP	R1, R0
0x06A2	0xDD03    BLE	L__main55
; value end address is: 4 (R1)
;DAC_ex5.c, 49 :: 		value = 2047;
; value start address is: 8 (R2)
0x06A4	0xF24072FF  MOVW	R2, #2047
0x06A8	0xB212    SXTH	R2, R2
; value end address is: 8 (R2)
;DAC_ex5.c, 50 :: 		}
0x06AA	0xE000    B	L_main11
L__main55:
;DAC_ex5.c, 47 :: 		if(value > 2047)
0x06AC	0xB20A    SXTH	R2, R1
;DAC_ex5.c, 50 :: 		}
L_main11:
;DAC_ex5.c, 51 :: 		if(value < 0)
; value start address is: 8 (R2)
0x06AE	0x2A00    CMP	R2, #0
0x06B0	0xDA02    BGE	L__main56
;DAC_ex5.c, 53 :: 		value = 0;
0x06B2	0x2200    MOVS	R2, #0
0x06B4	0xB212    SXTH	R2, R2
; value end address is: 8 (R2)
;DAC_ex5.c, 54 :: 		}
0x06B6	0xE7FF    B	L_main12
L__main56:
;DAC_ex5.c, 51 :: 		if(value < 0)
;DAC_ex5.c, 54 :: 		}
L_main12:
;DAC_ex5.c, 55 :: 		set_DAC1_software_trigger(enable);
; value start address is: 8 (R2)
0x06B8	0x2101    MOVS	R1, #1
0x06BA	0xB249    SXTB	R1, R1
0x06BC	0x4805    LDR	R0, [PC, #20]
0x06BE	0x6001    STR	R1, [R0, #0]
;DAC_ex5.c, 56 :: 		DAC_DHR12RD = (((unsigned int)value) | 0x00FF0000);
0x06C0	0xB290    UXTH	R0, R2
0x06C2	0xF440017F  ORR	R1, R0, #16711680
0x06C6	0x4804    LDR	R0, [PC, #16]
0x06C8	0x6001    STR	R1, [R0, #0]
;DAC_ex5.c, 57 :: 		};
0x06CA	0xB211    SXTH	R1, R2
; value end address is: 8 (R2)
0x06CC	0xE7C0    B	L_main3
;DAC_ex5.c, 58 :: 		}
L_end_main:
L__main_end_loop:
0x06CE	0xE7FE    B	L__main_end_loop
0x06D0	0x1C084001  	GPIOF_IDR+0
0x06D4	0x8080420E  	DAC_SWTRIGRbits+0
0x06D8	0x74204000  	DAC_DHR12RD+0
; end of _main
_setup:
;DAC_ex5.c, 61 :: 		void setup()
0x04A8	0xB081    SUB	SP, SP, #4
0x04AA	0xF8CDE000  STR	LR, [SP, #0]
;DAC_ex5.c, 63 :: 		GPIO_setup();
0x04AE	0xF7FFFF51  BL	_GPIO_setup+0
;DAC_ex5.c, 64 :: 		AFIO_setup();
0x04B2	0xF7FFFF09  BL	_AFIO_setup+0
;DAC_ex5.c, 65 :: 		DAC_setup();
0x04B6	0xF7FFFE7F  BL	_DAC_setup+0
;DAC_ex5.c, 66 :: 		}
L_end_setup:
0x04BA	0xF8DDE000  LDR	LR, [SP, #0]
0x04BE	0xB001    ADD	SP, SP, #4
0x04C0	0x4770    BX	LR
; end of _setup
_GPIO_setup:
;DAC_ex5.c, 69 :: 		void GPIO_setup()
;DAC_ex5.c, 71 :: 		enable_GPIOA(true);
0x0354	0x2201    MOVS	R2, #1
0x0356	0xB252    SXTB	R2, R2
0x0358	0x4826    LDR	R0, [PC, #152]
0x035A	0x6002    STR	R2, [R0, #0]
;DAC_ex5.c, 72 :: 		pin_configure_low(GPIOA_CRL, 4, analog_input);
0x035C	0x4826    LDR	R0, [PC, #152]
0x035E	0x6801    LDR	R1, [R0, #0]
0x0360	0xF46F2070  MVN	R0, #983040
0x0364	0x4001    ANDS	R1, R0
0x0366	0x4824    LDR	R0, [PC, #144]
0x0368	0x6001    STR	R1, [R0, #0]
0x036A	0x4823    LDR	R0, [PC, #140]
0x036C	0x6801    LDR	R1, [R0, #0]
0x036E	0x4822    LDR	R0, [PC, #136]
0x0370	0x6001    STR	R1, [R0, #0]
;DAC_ex5.c, 73 :: 		pin_configure_low(GPIOA_CRL, 5, analog_input);
0x0372	0x4821    LDR	R0, [PC, #132]
0x0374	0x6801    LDR	R1, [R0, #0]
0x0376	0xF46F0070  MVN	R0, #15728640
0x037A	0x4001    ANDS	R1, R0
0x037C	0x481E    LDR	R0, [PC, #120]
0x037E	0x6001    STR	R1, [R0, #0]
0x0380	0x481D    LDR	R0, [PC, #116]
0x0382	0x6801    LDR	R1, [R0, #0]
0x0384	0x481C    LDR	R0, [PC, #112]
0x0386	0x6001    STR	R1, [R0, #0]
;DAC_ex5.c, 74 :: 		pin_configure_low(GPIOA_CRL, 6, (output_mode_low_speed | GPIO_PP_output));
0x0388	0x481B    LDR	R0, [PC, #108]
0x038A	0x6801    LDR	R1, [R0, #0]
0x038C	0xF06F6070  MVN	R0, #251658240
0x0390	0x4001    ANDS	R1, R0
0x0392	0x4819    LDR	R0, [PC, #100]
0x0394	0x6001    STR	R1, [R0, #0]
0x0396	0x4818    LDR	R0, [PC, #96]
0x0398	0x6800    LDR	R0, [R0, #0]
0x039A	0xF0407100  ORR	R1, R0, #33554432
0x039E	0x4816    LDR	R0, [PC, #88]
0x03A0	0x6001    STR	R1, [R0, #0]
;DAC_ex5.c, 76 :: 		enable_GPIOF(true);
0x03A2	0x4816    LDR	R0, [PC, #88]
0x03A4	0x6002    STR	R2, [R0, #0]
;DAC_ex5.c, 77 :: 		pin_configure_high(GPIOF_CRH, 13, digital_input);
0x03A6	0x4816    LDR	R0, [PC, #88]
0x03A8	0x6801    LDR	R1, [R0, #0]
0x03AA	0xF46F0070  MVN	R0, #15728640
0x03AE	0x4001    ANDS	R1, R0
0x03B0	0x4813    LDR	R0, [PC, #76]
0x03B2	0x6001    STR	R1, [R0, #0]
0x03B4	0x4812    LDR	R0, [PC, #72]
0x03B6	0x6800    LDR	R0, [R0, #0]
0x03B8	0xF4400100  ORR	R1, R0, #8388608
0x03BC	0x4810    LDR	R0, [PC, #64]
0x03BE	0x6001    STR	R1, [R0, #0]
;DAC_ex5.c, 78 :: 		pin_configure_high(GPIOF_CRH, 14, digital_input);
0x03C0	0x480F    LDR	R0, [PC, #60]
0x03C2	0x6801    LDR	R1, [R0, #0]
0x03C4	0xF06F6070  MVN	R0, #251658240
0x03C8	0x4001    ANDS	R1, R0
0x03CA	0x480D    LDR	R0, [PC, #52]
0x03CC	0x6001    STR	R1, [R0, #0]
0x03CE	0x480C    LDR	R0, [PC, #48]
0x03D0	0x6800    LDR	R0, [R0, #0]
0x03D2	0xF0406100  ORR	R1, R0, #134217728
0x03D6	0x480A    LDR	R0, [PC, #40]
0x03D8	0x6001    STR	R1, [R0, #0]
;DAC_ex5.c, 79 :: 		pull_up_enable(GPIOF_ODR, 13);
0x03DA	0x480A    LDR	R0, [PC, #40]
0x03DC	0x6800    LDR	R0, [R0, #0]
0x03DE	0xF4405100  ORR	R1, R0, #8192
0x03E2	0x4808    LDR	R0, [PC, #32]
0x03E4	0x6001    STR	R1, [R0, #0]
;DAC_ex5.c, 80 :: 		pull_up_enable(GPIOF_ODR, 14);
0x03E6	0x4807    LDR	R0, [PC, #28]
0x03E8	0x6800    LDR	R0, [R0, #0]
0x03EA	0xF4404180  ORR	R1, R0, #16384
0x03EE	0x4805    LDR	R0, [PC, #20]
0x03F0	0x6001    STR	R1, [R0, #0]
;DAC_ex5.c, 82 :: 		}
L_end_GPIO_setup:
0x03F2	0x4770    BX	LR
0x03F4	0x03084242  	RCC_APB2ENRbits+0
0x03F8	0x08004001  	GPIOA_CRL+0
0x03FC	0x031C4242  	RCC_APB2ENRbits+0
0x0400	0x1C044001  	GPIOF_CRH+0
0x0404	0x1C0C4001  	GPIOF_ODR+0
; end of _GPIO_setup
_AFIO_setup:
;DAC_ex5.c, 85 :: 		void AFIO_setup()
0x02C8	0xB081    SUB	SP, SP, #4
0x02CA	0xF8CDE000  STR	LR, [SP, #0]
;DAC_ex5.c, 87 :: 		AFIO_enable(true);
0x02CE	0x2101    MOVS	R1, #1
0x02D0	0xB249    SXTB	R1, R1
0x02D2	0x481A    LDR	R0, [PC, #104]
0x02D4	0x6001    STR	R1, [R0, #0]
;DAC_ex5.c, 88 :: 		pin_configure_high(GPIOA_CRH, 9, digital_input);
0x02D6	0x481A    LDR	R0, [PC, #104]
0x02D8	0x6800    LDR	R0, [R0, #0]
0x02DA	0xF000010F  AND	R1, R0, #15
0x02DE	0x4818    LDR	R0, [PC, #96]
0x02E0	0x6001    STR	R1, [R0, #0]
0x02E2	0x4817    LDR	R0, [PC, #92]
0x02E4	0x6800    LDR	R0, [R0, #0]
0x02E6	0xF0400180  ORR	R1, R0, #128
0x02EA	0x4815    LDR	R0, [PC, #84]
0x02EC	0x6001    STR	R1, [R0, #0]
;DAC_ex5.c, 89 :: 		pull_up_enable(GPIOA_ODR, 9);
0x02EE	0x4815    LDR	R0, [PC, #84]
0x02F0	0x6800    LDR	R0, [R0, #0]
0x02F2	0xF4407100  ORR	R1, R0, #512
0x02F6	0x4813    LDR	R0, [PC, #76]
0x02F8	0x6001    STR	R1, [R0, #0]
;DAC_ex5.c, 90 :: 		bit_set(GPIOA_ODR, 6);
0x02FA	0x4812    LDR	R0, [PC, #72]
0x02FC	0x6800    LDR	R0, [R0, #0]
0x02FE	0xF0400140  ORR	R1, R0, #64
0x0302	0x4810    LDR	R0, [PC, #64]
0x0304	0x6001    STR	R1, [R0, #0]
;DAC_ex5.c, 91 :: 		set_EXTI8_11(9, PA_pin);
0x0306	0x4810    LDR	R0, [PC, #64]
0x0308	0x6801    LDR	R1, [R0, #0]
0x030A	0x480F    LDR	R0, [PC, #60]
0x030C	0x6001    STR	R1, [R0, #0]
;DAC_ex5.c, 92 :: 		falling_edge_selector(9);
0x030E	0x480F    LDR	R0, [PC, #60]
0x0310	0x6800    LDR	R0, [R0, #0]
0x0312	0xF4407100  ORR	R1, R0, #512
0x0316	0x480D    LDR	R0, [PC, #52]
0x0318	0x6001    STR	R1, [R0, #0]
;DAC_ex5.c, 93 :: 		interrupt_mask(9);
0x031A	0x480D    LDR	R0, [PC, #52]
0x031C	0x6800    LDR	R0, [R0, #0]
0x031E	0xF4407100  ORR	R1, R0, #512
0x0322	0x480B    LDR	R0, [PC, #44]
0x0324	0x6001    STR	R1, [R0, #0]
;DAC_ex5.c, 94 :: 		NVIC_IntEnable(IVT_INT_EXTI9_5);
0x0326	0xF2400027  MOVW	R0, #39
0x032A	0xF7FFFF01  BL	_NVIC_IntEnable+0
;DAC_ex5.c, 95 :: 		EnableInterrupts();
0x032E	0xF7FFFF3B  BL	_EnableInterrupts+0
;DAC_ex5.c, 96 :: 		}
L_end_AFIO_setup:
0x0332	0xF8DDE000  LDR	LR, [SP, #0]
0x0336	0xB001    ADD	SP, SP, #4
0x0338	0x4770    BX	LR
0x033A	0xBF00    NOP
0x033C	0x03004242  	RCC_APB2ENRbits+0
0x0340	0x08044001  	GPIOA_CRH+0
0x0344	0x080C4001  	GPIOA_ODR+0
0x0348	0x00104001  	AFIO_EXTICR3+0
0x034C	0x040C4001  	EXTI_FTSR+0
0x0350	0x04004001  	EXTI_IMR+0
; end of _AFIO_setup
_NVIC_IntEnable:
;__Lib_System_101_102_103.c, 155 :: 		
; ivt start address is: 0 (R0)
0x0130	0xB081    SUB	SP, SP, #4
; ivt end address is: 0 (R0)
; ivt start address is: 0 (R0)
;__Lib_System_101_102_103.c, 167 :: 		
0x0132	0x2804    CMP	R0, #4
0x0134	0xD106    BNE	L_NVIC_IntEnable6
; ivt end address is: 0 (R0)
;__Lib_System_101_102_103.c, 172 :: 		
0x0136	0x4919    LDR	R1, [PC, #100]
0x0138	0x6809    LDR	R1, [R1, #0]
0x013A	0xF4413280  ORR	R2, R1, #65536
0x013E	0x4917    LDR	R1, [PC, #92]
0x0140	0x600A    STR	R2, [R1, #0]
;__Lib_System_101_102_103.c, 173 :: 		
0x0142	0xE028    B	L_NVIC_IntEnable7
L_NVIC_IntEnable6:
;__Lib_System_101_102_103.c, 174 :: 		
; ivt start address is: 0 (R0)
0x0144	0x2805    CMP	R0, #5
0x0146	0xD106    BNE	L_NVIC_IntEnable8
; ivt end address is: 0 (R0)
;__Lib_System_101_102_103.c, 179 :: 		
0x0148	0x4914    LDR	R1, [PC, #80]
0x014A	0x6809    LDR	R1, [R1, #0]
0x014C	0xF4413200  ORR	R2, R1, #131072
0x0150	0x4912    LDR	R1, [PC, #72]
0x0152	0x600A    STR	R2, [R1, #0]
;__Lib_System_101_102_103.c, 180 :: 		
0x0154	0xE01F    B	L_NVIC_IntEnable9
L_NVIC_IntEnable8:
;__Lib_System_101_102_103.c, 181 :: 		
; ivt start address is: 0 (R0)
0x0156	0x2806    CMP	R0, #6
0x0158	0xD106    BNE	L_NVIC_IntEnable10
; ivt end address is: 0 (R0)
;__Lib_System_101_102_103.c, 186 :: 		
0x015A	0x4910    LDR	R1, [PC, #64]
0x015C	0x6809    LDR	R1, [R1, #0]
0x015E	0xF4412280  ORR	R2, R1, #262144
0x0162	0x490E    LDR	R1, [PC, #56]
0x0164	0x600A    STR	R2, [R1, #0]
;__Lib_System_101_102_103.c, 187 :: 		
0x0166	0xE016    B	L_NVIC_IntEnable11
L_NVIC_IntEnable10:
;__Lib_System_101_102_103.c, 188 :: 		
; ivt start address is: 0 (R0)
0x0168	0x280F    CMP	R0, #15
0x016A	0xD106    BNE	L_NVIC_IntEnable12
; ivt end address is: 0 (R0)
;__Lib_System_101_102_103.c, 193 :: 		
0x016C	0x490C    LDR	R1, [PC, #48]
0x016E	0x6809    LDR	R1, [R1, #0]
0x0170	0xF0410202  ORR	R2, R1, #2
0x0174	0x490A    LDR	R1, [PC, #40]
0x0176	0x600A    STR	R2, [R1, #0]
;__Lib_System_101_102_103.c, 194 :: 		
0x0178	0xE00D    B	L_NVIC_IntEnable13
L_NVIC_IntEnable12:
;__Lib_System_101_102_103.c, 195 :: 		
; ivt start address is: 0 (R0)
0x017A	0x2810    CMP	R0, #16
0x017C	0xD30B    BCC	L_NVIC_IntEnable14
;__Lib_System_101_102_103.c, 200 :: 		
0x017E	0xF2A00410  SUBW	R4, R0, #16
; ivt end address is: 0 (R0)
0x0182	0x0961    LSRS	R1, R4, #5
0x0184	0x008A    LSLS	R2, R1, #2
0x0186	0x4907    LDR	R1, [PC, #28]
0x0188	0x188B    ADDS	R3, R1, R2
;__Lib_System_101_102_103.c, 201 :: 		
0x018A	0xF004021F  AND	R2, R4, #31
0x018E	0xF04F0101  MOV	R1, #1
0x0192	0x4091    LSLS	R1, R2
0x0194	0x6019    STR	R1, [R3, #0]
;__Lib_System_101_102_103.c, 202 :: 		
L_NVIC_IntEnable14:
L_NVIC_IntEnable13:
L_NVIC_IntEnable11:
L_NVIC_IntEnable9:
L_NVIC_IntEnable7:
;__Lib_System_101_102_103.c, 203 :: 		
L_end_NVIC_IntEnable:
0x0196	0xB001    ADD	SP, SP, #4
0x0198	0x4770    BX	LR
0x019A	0xBF00    NOP
0x019C	0xED24E000  	NVIC_SHCSR+0
0x01A0	0xE010E000  	NVIC_SYSTICKCSR+0
0x01A4	0xE100E000  	NVIC_SETENA0+0
; end of _NVIC_IntEnable
_EnableInterrupts:
;__Lib_System_101_102_103.c, 106 :: 		
0x01A8	0xB081    SUB	SP, SP, #4
;__Lib_System_101_102_103.c, 109 :: 		
0x01AA	0xF3EF8C10  MRS	R12, #16
0x01AE	0x4660    MOV	R0, R12
; result start address is: 0 (R0)
;__Lib_System_101_102_103.c, 110 :: 		
0x01B0	0xB662    CPSIE	i
;__Lib_System_101_102_103.c, 112 :: 		
; result end address is: 0 (R0)
;__Lib_System_101_102_103.c, 113 :: 		
L_end_EnableInterrupts:
0x01B2	0xB001    ADD	SP, SP, #4
0x01B4	0x4770    BX	LR
; end of _EnableInterrupts
_DAC_setup:
;DAC_ex5.c, 99 :: 		void DAC_setup()
;DAC_ex5.c, 101 :: 		enable_DAC(true);
0x01B8	0x2201    MOVS	R2, #1
0x01BA	0xB252    SXTB	R2, R2
0x01BC	0x4839    LDR	R0, [PC, #228]
0x01BE	0x6002    STR	R2, [R0, #0]
;DAC_ex5.c, 102 :: 		DAC_reset();
0x01C0	0x2100    MOVS	R1, #0
0x01C2	0x4839    LDR	R0, [PC, #228]
0x01C4	0x6001    STR	R1, [R0, #0]
;DAC_ex5.c, 104 :: 		set_DAC1_buffer(enable);
0x01C6	0x4839    LDR	R0, [PC, #228]
0x01C8	0x6002    STR	R2, [R0, #0]
;DAC_ex5.c, 105 :: 		enable_DAC1_trigger(true);
0x01CA	0x4839    LDR	R0, [PC, #228]
0x01CC	0x6002    STR	R2, [R0, #0]
;DAC_ex5.c, 106 :: 		select_DAC1_trigger_source(Software_trigger);
0x01CE	0x4938    LDR	R1, [PC, #224]
0x01D0	0x6808    LDR	R0, [R1, #0]
0x01D2	0xB160    CBZ	R0, L_DAC_setup34
0x01D4	0x4834    LDR	R0, [PC, #208]
0x01D6	0x6801    LDR	R1, [R0, #0]
0x01D8	0xF06F0038  MVN	R0, #56
0x01DC	0x4001    ANDS	R1, R0
0x01DE	0x4832    LDR	R0, [PC, #200]
0x01E0	0x6001    STR	R1, [R0, #0]
0x01E2	0x4831    LDR	R0, [PC, #196]
0x01E4	0x6800    LDR	R0, [R0, #0]
0x01E6	0xF0400138  ORR	R1, R0, #56
0x01EA	0x482F    LDR	R0, [PC, #188]
0x01EC	0x6001    STR	R1, [R0, #0]
L_DAC_setup34:
;DAC_ex5.c, 107 :: 		select_DAC1_wave_type(triangle_wave_generation_enabled);
0x01EE	0x4930    LDR	R1, [PC, #192]
0x01F0	0x6808    LDR	R0, [R1, #0]
0x01F2	0xB158    CBZ	R0, L_DAC_setup38
0x01F4	0x482C    LDR	R0, [PC, #176]
0x01F6	0x6800    LDR	R0, [R0, #0]
0x01F8	0xF000013F  AND	R1, R0, #63
0x01FC	0x482A    LDR	R0, [PC, #168]
0x01FE	0x6001    STR	R1, [R0, #0]
0x0200	0x4829    LDR	R0, [PC, #164]
0x0202	0x6800    LDR	R0, [R0, #0]
0x0204	0xF0400180  ORR	R1, R0, #128
0x0208	0x4827    LDR	R0, [PC, #156]
0x020A	0x6001    STR	R1, [R0, #0]
L_DAC_setup38:
;DAC_ex5.c, 108 :: 		set_DAC1_triangle_waveform_amplitude(Triangle_Amplitude_equal_to_511);
0x020C	0x4826    LDR	R0, [PC, #152]
0x020E	0x6801    LDR	R1, [R0, #0]
0x0210	0xF46F6070  MVN	R0, #3840
0x0214	0x4001    ANDS	R1, R0
0x0216	0x4824    LDR	R0, [PC, #144]
0x0218	0x6001    STR	R1, [R0, #0]
0x021A	0x4823    LDR	R0, [PC, #140]
0x021C	0x6800    LDR	R0, [R0, #0]
0x021E	0xF4406100  ORR	R1, R0, #2048
0x0222	0x4821    LDR	R0, [PC, #132]
0x0224	0x6001    STR	R1, [R0, #0]
;DAC_ex5.c, 109 :: 		enable_DAC1_channel(true);
0x0226	0x2101    MOVS	R1, #1
0x0228	0xB249    SXTB	R1, R1
0x022A	0x4822    LDR	R0, [PC, #136]
0x022C	0x6001    STR	R1, [R0, #0]
;DAC_ex5.c, 111 :: 		set_DAC2_buffer(enable);
0x022E	0x4822    LDR	R0, [PC, #136]
0x0230	0x6001    STR	R1, [R0, #0]
;DAC_ex5.c, 112 :: 		enable_DAC2_trigger(true);
0x0232	0x4822    LDR	R0, [PC, #136]
0x0234	0x6001    STR	R1, [R0, #0]
;DAC_ex5.c, 113 :: 		select_DAC2_trigger_source(EXTI9_event);
0x0236	0x4921    LDR	R1, [PC, #132]
0x0238	0x6808    LDR	R0, [R1, #0]
0x023A	0xB160    CBZ	R0, L_DAC_setup45
0x023C	0x481A    LDR	R0, [PC, #104]
0x023E	0x6801    LDR	R1, [R0, #0]
0x0240	0xF46F1060  MVN	R0, #3670016
0x0244	0x4001    ANDS	R1, R0
0x0246	0x4818    LDR	R0, [PC, #96]
0x0248	0x6001    STR	R1, [R0, #0]
0x024A	0x4817    LDR	R0, [PC, #92]
0x024C	0x6800    LDR	R0, [R0, #0]
0x024E	0xF4401140  ORR	R1, R0, #3145728
0x0252	0x4815    LDR	R0, [PC, #84]
0x0254	0x6001    STR	R1, [R0, #0]
L_DAC_setup45:
;DAC_ex5.c, 114 :: 		select_DAC2_wave_type(noise_wave_generation_enabled);
0x0256	0x4919    LDR	R1, [PC, #100]
0x0258	0x6808    LDR	R0, [R1, #0]
0x025A	0xB160    CBZ	R0, L_DAC_setup49
0x025C	0x4812    LDR	R0, [PC, #72]
0x025E	0x6801    LDR	R1, [R0, #0]
0x0260	0xF46F0040  MVN	R0, #12582912
0x0264	0x4001    ANDS	R1, R0
0x0266	0x4810    LDR	R0, [PC, #64]
0x0268	0x6001    STR	R1, [R0, #0]
0x026A	0x480F    LDR	R0, [PC, #60]
0x026C	0x6800    LDR	R0, [R0, #0]
0x026E	0xF4400180  ORR	R1, R0, #4194304
0x0272	0x480D    LDR	R0, [PC, #52]
0x0274	0x6001    STR	R1, [R0, #0]
L_DAC_setup49:
;DAC_ex5.c, 115 :: 		set_DAC2_LFSR_mask(0x3AA);
0x0276	0x480C    LDR	R0, [PC, #48]
0x0278	0x6801    LDR	R1, [R0, #0]
0x027A	0xF06F6070  MVN	R0, #251658240
0x027E	0x4001    ANDS	R1, R0
0x0280	0x4809    LDR	R0, [PC, #36]
0x0282	0x6001    STR	R1, [R0, #0]
0x0284	0x4808    LDR	R0, [PC, #32]
0x0286	0x6800    LDR	R0, [R0, #0]
0x0288	0xF040412A  ORR	R1, R0, #-1442840576
0x028C	0x4806    LDR	R0, [PC, #24]
0x028E	0x6001    STR	R1, [R0, #0]
;DAC_ex5.c, 116 :: 		enable_DAC2_channel(true);
0x0290	0x2101    MOVS	R1, #1
0x0292	0xB249    SXTB	R1, R1
0x0294	0x480A    LDR	R0, [PC, #40]
0x0296	0x6001    STR	R1, [R0, #0]
;DAC_ex5.c, 118 :: 		DAC_DHR12RD = 0x00FF0000;
0x0298	0xF44F017F  MOV	R1, #16711680
0x029C	0x4809    LDR	R0, [PC, #36]
0x029E	0x6001    STR	R1, [R0, #0]
;DAC_ex5.c, 119 :: 		}
L_end_DAC_setup:
0x02A0	0x4770    BX	LR
0x02A2	0xBF00    NOP
0x02A4	0x03F44242  	RCC_APB1ENRbits+0
0x02A8	0x74004000  	DAC_CR+0
0x02AC	0x8004420E  	DAC_CRbits+0
0x02B0	0x8008420E  	DAC_CRbits+0
0x02B4	0x8000420E  	DAC_CRbits+0
0x02B8	0x8044420E  	DAC_CRbits+0
0x02BC	0x8048420E  	DAC_CRbits+0
0x02C0	0x8040420E  	DAC_CRbits+0
0x02C4	0x74204000  	DAC_DHR12RD+0
; end of _DAC_setup
___CC2DW:
;__Lib_System_101_102_103.c, 27 :: 		
0x0494	0xB081    SUB	SP, SP, #4
;__Lib_System_101_102_103.c, 29 :: 		
L_loopDW:
;__Lib_System_101_102_103.c, 30 :: 		
0x0496	0xF81C9B01  LDRB	R9, [R12], #1
;__Lib_System_101_102_103.c, 31 :: 		
0x049A	0xF80B9B01  STRB	R9, [R11], #1
;__Lib_System_101_102_103.c, 32 :: 		
0x049E	0xEBBB0F0A  CMP	R11, R10, LSL #0
;__Lib_System_101_102_103.c, 33 :: 		
0x04A2	0xD1F8    BNE	L_loopDW
;__Lib_System_101_102_103.c, 35 :: 		
L_end___CC2DW:
0x04A4	0xB001    ADD	SP, SP, #4
0x04A6	0x4770    BX	LR
; end of ___CC2DW
___FillZeros:
;__Lib_System_101_102_103.c, 69 :: 		
0x0408	0xB081    SUB	SP, SP, #4
;__Lib_System_101_102_103.c, 71 :: 		
0x040A	0xF04F0900  MOV	R9, #0
;__Lib_System_101_102_103.c, 72 :: 		
0x040E	0xF04F0C00  MOV	R12, #0
;__Lib_System_101_102_103.c, 73 :: 		
0x0412	0xEBBD0F0A  CMP	SP, R10, LSL #0
;__Lib_System_101_102_103.c, 74 :: 		
0x0416	0xDC04    BGT	L_loopFZs
;__Lib_System_101_102_103.c, 75 :: 		
0x0418	0xEBBD0F0B  CMP	SP, R11, LSL #0
;__Lib_System_101_102_103.c, 76 :: 		
0x041C	0xDB01    BLT	L_loopFZs
;__Lib_System_101_102_103.c, 77 :: 		
0x041E	0x46D4    MOV	R12, R10
;__Lib_System_101_102_103.c, 78 :: 		
0x0420	0x46EA    MOV	R10, SP
;__Lib_System_101_102_103.c, 79 :: 		
L_loopFZs:
;__Lib_System_101_102_103.c, 80 :: 		
0x0422	0xF84B9B04  STR	R9, [R11], #4
;__Lib_System_101_102_103.c, 81 :: 		
0x0426	0xEBBB0F0A  CMP	R11, R10, LSL #0
;__Lib_System_101_102_103.c, 82 :: 		
0x042A	0xD1FA    BNE	L_loopFZs
;__Lib_System_101_102_103.c, 83 :: 		
0x042C	0xEBBC0F0A  CMP	R12, R10, LSL #0
;__Lib_System_101_102_103.c, 84 :: 		
0x0430	0xDD05    BLE	L_norep
;__Lib_System_101_102_103.c, 85 :: 		
0x0432	0x46E2    MOV	R10, R12
;__Lib_System_101_102_103.c, 86 :: 		
0x0434	0xF8D9B000  LDR	R11, [R9, #0]
;__Lib_System_101_102_103.c, 87 :: 		
0x0438	0xF10B0B04  ADD	R11, R11, #4
;__Lib_System_101_102_103.c, 88 :: 		
0x043C	0xE7F1    B	L_loopFZs
;__Lib_System_101_102_103.c, 89 :: 		
L_norep:
;__Lib_System_101_102_103.c, 91 :: 		
L_end___FillZeros:
0x043E	0xB001    ADD	SP, SP, #4
0x0440	0x4770    BX	LR
; end of ___FillZeros
__Lib_System_101_102_103_InitialSetUpRCCRCC2:
;__Lib_System_101_102_103.c, 369 :: 		
0x053C	0xB082    SUB	SP, SP, #8
0x053E	0xF8CDE000  STR	LR, [SP, #0]
;__Lib_System_101_102_103.c, 372 :: 		
; ulRCC_CR start address is: 8 (R2)
0x0542	0x4A33    LDR	R2, [PC, #204]
;__Lib_System_101_102_103.c, 373 :: 		
; ulRCC_CFGR start address is: 12 (R3)
0x0544	0x4B33    LDR	R3, [PC, #204]
;__Lib_System_101_102_103.c, 374 :: 		
; Fosc_kHz start address is: 4 (R1)
0x0546	0x4934    LDR	R1, [PC, #208]
;__Lib_System_101_102_103.c, 381 :: 		
0x0548	0xF64B3080  MOVW	R0, #48000
0x054C	0x4281    CMP	R1, R0
0x054E	0xD906    BLS	L___Lib_System_101_102_103_InitialSetUpRCCRCC231
; Fosc_kHz end address is: 4 (R1)
;__Lib_System_101_102_103.c, 382 :: 		
0x0550	0x4832    LDR	R0, [PC, #200]
0x0552	0x6800    LDR	R0, [R0, #0]
0x0554	0xF0400102  ORR	R1, R0, #2
0x0558	0x4830    LDR	R0, [PC, #192]
0x055A	0x6001    STR	R1, [R0, #0]
0x055C	0xE011    B	L___Lib_System_101_102_103_InitialSetUpRCCRCC232
L___Lib_System_101_102_103_InitialSetUpRCCRCC231:
;__Lib_System_101_102_103.c, 383 :: 		
; Fosc_kHz start address is: 4 (R1)
0x055E	0xF64550C0  MOVW	R0, #24000
0x0562	0x4281    CMP	R1, R0
0x0564	0xD906    BLS	L___Lib_System_101_102_103_InitialSetUpRCCRCC233
; Fosc_kHz end address is: 4 (R1)
;__Lib_System_101_102_103.c, 384 :: 		
0x0566	0x482D    LDR	R0, [PC, #180]
0x0568	0x6800    LDR	R0, [R0, #0]
0x056A	0xF0400101  ORR	R1, R0, #1
0x056E	0x482B    LDR	R0, [PC, #172]
0x0570	0x6001    STR	R1, [R0, #0]
0x0572	0xE006    B	L___Lib_System_101_102_103_InitialSetUpRCCRCC234
L___Lib_System_101_102_103_InitialSetUpRCCRCC233:
;__Lib_System_101_102_103.c, 386 :: 		
0x0574	0x4829    LDR	R0, [PC, #164]
0x0576	0x6801    LDR	R1, [R0, #0]
0x0578	0xF06F0007  MVN	R0, #7
0x057C	0x4001    ANDS	R1, R0
0x057E	0x4827    LDR	R0, [PC, #156]
0x0580	0x6001    STR	R1, [R0, #0]
L___Lib_System_101_102_103_InitialSetUpRCCRCC234:
L___Lib_System_101_102_103_InitialSetUpRCCRCC232:
;__Lib_System_101_102_103.c, 388 :: 		
0x0582	0xF7FFFF5F  BL	__Lib_System_101_102_103_SystemClockSetDefault+0
;__Lib_System_101_102_103.c, 390 :: 		
0x0586	0x4826    LDR	R0, [PC, #152]
0x0588	0x6003    STR	R3, [R0, #0]
;__Lib_System_101_102_103.c, 391 :: 		
0x058A	0x4826    LDR	R0, [PC, #152]
0x058C	0xEA020100  AND	R1, R2, R0, LSL #0
0x0590	0x4825    LDR	R0, [PC, #148]
0x0592	0x6001    STR	R1, [R0, #0]
;__Lib_System_101_102_103.c, 393 :: 		
0x0594	0xF0020001  AND	R0, R2, #1
0x0598	0xB140    CBZ	R0, L___Lib_System_101_102_103_InitialSetUpRCCRCC246
; ulRCC_CFGR end address is: 12 (R3)
; ulRCC_CR end address is: 8 (R2)
0x059A	0x4619    MOV	R1, R3
;__Lib_System_101_102_103.c, 394 :: 		
L___Lib_System_101_102_103_InitialSetUpRCCRCC236:
; ulRCC_CFGR start address is: 4 (R1)
; ulRCC_CR start address is: 8 (R2)
0x059C	0x4822    LDR	R0, [PC, #136]
0x059E	0x6800    LDR	R0, [R0, #0]
0x05A0	0xF0000002  AND	R0, R0, #2
0x05A4	0x2800    CMP	R0, #0
0x05A6	0xD100    BNE	L___Lib_System_101_102_103_InitialSetUpRCCRCC237
;__Lib_System_101_102_103.c, 395 :: 		
0x05A8	0xE7F8    B	L___Lib_System_101_102_103_InitialSetUpRCCRCC236
L___Lib_System_101_102_103_InitialSetUpRCCRCC237:
;__Lib_System_101_102_103.c, 396 :: 		
; ulRCC_CFGR end address is: 4 (R1)
0x05AA	0xE000    B	L___Lib_System_101_102_103_InitialSetUpRCCRCC235
; ulRCC_CR end address is: 8 (R2)
L___Lib_System_101_102_103_InitialSetUpRCCRCC246:
;__Lib_System_101_102_103.c, 393 :: 		
0x05AC	0x4619    MOV	R1, R3
;__Lib_System_101_102_103.c, 396 :: 		
L___Lib_System_101_102_103_InitialSetUpRCCRCC235:
;__Lib_System_101_102_103.c, 398 :: 		
; ulRCC_CFGR start address is: 4 (R1)
; ulRCC_CR start address is: 8 (R2)
0x05AE	0xF4023080  AND	R0, R2, #65536
0x05B2	0xB148    CBZ	R0, L___Lib_System_101_102_103_InitialSetUpRCCRCC247
; ulRCC_CR end address is: 8 (R2)
; ulRCC_CFGR end address is: 4 (R1)
;__Lib_System_101_102_103.c, 399 :: 		
L___Lib_System_101_102_103_InitialSetUpRCCRCC239:
; ulRCC_CR start address is: 8 (R2)
; ulRCC_CFGR start address is: 4 (R1)
0x05B4	0x481C    LDR	R0, [PC, #112]
0x05B6	0x6800    LDR	R0, [R0, #0]
0x05B8	0xF4003000  AND	R0, R0, #131072
0x05BC	0xB900    CBNZ	R0, L___Lib_System_101_102_103_InitialSetUpRCCRCC240
;__Lib_System_101_102_103.c, 400 :: 		
0x05BE	0xE7F9    B	L___Lib_System_101_102_103_InitialSetUpRCCRCC239
L___Lib_System_101_102_103_InitialSetUpRCCRCC240:
;__Lib_System_101_102_103.c, 401 :: 		
0x05C0	0x9201    STR	R2, [SP, #4]
; ulRCC_CFGR end address is: 4 (R1)
0x05C2	0x460A    MOV	R2, R1
0x05C4	0x9901    LDR	R1, [SP, #4]
0x05C6	0xE002    B	L___Lib_System_101_102_103_InitialSetUpRCCRCC238
; ulRCC_CR end address is: 8 (R2)
L___Lib_System_101_102_103_InitialSetUpRCCRCC247:
;__Lib_System_101_102_103.c, 398 :: 		
0x05C8	0x9101    STR	R1, [SP, #4]
0x05CA	0x4611    MOV	R1, R2
0x05CC	0x9A01    LDR	R2, [SP, #4]
;__Lib_System_101_102_103.c, 401 :: 		
L___Lib_System_101_102_103_InitialSetUpRCCRCC238:
;__Lib_System_101_102_103.c, 403 :: 		
; ulRCC_CR start address is: 4 (R1)
; ulRCC_CFGR start address is: 8 (R2)
0x05CE	0xF0017080  AND	R0, R1, #16777216
; ulRCC_CR end address is: 4 (R1)
0x05D2	0xB170    CBZ	R0, L___Lib_System_101_102_103_InitialSetUpRCCRCC248
;__Lib_System_101_102_103.c, 404 :: 		
0x05D4	0x4814    LDR	R0, [PC, #80]
0x05D6	0x6800    LDR	R0, [R0, #0]
0x05D8	0xF0407180  ORR	R1, R0, #16777216
0x05DC	0x4812    LDR	R0, [PC, #72]
0x05DE	0x6001    STR	R1, [R0, #0]
; ulRCC_CFGR end address is: 8 (R2)
0x05E0	0x4611    MOV	R1, R2
;__Lib_System_101_102_103.c, 405 :: 		
L___Lib_System_101_102_103_InitialSetUpRCCRCC242:
; ulRCC_CFGR start address is: 4 (R1)
0x05E2	0x4811    LDR	R0, [PC, #68]
0x05E4	0x6800    LDR	R0, [R0, #0]
0x05E6	0xF0007000  AND	R0, R0, #33554432
0x05EA	0xB900    CBNZ	R0, L___Lib_System_101_102_103_InitialSetUpRCCRCC243
;__Lib_System_101_102_103.c, 406 :: 		
0x05EC	0xE7F9    B	L___Lib_System_101_102_103_InitialSetUpRCCRCC242
L___Lib_System_101_102_103_InitialSetUpRCCRCC243:
;__Lib_System_101_102_103.c, 407 :: 		
0x05EE	0x460A    MOV	R2, R1
0x05F0	0xE7FF    B	L___Lib_System_101_102_103_InitialSetUpRCCRCC241
; ulRCC_CFGR end address is: 4 (R1)
L___Lib_System_101_102_103_InitialSetUpRCCRCC248:
;__Lib_System_101_102_103.c, 403 :: 		
;__Lib_System_101_102_103.c, 407 :: 		
L___Lib_System_101_102_103_InitialSetUpRCCRCC241:
;__Lib_System_101_102_103.c, 410 :: 		
; ulRCC_CFGR start address is: 8 (R2)
; ulRCC_CFGR end address is: 8 (R2)
L___Lib_System_101_102_103_InitialSetUpRCCRCC244:
; ulRCC_CFGR start address is: 8 (R2)
0x05F2	0x480B    LDR	R0, [PC, #44]
0x05F4	0x6800    LDR	R0, [R0, #0]
0x05F6	0xF000010C  AND	R1, R0, #12
0x05FA	0x0090    LSLS	R0, R2, #2
0x05FC	0xF000000C  AND	R0, R0, #12
0x0600	0x4281    CMP	R1, R0
0x0602	0xD000    BEQ	L___Lib_System_101_102_103_InitialSetUpRCCRCC245
;__Lib_System_101_102_103.c, 411 :: 		
; ulRCC_CFGR end address is: 8 (R2)
0x0604	0xE7F5    B	L___Lib_System_101_102_103_InitialSetUpRCCRCC244
L___Lib_System_101_102_103_InitialSetUpRCCRCC245:
;__Lib_System_101_102_103.c, 413 :: 		
L_end_InitialSetUpRCCRCC2:
0x0606	0xF8DDE000  LDR	LR, [SP, #0]
0x060A	0xB002    ADD	SP, SP, #8
0x060C	0x4770    BX	LR
0x060E	0xBF00    NOP
0x0610	0x00810109  	#17367169
0x0614	0xC402005D  	#6145026
0x0618	0x19400001  	#72000
0x061C	0x20004002  	FLASH_ACR+0
0x0620	0x10044002  	RCC_CFGR+0
0x0624	0xFFFF000F  	#1048575
0x0628	0x10004002  	RCC_CR+0
; end of __Lib_System_101_102_103_InitialSetUpRCCRCC2
__Lib_System_101_102_103_SystemClockSetDefault:
;__Lib_System_101_102_103.c, 348 :: 		
0x0444	0xB081    SUB	SP, SP, #4
;__Lib_System_101_102_103.c, 351 :: 		
0x0446	0x480F    LDR	R0, [PC, #60]
0x0448	0x6800    LDR	R0, [R0, #0]
0x044A	0xF0400101  ORR	R1, R0, #1
0x044E	0x480D    LDR	R0, [PC, #52]
0x0450	0x6001    STR	R1, [R0, #0]
;__Lib_System_101_102_103.c, 354 :: 		
0x0452	0x490D    LDR	R1, [PC, #52]
0x0454	0x480D    LDR	R0, [PC, #52]
0x0456	0x6001    STR	R1, [R0, #0]
;__Lib_System_101_102_103.c, 357 :: 		
0x0458	0x480A    LDR	R0, [PC, #40]
0x045A	0x6801    LDR	R1, [R0, #0]
0x045C	0x480C    LDR	R0, [PC, #48]
0x045E	0x4001    ANDS	R1, R0
0x0460	0x4808    LDR	R0, [PC, #32]
0x0462	0x6001    STR	R1, [R0, #0]
;__Lib_System_101_102_103.c, 360 :: 		
0x0464	0x4807    LDR	R0, [PC, #28]
0x0466	0x6801    LDR	R1, [R0, #0]
0x0468	0xF46F2080  MVN	R0, #262144
0x046C	0x4001    ANDS	R1, R0
0x046E	0x4805    LDR	R0, [PC, #20]
0x0470	0x6001    STR	R1, [R0, #0]
;__Lib_System_101_102_103.c, 363 :: 		
0x0472	0x4806    LDR	R0, [PC, #24]
0x0474	0x6801    LDR	R1, [R0, #0]
0x0476	0xF46F00FE  MVN	R0, #8323072
0x047A	0x4001    ANDS	R1, R0
0x047C	0x4803    LDR	R0, [PC, #12]
0x047E	0x6001    STR	R1, [R0, #0]
;__Lib_System_101_102_103.c, 367 :: 		
L_end_SystemClockSetDefault:
0x0480	0xB001    ADD	SP, SP, #4
0x0482	0x4770    BX	LR
0x0484	0x10004002  	RCC_CR+0
0x0488	0x0000F8FF  	#-117506048
0x048C	0x10044002  	RCC_CFGR+0
0x0490	0xFFFFFEF6  	#-17367041
; end of __Lib_System_101_102_103_SystemClockSetDefault
__Lib_System_101_102_103_InitialSetUpFosc:
;__Lib_System_101_102_103.c, 415 :: 		
0x0528	0xB081    SUB	SP, SP, #4
;__Lib_System_101_102_103.c, 416 :: 		
0x052A	0x4902    LDR	R1, [PC, #8]
0x052C	0x4802    LDR	R0, [PC, #8]
0x052E	0x6001    STR	R1, [R0, #0]
;__Lib_System_101_102_103.c, 417 :: 		
L_end_InitialSetUpFosc:
0x0530	0xB001    ADD	SP, SP, #4
0x0532	0x4770    BX	LR
0x0534	0x19400001  	#72000
0x0538	0x00002000  	___System_CLOCK_IN_KHZ+0
; end of __Lib_System_101_102_103_InitialSetUpFosc
___GenExcept:
;__Lib_System_101_102_103.c, 298 :: 		
0x04C4	0xB081    SUB	SP, SP, #4
;__Lib_System_101_102_103.c, 299 :: 		
L___GenExcept27:
0x04C6	0xE7FE    B	L___GenExcept27
;__Lib_System_101_102_103.c, 300 :: 		
L_end___GenExcept:
0x04C8	0xB001    ADD	SP, SP, #4
0x04CA	0x4770    BX	LR
; end of ___GenExcept
0x06DC	0xB500    PUSH	(R14)
0x06DE	0xF8DFB010  LDR	R11, [PC, #16]
0x06E2	0xF8DFA010  LDR	R10, [PC, #16]
0x06E6	0xF7FFFE8F  BL	1032
0x06EA	0xBD00    POP	(R15)
0x06EC	0x4770    BX	LR
0x06EE	0xBF00    NOP
0x06F0	0x00002000  	#536870912
0x06F4	0x00042000  	#536870916
_ext_int:
;DAC_ex5.c, 15 :: 		ics ICS_AUTO
;DAC_ex5.c, 17 :: 		if(read_pending_reg(9) != 0)
0x04D0	0xF84D7D04  PUSH	(R7)
0x04D4	0x4812    LDR	R0, [PC, #72]
0x04D6	0x6800    LDR	R0, [R0, #0]
0x04D8	0xF4007000  AND	R0, R0, #512
0x04DC	0xB1E8    CBZ	R0, L_ext_int0
;DAC_ex5.c, 19 :: 		pending_clr(9);
0x04DE	0x4810    LDR	R0, [PC, #64]
0x04E0	0x6800    LDR	R0, [R0, #0]
0x04E2	0xF4407100  ORR	R1, R0, #512
0x04E6	0x480E    LDR	R0, [PC, #56]
0x04E8	0x6001    STR	R1, [R0, #0]
;DAC_ex5.c, 20 :: 		bit_clr(GPIOA_ODR, 6);
0x04EA	0x480E    LDR	R0, [PC, #56]
0x04EC	0x6801    LDR	R1, [R0, #0]
0x04EE	0xF06F0040  MVN	R0, #64
0x04F2	0x4001    ANDS	R1, R0
0x04F4	0x480B    LDR	R0, [PC, #44]
0x04F6	0x6001    STR	R1, [R0, #0]
;DAC_ex5.c, 21 :: 		delay_ms(200);
0x04F8	0xF64967FF  MOVW	R7, #40703
0x04FC	0xF2C00724  MOVT	R7, #36
L_ext_int1:
0x0500	0x1E7F    SUBS	R7, R7, #1
0x0502	0xD1FD    BNE	L_ext_int1
0x0504	0xBF00    NOP
0x0506	0xBF00    NOP
0x0508	0xBF00    NOP
0x050A	0xBF00    NOP
0x050C	0xBF00    NOP
;DAC_ex5.c, 22 :: 		bit_set(GPIOA_ODR, 6);
0x050E	0x4805    LDR	R0, [PC, #20]
0x0510	0x6800    LDR	R0, [R0, #0]
0x0512	0xF0400140  ORR	R1, R0, #64
0x0516	0x4803    LDR	R0, [PC, #12]
0x0518	0x6001    STR	R1, [R0, #0]
;DAC_ex5.c, 23 :: 		}
L_ext_int0:
;DAC_ex5.c, 24 :: 		}
L_end_ext_int:
0x051A	0xF85D7B04  POP	(R7)
0x051E	0x4770    BX	LR
0x0520	0x04144001  	EXTI_PR+0
0x0524	0x080C4001  	GPIOA_ODR+0
; end of _ext_int
Symbol List:
//** Routines locations **
//ADDRESS    SIZE    PROCEDURE
//----------------------------------------------
0x0130     [120]    _NVIC_IntEnable
0x01A8      [14]    _EnableInterrupts
0x01B8     [272]    _DAC_setup
0x02C8     [140]    _AFIO_setup
0x0354     [180]    _GPIO_setup
0x0408      [58]    ___FillZeros
0x0444      [80]    __Lib_System_101_102_103_SystemClockSetDefault
0x0494      [20]    ___CC2DW
0x04A8      [26]    _setup
0x04C4       [8]    ___GenExcept
0x04D0      [88]    _ext_int
0x0528      [20]    __Lib_System_101_102_103_InitialSetUpFosc
0x053C     [240]    __Lib_System_101_102_103_InitialSetUpRCCRCC2
0x0630     [172]    _main
//** Variables locations ** 
//ADDRESS    SIZE    VARIABLE
//----------------------------------------------
0x20000000       [4]    ___System_CLOCK_IN_KHZ
