0	1	mikroCARM.exe -MSF -DBG -pSTM32F103VE -RA -BIN -APB -LHF -Y -DL -SSA -O11111114 -fo72 -N"C:\Users\Shawon\Desktop\ARM Media\Codes\One Pulse Mode Example\Ex_9.mcpar" -SP"C:\Users\Public\Documents\Mikroelektronika\mikroC PRO for ARM\Defs\" -SP"C:\Users\Public\Documents\Mikroelektronika\mikroC PRO for ARM\Uses\ST M3\" -SP"C:\Users\Public\Documents\Mikroelektronika\mikroC PRO for ARM\Uses\" -SP"C:\Users\Shawon\Desktop\ARM Media\Codes\One Pulse Mode Example\" -SP"C:\Users\Public\Documents\Mikroelektronika\mikroC PRO for ARM\Packages\FAT32 Library\Uses\" -SP"C:\Users\Public\Documents\Mikroelektronika\mikroC PRO for ARM\Packages\STM_DMA\Uses\" -SP"C:\Users\Public\Documents\Mikroelektronika\mikroC PRO for ARM\Packages\STM EEPROM Emulator\Uses\" -SP"C:\Users\Public\Documents\Mikroelektronika\mikroC PRO for ARM\Packages\Printf\Uses\" -SP"C:\Users\Public\Documents\Mikroelektronika\mikroC PRO for ARM\Packages\Memory manager dlmalloc\Uses\" -SP"C:\Users\Public\Documents\Mikroelektronika\mikroC PRO for ARM\Packages\Network_Ethernet_ARM\Uses\" -SP"C:\Users\Public\Documents\Mikroelektronika\mikroC PRO for ARM\Packages\Conversions2\Uses\" -SP"C:\Users\Public\Documents\Mikroelektronika\mikroC PRO for ARM\Packages\External Memory\Uses\" "Ex_9.c" "__Lib_Math.emcl" "__Lib_MathDouble.emcl" "__Lib_Delays.emcl" "__Lib_System_101_102_103.emcl" "__Lib_GPIO_32F10x_Defs.emcl" "__Lib_GPIO_32F10x.emcl"	 
diagnostics: 0	122	Compilation Started	STM32F103VE.c
diagnostics: 37714	123	Compiled Successfully	STM32F103VE.c
diagnostics: 0	122	Compilation Started	__Lib_Delays.c
diagnostics: 118	123	Compiled Successfully	__Lib_Delays.c
hint: 66	1164	Variable 'cycles_div_by_10' has been eliminated by optimizer	__Lib_Delays.c
hint: 87	1164	Variable 'NumberOfCyc' has been eliminated by optimizer	__Lib_Delays.c
hint: 104	1164	Variable 'NumberOfCyc' has been eliminated by optimizer	__Lib_Delays.c
diagnostics: 0	122	Compilation Started	__lib_gpio.h
diagnostics: 814	123	Compiled Successfully	__Lib_GPIO_32F10x_Defs.c
hint: 6	1354	 warning: The macro is redefined     #define enable 0x01     from C:/Users/Shawon/Desktop/ARM Media/Codes/One Pulse Mode Example/Ex_9.c: 3:    #include "AFIO.h"     previously macro "enable" defined as: #define enable  0x1 	c:\users\shawon\desktop\arm media\codes\one pulse mode example\afio.h
hint: 7	1354	 warning: The macro is redefined     #define disable 0x00     from C:/Users/Shawon/Desktop/ARM Media/Codes/One Pulse Mode Example/Ex_9.c: 3:    #include "AFIO.h"     previously macro "disable" defined as: #define disable  0x0 	c:\users\shawon\desktop\arm media\codes\one pulse mode example\afio.h
hint: 9	1354	 warning: The macro is redefined     #define true 0x01     from C:/Users/Shawon/Desktop/ARM Media/Codes/One Pulse Mode Example/Ex_9.c: 3:    #include "AFIO.h"     previously macro "true" defined as: #define true  0x1 	c:\users\shawon\desktop\arm media\codes\one pulse mode example\afio.h
hint: 10	1354	 warning: The macro is redefined     #define false 0x00     from C:/Users/Shawon/Desktop/ARM Media/Codes/One Pulse Mode Example/Ex_9.c: 3:    #include "AFIO.h"     previously macro "false" defined as: #define false  0x0 	c:\users\shawon\desktop\arm media\codes\one pulse mode example\afio.h
hint: 12	1354	 warning: The macro is redefined     #define high 0x01     from C:/Users/Shawon/Desktop/ARM Media/Codes/One Pulse Mode Example/Ex_9.c: 3:    #include "AFIO.h"     previously macro "high" defined as: #define high  0x1 	c:\users\shawon\desktop\arm media\codes\one pulse mode example\afio.h
hint: 13	1354	 warning: The macro is redefined     #define low 0x00     from C:/Users/Shawon/Desktop/ARM Media/Codes/One Pulse Mode Example/Ex_9.c: 3:    #include "AFIO.h"     previously macro "low" defined as: #define low  0x0 	c:\users\shawon\desktop\arm media\codes\one pulse mode example\afio.h
hint: 30	1354	 warning: The macro is redefined     #define enable 0x1     from C:/Users/Shawon/Desktop/ARM Media/Codes/One Pulse Mode Example/Ex_9.c: 4:    #include "GPIO.h"     previously macro "enable" defined as: #define enable  0x01 	c:\users\shawon\desktop\arm media\codes\one pulse mode example\gpio.h
hint: 31	1354	 warning: The macro is redefined     #define disable 0x0     from C:/Users/Shawon/Desktop/ARM Media/Codes/One Pulse Mode Example/Ex_9.c: 4:    #include "GPIO.h"     previously macro "disable" defined as: #define disable  0x00 	c:\users\shawon\desktop\arm media\codes\one pulse mode example\gpio.h
hint: 33	1354	 warning: The macro is redefined     #define true 0x1     from C:/Users/Shawon/Desktop/ARM Media/Codes/One Pulse Mode Example/Ex_9.c: 4:    #include "GPIO.h"     previously macro "true" defined as: #define true  0x01 	c:\users\shawon\desktop\arm media\codes\one pulse mode example\gpio.h
hint: 34	1354	 warning: The macro is redefined     #define false 0x0     from C:/Users/Shawon/Desktop/ARM Media/Codes/One Pulse Mode Example/Ex_9.c: 4:    #include "GPIO.h"     previously macro "false" defined as: #define false  0x00 	c:\users\shawon\desktop\arm media\codes\one pulse mode example\gpio.h
hint: 36	1354	 warning: The macro is redefined     #define high 0x1     from C:/Users/Shawon/Desktop/ARM Media/Codes/One Pulse Mode Example/Ex_9.c: 4:    #include "GPIO.h"     previously macro "high" defined as: #define high  0x01 	c:\users\shawon\desktop\arm media\codes\one pulse mode example\gpio.h
hint: 37	1354	 warning: The macro is redefined     #define low 0x0     from C:/Users/Shawon/Desktop/ARM Media/Codes/One Pulse Mode Example/Ex_9.c: 4:    #include "GPIO.h"     previously macro "low" defined as: #define low  0x00 	c:\users\shawon\desktop\arm media\codes\one pulse mode example\gpio.h
diagnostics: 0	122	Compilation Started	Ex_9.c
diagnostics: 58	123	Compiled Successfully	Ex_9.c
diagnostics: 0	127	All files Compiled in 172 ms	 
hint: 0	1144	Used RX: 11 (69%)   Free RX: 5 (31%)	Used RX: 11 (69%)   Free RX: 5 (31%)
hint: 0	1144	Static RAM (bytes): 4   Dynamic RAM (bytes): 65529	Static RAM (bytes): 4   Dynamic RAM (bytes): 65529
hint: 0	1144	Used ROM (bytes): 1168 (0%)  Free ROM (bytes): 523120 (100%)	Used ROM (bytes): 1168 (0%)  Free ROM (bytes): 523120 (100%)
diagnostics: 0	125	Project Linked Successfully	Ex_9.mcpar
diagnostics: 0	128	Linked in 1078 ms	 
diagnostics: 0	129	Project 'Ex_9.mcpar' completed: 5719 ms	 
diagnostics: 0	103	Finished successfully: 28 Oct 2015, 16:36:01	Ex_9.mcpar
