0	1	mikroCARM.exe -MSF -DBG -pSTM32F103RC -RA -APB -LHF -Y -DL -SSA -O11111115 -fo72 -N"C:\Users\Shawon\Desktop\ARM Media\WWDG Example\WWDG_Demo.mcpar" -SP"C:\Users\Public\Documents\Mikroelektronika\mikroC PRO for ARM\defs\" -SP"C:\Users\Shawon\Desktop\ARM Media\WWDG Example\" -SP"C:\Users\Public\Documents\Mikroelektronika\mikroC PRO for ARM\Uses\ST M3\" "WWDG_Demo.c" "__Lib_Math.emcl" "__Lib_MathDouble.emcl" "__Lib_Delays.emcl" "__Lib_System_101_102_103.emcl" "__Lib_GPIO_32F10x_Defs.emcl" "__Lib_GPIO_32F10x.emcl"	 
diagnostics: 0	122	Compilation Started	STM32F103RC.c
diagnostics: 34561	123	Compiled Successfully	STM32F103RC.c
diagnostics: 0	122	Compilation Started	STM32F103RC.c
diagnostics: 34561	123	Compiled Successfully	STM32F103RC.c
diagnostics: 0	122	Compilation Started	__Lib_Delays.c
diagnostics: 115	123	Compiled Successfully	__Lib_Delays.c
hint: 84	1164	Variable 'NumberOfCyc' has been eliminated by optimizer	__Lib_Delays.c
hint: 101	1164	Variable 'NumberOfCyc' has been eliminated by optimizer	__Lib_Delays.c
diagnostics: 0	122	Compilation Started	__lib_gpio.h
diagnostics: 814	123	Compiled Successfully	__Lib_GPIO_32F10x_Defs.c
diagnostics: 0	122	Compilation Started	WWDG_Demo.c
hint: 0	1004	interrupt handler (WWDG_ISR at 0x0010)	WWDG_Demo.c
diagnostics: 70	123	Compiled Successfully	WWDG_Demo.c
hint: 11	1164	Variable 'cnt' has been eliminated by optimizer	WWDG_Demo.c
hint: 12	1164	Variable 'wdt' has been eliminated by optimizer	WWDG_Demo.c
diagnostics: 0	127	All files Compiled in 31 ms	 
hint: 0	1144	Used RX: 16 (100%)   Free RX: 0 (0%)	Used RX: 16 (100%)   Free RX: 0 (0%)
hint: 0	1144	Static RAM (bytes): 4   Dynamic RAM (bytes): 49145	Static RAM (bytes): 4   Dynamic RAM (bytes): 49145
hint: 0	1144	Used ROM (bytes): 1890 (1%)  Free ROM (bytes): 260254 (99%)	Used ROM (bytes): 1890 (1%)  Free ROM (bytes): 260254 (99%)
diagnostics: 0	125	Project Linked Successfully	WWDG_Demo.mcpar
diagnostics: 0	128	Linked in 406 ms	 
diagnostics: 0	129	Project 'WWDG_Demo.mcpar' completed: 4562 ms	 
diagnostics: 0	103	Finished successfully: 20 Nov 2014, 11:31:35	WWDG_Demo.mcpar
