;  LST file generated by mikroListExporter - v.2.0 
; Date/Time: 7/6/2014 10:38:09 PM
;----------------------------------------------

;Address Opcode 	ASM
____SysVT:
0x0000	0x4FFC2000  	536891388
0x0004	0x03010000  	769
0x0008	0x02C50000  	709
0x000C	0x02C50000  	709
0x0010	0x02C50000  	709
0x0014	0x02C50000  	709
0x0018	0x02C50000  	709
0x001C	0x02C50000  	709
0x0020	0x02C50000  	709
0x0024	0x02C50000  	709
0x0028	0x02C50000  	709
0x002C	0x02C50000  	709
0x0030	0x02C50000  	709
0x0034	0x02C50000  	709
0x0038	0x02C50000  	709
0x003C	0x02C50000  	709
0x0040	0x02C50000  	709
0x0044	0x02C50000  	709
0x0048	0x02C50000  	709
0x004C	0x02C50000  	709
0x0050	0x02C50000  	709
0x0054	0x02C50000  	709
0x0058	0x02C50000  	709
0x005C	0x02C50000  	709
0x0060	0x02C50000  	709
0x0064	0x02C50000  	709
0x0068	0x02C50000  	709
0x006C	0x02C50000  	709
0x0070	0x02C50000  	709
0x0074	0x02C50000  	709
0x0078	0x02C50000  	709
0x007C	0x02C50000  	709
0x0080	0x02C50000  	709
0x0084	0x02C50000  	709
0x0088	0x02C50000  	709
0x008C	0x02C50000  	709
0x0090	0x02C50000  	709
0x0094	0x02C50000  	709
0x0098	0x02C50000  	709
0x009C	0x02C50000  	709
0x00A0	0x02C50000  	709
0x00A4	0x02C50000  	709
0x00A8	0x02C50000  	709
0x00AC	0x02C50000  	709
0x00B0	0x02C50000  	709
0x00B4	0x02C50000  	709
0x00B8	0x02C50000  	709
0x00BC	0x02C50000  	709
0x00C0	0x02C50000  	709
0x00C4	0x02C50000  	709
0x00C8	0x02C50000  	709
0x00CC	0x02C50000  	709
0x00D0	0x02C50000  	709
0x00D4	0x02CD0000  	717
0x00D8	0x02C50000  	709
0x00DC	0x02C50000  	709
0x00E0	0x02C50000  	709
0x00E4	0x02C50000  	709
0x00E8	0x02C50000  	709
0x00EC	0x02C50000  	709
0x00F0	0x02C50000  	709
0x00F4	0x02C50000  	709
0x00F8	0x02C50000  	709
0x00FC	0x02C50000  	709
0x0100	0x02C50000  	709
0x0104	0x02C50000  	709
0x0108	0x02C50000  	709
0x010C	0x02C50000  	709
0x0110	0x02C50000  	709
0x0114	0x02C50000  	709
0x0118	0x02C50000  	709
0x011C	0x02C50000  	709
0x0120	0x02C50000  	709
0x0124	0x02C50000  	709
0x0128	0x02C50000  	709
0x012C	0x02C50000  	709
; end of ____SysVT
_main:
;usart_interrupt.c, 20 :: 		void main()
0x0300	0xF000F80A  BL	792
0x0304	0xF000F8CA  BL	1180
0x0308	0xF000F87E  BL	1032
0x030C	0xF000F886  BL	1052
;usart_interrupt.c, 22 :: 		setup();
0x0310	0xF7FFFFA6  BL	_setup+0
;usart_interrupt.c, 24 :: 		while(1);
L_main1:
0x0314	0xE7FE    B	L_main1
;usart_interrupt.c, 25 :: 		}
L_end_main:
L__main_end_loop:
0x0316	0xE7FE    B	L__main_end_loop
; end of _main
_setup:
;usart_interrupt.c, 28 :: 		void setup()
0x0260	0xB081    SUB	SP, SP, #4
0x0262	0xF8CDE000  STR	LR, [SP, #0]
;usart_interrupt.c, 30 :: 		RCC_APB2ENRbits.IOPAEN = 1;            //Enable GPIOA
0x0266	0x2201    MOVS	R2, #1
0x0268	0xB252    SXTB	R2, R2
0x026A	0x480E    LDR	R0, [PC, #56]
0x026C	0x6002    STR	R2, [R0, #0]
;usart_interrupt.c, 31 :: 		RCC_APB2ENRbits.USART1EN = 1;          //Enable USART1
0x026E	0x480E    LDR	R0, [PC, #56]
0x0270	0x6002    STR	R2, [R0, #0]
;usart_interrupt.c, 32 :: 		GPIOA_CRH = 0x4A0;                     //Set PA9 and PA10 as AFIO pins
0x0272	0xF24041A0  MOVW	R1, #1184
0x0276	0x480D    LDR	R0, [PC, #52]
0x0278	0x6001    STR	R1, [R0, #0]
;usart_interrupt.c, 33 :: 		USART1_BRR = 0x341;                    //Set value for required baud rate
0x027A	0xF2403141  MOVW	R1, #833
0x027E	0x480C    LDR	R0, [PC, #48]
0x0280	0x6001    STR	R1, [R0, #0]
;usart_interrupt.c, 34 :: 		USART1_CR1bits.UE = 1;                 //Set USART1
0x0282	0x480C    LDR	R0, [PC, #48]
0x0284	0x6002    STR	R2, [R0, #0]
;usart_interrupt.c, 35 :: 		USART1_CR1bits.RE = 1;                 //Set USART1 RX to receive incoming data
0x0286	0x480C    LDR	R0, [PC, #48]
0x0288	0x6002    STR	R2, [R0, #0]
;usart_interrupt.c, 36 :: 		USART1_CR1bits.TE = 1;                 //Set USART1 TX to send data
0x028A	0x480C    LDR	R0, [PC, #48]
0x028C	0x6002    STR	R2, [R0, #0]
;usart_interrupt.c, 37 :: 		USART1_CR1bits.RXNEIE = 1;             //Enable RX interrupt
0x028E	0x480C    LDR	R0, [PC, #48]
0x0290	0x6002    STR	R2, [R0, #0]
;usart_interrupt.c, 38 :: 		NVIC_IntEnable(IVT_INT_USART1);
0x0292	0xF2400035  MOVW	R0, #53
0x0296	0xF7FFFF4B  BL	_NVIC_IntEnable+0
;usart_interrupt.c, 39 :: 		}
L_end_setup:
0x029A	0xF8DDE000  LDR	LR, [SP, #0]
0x029E	0xB001    ADD	SP, SP, #4
0x02A0	0x4770    BX	LR
0x02A2	0xBF00    NOP
0x02A4	0x03084242  	RCC_APB2ENRbits+0
0x02A8	0x03384242  	RCC_APB2ENRbits+0
0x02AC	0x08044001  	GPIOA_CRH+0
0x02B0	0x38084001  	USART1_BRR+0
0x02B4	0x01B44227  	USART1_CR1bits+0
0x02B8	0x01884227  	USART1_CR1bits+0
0x02BC	0x018C4227  	USART1_CR1bits+0
0x02C0	0x01944227  	USART1_CR1bits+0
; end of _setup
_NVIC_IntEnable:
;__Lib_System_101_102_103.c, 149 :: 		
; ivt start address is: 0 (R0)
0x0130	0xB081    SUB	SP, SP, #4
; ivt end address is: 0 (R0)
; ivt start address is: 0 (R0)
;__Lib_System_101_102_103.c, 161 :: 		
0x0132	0x2804    CMP	R0, #4
0x0134	0xD106    BNE	L_NVIC_IntEnable6
; ivt end address is: 0 (R0)
;__Lib_System_101_102_103.c, 166 :: 		
0x0136	0x4919    LDR	R1, [PC, #100]
0x0138	0x6809    LDR	R1, [R1, #0]
0x013A	0xF4413280  ORR	R2, R1, #65536
0x013E	0x4917    LDR	R1, [PC, #92]
0x0140	0x600A    STR	R2, [R1, #0]
;__Lib_System_101_102_103.c, 167 :: 		
0x0142	0xE028    B	L_NVIC_IntEnable7
L_NVIC_IntEnable6:
;__Lib_System_101_102_103.c, 168 :: 		
; ivt start address is: 0 (R0)
0x0144	0x2805    CMP	R0, #5
0x0146	0xD106    BNE	L_NVIC_IntEnable8
; ivt end address is: 0 (R0)
;__Lib_System_101_102_103.c, 173 :: 		
0x0148	0x4914    LDR	R1, [PC, #80]
0x014A	0x6809    LDR	R1, [R1, #0]
0x014C	0xF4413200  ORR	R2, R1, #131072
0x0150	0x4912    LDR	R1, [PC, #72]
0x0152	0x600A    STR	R2, [R1, #0]
;__Lib_System_101_102_103.c, 174 :: 		
0x0154	0xE01F    B	L_NVIC_IntEnable9
L_NVIC_IntEnable8:
;__Lib_System_101_102_103.c, 175 :: 		
; ivt start address is: 0 (R0)
0x0156	0x2806    CMP	R0, #6
0x0158	0xD106    BNE	L_NVIC_IntEnable10
; ivt end address is: 0 (R0)
;__Lib_System_101_102_103.c, 180 :: 		
0x015A	0x4910    LDR	R1, [PC, #64]
0x015C	0x6809    LDR	R1, [R1, #0]
0x015E	0xF4412280  ORR	R2, R1, #262144
0x0162	0x490E    LDR	R1, [PC, #56]
0x0164	0x600A    STR	R2, [R1, #0]
;__Lib_System_101_102_103.c, 181 :: 		
0x0166	0xE016    B	L_NVIC_IntEnable11
L_NVIC_IntEnable10:
;__Lib_System_101_102_103.c, 182 :: 		
; ivt start address is: 0 (R0)
0x0168	0x280F    CMP	R0, #15
0x016A	0xD106    BNE	L_NVIC_IntEnable12
; ivt end address is: 0 (R0)
;__Lib_System_101_102_103.c, 187 :: 		
0x016C	0x490C    LDR	R1, [PC, #48]
0x016E	0x6809    LDR	R1, [R1, #0]
0x0170	0xF0410202  ORR	R2, R1, #2
0x0174	0x490A    LDR	R1, [PC, #40]
0x0176	0x600A    STR	R2, [R1, #0]
;__Lib_System_101_102_103.c, 188 :: 		
0x0178	0xE00D    B	L_NVIC_IntEnable13
L_NVIC_IntEnable12:
;__Lib_System_101_102_103.c, 189 :: 		
; ivt start address is: 0 (R0)
0x017A	0x2810    CMP	R0, #16
0x017C	0xD30B    BCC	L_NVIC_IntEnable14
;__Lib_System_101_102_103.c, 194 :: 		
0x017E	0xF2A00410  SUBW	R4, R0, #16
; ivt end address is: 0 (R0)
0x0182	0x0961    LSRS	R1, R4, #5
0x0184	0x008A    LSLS	R2, R1, #2
0x0186	0x4907    LDR	R1, [PC, #28]
0x0188	0x188B    ADDS	R3, R1, R2
;__Lib_System_101_102_103.c, 195 :: 		
0x018A	0xF004021F  AND	R2, R4, #31
0x018E	0xF04F0101  MOV	R1, #1
0x0192	0x4091    LSLS	R1, R2
0x0194	0x6019    STR	R1, [R3, #0]
;__Lib_System_101_102_103.c, 196 :: 		
L_NVIC_IntEnable14:
L_NVIC_IntEnable13:
L_NVIC_IntEnable11:
L_NVIC_IntEnable9:
L_NVIC_IntEnable7:
;__Lib_System_101_102_103.c, 197 :: 		
L_end_NVIC_IntEnable:
0x0196	0xB001    ADD	SP, SP, #4
0x0198	0x4770    BX	LR
0x019A	0xBF00    NOP
0x019C	0xED24E000  	NVIC_SHCSR+0
0x01A0	0xE010E000  	NVIC_SYSTICKCSR+0
0x01A4	0xE100E000  	NVIC_SETENA0+0
; end of _NVIC_IntEnable
___CC2DW:
;__Lib_System_101_102_103.c, 21 :: 		
0x0234	0xB081    SUB	SP, SP, #4
;__Lib_System_101_102_103.c, 23 :: 		
L_loopDW:
;__Lib_System_101_102_103.c, 24 :: 		
0x0236	0xF81C9B01  LDRB	R9, [R12], #1
;__Lib_System_101_102_103.c, 25 :: 		
0x023A	0xF80B9B01  STRB	R9, [R11], #1
;__Lib_System_101_102_103.c, 26 :: 		
0x023E	0xEBBB0F0A  CMP	R11, R10, LSL #0
;__Lib_System_101_102_103.c, 27 :: 		
0x0242	0xD1F8    BNE	L_loopDW
;__Lib_System_101_102_103.c, 29 :: 		
L_end___CC2DW:
0x0244	0xB001    ADD	SP, SP, #4
0x0246	0x4770    BX	LR
; end of ___CC2DW
___FillZeros:
;__Lib_System_101_102_103.c, 63 :: 		
0x01A8	0xB081    SUB	SP, SP, #4
;__Lib_System_101_102_103.c, 65 :: 		
0x01AA	0xF04F0900  MOV	R9, #0
;__Lib_System_101_102_103.c, 66 :: 		
0x01AE	0xF04F0C00  MOV	R12, #0
;__Lib_System_101_102_103.c, 67 :: 		
0x01B2	0xEBBD0F0A  CMP	SP, R10, LSL #0
;__Lib_System_101_102_103.c, 68 :: 		
0x01B6	0xDC04    BGT	L_loopFZs
;__Lib_System_101_102_103.c, 69 :: 		
0x01B8	0xEBBD0F0B  CMP	SP, R11, LSL #0
;__Lib_System_101_102_103.c, 70 :: 		
0x01BC	0xDB01    BLT	L_loopFZs
;__Lib_System_101_102_103.c, 71 :: 		
0x01BE	0x46D4    MOV	R12, R10
;__Lib_System_101_102_103.c, 72 :: 		
0x01C0	0x46EA    MOV	R10, SP
;__Lib_System_101_102_103.c, 73 :: 		
L_loopFZs:
;__Lib_System_101_102_103.c, 74 :: 		
0x01C2	0xF84B9B04  STR	R9, [R11], #4
;__Lib_System_101_102_103.c, 75 :: 		
0x01C6	0xEBBB0F0A  CMP	R11, R10, LSL #0
;__Lib_System_101_102_103.c, 76 :: 		
0x01CA	0xD1FA    BNE	L_loopFZs
;__Lib_System_101_102_103.c, 77 :: 		
0x01CC	0xEBBC0F0A  CMP	R12, R10, LSL #0
;__Lib_System_101_102_103.c, 78 :: 		
0x01D0	0xDD05    BLE	L_norep
;__Lib_System_101_102_103.c, 79 :: 		
0x01D2	0x46E2    MOV	R10, R12
;__Lib_System_101_102_103.c, 80 :: 		
0x01D4	0xF8D9B000  LDR	R11, [R9, #0]
;__Lib_System_101_102_103.c, 81 :: 		
0x01D8	0xF10B0B04  ADD	R11, R11, #4
;__Lib_System_101_102_103.c, 82 :: 		
0x01DC	0xE7F1    B	L_loopFZs
;__Lib_System_101_102_103.c, 83 :: 		
L_norep:
;__Lib_System_101_102_103.c, 85 :: 		
L_end___FillZeros:
0x01DE	0xB001    ADD	SP, SP, #4
0x01E0	0x4770    BX	LR
; end of ___FillZeros
__Lib_System_101_102_103_InitialSetUpRCCRCC2:
;__Lib_System_101_102_103.c, 333 :: 		
0x0318	0xB082    SUB	SP, SP, #8
0x031A	0xF8CDE000  STR	LR, [SP, #0]
;__Lib_System_101_102_103.c, 336 :: 		
; ulRCC_CR start address is: 8 (R2)
0x031E	0x4A33    LDR	R2, [PC, #204]
;__Lib_System_101_102_103.c, 337 :: 		
; ulRCC_CFGR start address is: 12 (R3)
0x0320	0x4B33    LDR	R3, [PC, #204]
;__Lib_System_101_102_103.c, 338 :: 		
; Fosc_kHz start address is: 4 (R1)
0x0322	0x4934    LDR	R1, [PC, #208]
;__Lib_System_101_102_103.c, 345 :: 		
0x0324	0xF64B3080  MOVW	R0, #48000
0x0328	0x4281    CMP	R1, R0
0x032A	0xD906    BLS	L___Lib_System_101_102_103_InitialSetUpRCCRCC228
; Fosc_kHz end address is: 4 (R1)
;__Lib_System_101_102_103.c, 346 :: 		
0x032C	0x4832    LDR	R0, [PC, #200]
0x032E	0x6800    LDR	R0, [R0, #0]
0x0330	0xF0400102  ORR	R1, R0, #2
0x0334	0x4830    LDR	R0, [PC, #192]
0x0336	0x6001    STR	R1, [R0, #0]
0x0338	0xE011    B	L___Lib_System_101_102_103_InitialSetUpRCCRCC229
L___Lib_System_101_102_103_InitialSetUpRCCRCC228:
;__Lib_System_101_102_103.c, 347 :: 		
; Fosc_kHz start address is: 4 (R1)
0x033A	0xF64550C0  MOVW	R0, #24000
0x033E	0x4281    CMP	R1, R0
0x0340	0xD906    BLS	L___Lib_System_101_102_103_InitialSetUpRCCRCC230
; Fosc_kHz end address is: 4 (R1)
;__Lib_System_101_102_103.c, 348 :: 		
0x0342	0x482D    LDR	R0, [PC, #180]
0x0344	0x6800    LDR	R0, [R0, #0]
0x0346	0xF0400101  ORR	R1, R0, #1
0x034A	0x482B    LDR	R0, [PC, #172]
0x034C	0x6001    STR	R1, [R0, #0]
0x034E	0xE006    B	L___Lib_System_101_102_103_InitialSetUpRCCRCC231
L___Lib_System_101_102_103_InitialSetUpRCCRCC230:
;__Lib_System_101_102_103.c, 350 :: 		
0x0350	0x4829    LDR	R0, [PC, #164]
0x0352	0x6801    LDR	R1, [R0, #0]
0x0354	0xF06F0007  MVN	R0, #7
0x0358	0x4001    ANDS	R1, R0
0x035A	0x4827    LDR	R0, [PC, #156]
0x035C	0x6001    STR	R1, [R0, #0]
L___Lib_System_101_102_103_InitialSetUpRCCRCC231:
L___Lib_System_101_102_103_InitialSetUpRCCRCC229:
;__Lib_System_101_102_103.c, 352 :: 		
0x035E	0xF7FFFF41  BL	__Lib_System_101_102_103_SystemClockSetDefault+0
;__Lib_System_101_102_103.c, 354 :: 		
0x0362	0x4826    LDR	R0, [PC, #152]
0x0364	0x6003    STR	R3, [R0, #0]
;__Lib_System_101_102_103.c, 355 :: 		
0x0366	0x4826    LDR	R0, [PC, #152]
0x0368	0xEA020100  AND	R1, R2, R0, LSL #0
0x036C	0x4825    LDR	R0, [PC, #148]
0x036E	0x6001    STR	R1, [R0, #0]
;__Lib_System_101_102_103.c, 357 :: 		
0x0370	0xF0020001  AND	R0, R2, #1
0x0374	0xB140    CBZ	R0, L___Lib_System_101_102_103_InitialSetUpRCCRCC243
; ulRCC_CFGR end address is: 12 (R3)
; ulRCC_CR end address is: 8 (R2)
0x0376	0x4619    MOV	R1, R3
;__Lib_System_101_102_103.c, 358 :: 		
L___Lib_System_101_102_103_InitialSetUpRCCRCC233:
; ulRCC_CFGR start address is: 4 (R1)
; ulRCC_CR start address is: 8 (R2)
0x0378	0x4822    LDR	R0, [PC, #136]
0x037A	0x6800    LDR	R0, [R0, #0]
0x037C	0xF0000002  AND	R0, R0, #2
0x0380	0x2800    CMP	R0, #0
0x0382	0xD100    BNE	L___Lib_System_101_102_103_InitialSetUpRCCRCC234
;__Lib_System_101_102_103.c, 359 :: 		
0x0384	0xE7F8    B	L___Lib_System_101_102_103_InitialSetUpRCCRCC233
L___Lib_System_101_102_103_InitialSetUpRCCRCC234:
;__Lib_System_101_102_103.c, 360 :: 		
; ulRCC_CFGR end address is: 4 (R1)
0x0386	0xE000    B	L___Lib_System_101_102_103_InitialSetUpRCCRCC232
; ulRCC_CR end address is: 8 (R2)
L___Lib_System_101_102_103_InitialSetUpRCCRCC243:
;__Lib_System_101_102_103.c, 357 :: 		
0x0388	0x4619    MOV	R1, R3
;__Lib_System_101_102_103.c, 360 :: 		
L___Lib_System_101_102_103_InitialSetUpRCCRCC232:
;__Lib_System_101_102_103.c, 362 :: 		
; ulRCC_CFGR start address is: 4 (R1)
; ulRCC_CR start address is: 8 (R2)
0x038A	0xF4023080  AND	R0, R2, #65536
0x038E	0xB148    CBZ	R0, L___Lib_System_101_102_103_InitialSetUpRCCRCC244
; ulRCC_CR end address is: 8 (R2)
; ulRCC_CFGR end address is: 4 (R1)
;__Lib_System_101_102_103.c, 363 :: 		
L___Lib_System_101_102_103_InitialSetUpRCCRCC236:
; ulRCC_CR start address is: 8 (R2)
; ulRCC_CFGR start address is: 4 (R1)
0x0390	0x481C    LDR	R0, [PC, #112]
0x0392	0x6800    LDR	R0, [R0, #0]
0x0394	0xF4003000  AND	R0, R0, #131072
0x0398	0xB900    CBNZ	R0, L___Lib_System_101_102_103_InitialSetUpRCCRCC237
;__Lib_System_101_102_103.c, 364 :: 		
0x039A	0xE7F9    B	L___Lib_System_101_102_103_InitialSetUpRCCRCC236
L___Lib_System_101_102_103_InitialSetUpRCCRCC237:
;__Lib_System_101_102_103.c, 365 :: 		
0x039C	0x9201    STR	R2, [SP, #4]
; ulRCC_CFGR end address is: 4 (R1)
0x039E	0x460A    MOV	R2, R1
0x03A0	0x9901    LDR	R1, [SP, #4]
0x03A2	0xE002    B	L___Lib_System_101_102_103_InitialSetUpRCCRCC235
; ulRCC_CR end address is: 8 (R2)
L___Lib_System_101_102_103_InitialSetUpRCCRCC244:
;__Lib_System_101_102_103.c, 362 :: 		
0x03A4	0x9101    STR	R1, [SP, #4]
0x03A6	0x4611    MOV	R1, R2
0x03A8	0x9A01    LDR	R2, [SP, #4]
;__Lib_System_101_102_103.c, 365 :: 		
L___Lib_System_101_102_103_InitialSetUpRCCRCC235:
;__Lib_System_101_102_103.c, 367 :: 		
; ulRCC_CR start address is: 4 (R1)
; ulRCC_CFGR start address is: 8 (R2)
0x03AA	0xF0017080  AND	R0, R1, #16777216
; ulRCC_CR end address is: 4 (R1)
0x03AE	0xB170    CBZ	R0, L___Lib_System_101_102_103_InitialSetUpRCCRCC245
;__Lib_System_101_102_103.c, 368 :: 		
0x03B0	0x4814    LDR	R0, [PC, #80]
0x03B2	0x6800    LDR	R0, [R0, #0]
0x03B4	0xF0407180  ORR	R1, R0, #16777216
0x03B8	0x4812    LDR	R0, [PC, #72]
0x03BA	0x6001    STR	R1, [R0, #0]
; ulRCC_CFGR end address is: 8 (R2)
0x03BC	0x4611    MOV	R1, R2
;__Lib_System_101_102_103.c, 369 :: 		
L___Lib_System_101_102_103_InitialSetUpRCCRCC239:
; ulRCC_CFGR start address is: 4 (R1)
0x03BE	0x4811    LDR	R0, [PC, #68]
0x03C0	0x6800    LDR	R0, [R0, #0]
0x03C2	0xF0007000  AND	R0, R0, #33554432
0x03C6	0xB900    CBNZ	R0, L___Lib_System_101_102_103_InitialSetUpRCCRCC240
;__Lib_System_101_102_103.c, 370 :: 		
0x03C8	0xE7F9    B	L___Lib_System_101_102_103_InitialSetUpRCCRCC239
L___Lib_System_101_102_103_InitialSetUpRCCRCC240:
;__Lib_System_101_102_103.c, 371 :: 		
0x03CA	0x460A    MOV	R2, R1
0x03CC	0xE7FF    B	L___Lib_System_101_102_103_InitialSetUpRCCRCC238
; ulRCC_CFGR end address is: 4 (R1)
L___Lib_System_101_102_103_InitialSetUpRCCRCC245:
;__Lib_System_101_102_103.c, 367 :: 		
;__Lib_System_101_102_103.c, 371 :: 		
L___Lib_System_101_102_103_InitialSetUpRCCRCC238:
;__Lib_System_101_102_103.c, 374 :: 		
; ulRCC_CFGR start address is: 8 (R2)
; ulRCC_CFGR end address is: 8 (R2)
L___Lib_System_101_102_103_InitialSetUpRCCRCC241:
; ulRCC_CFGR start address is: 8 (R2)
0x03CE	0x480B    LDR	R0, [PC, #44]
0x03D0	0x6800    LDR	R0, [R0, #0]
0x03D2	0xF000010C  AND	R1, R0, #12
0x03D6	0x0090    LSLS	R0, R2, #2
0x03D8	0xF000000C  AND	R0, R0, #12
0x03DC	0x4281    CMP	R1, R0
0x03DE	0xD000    BEQ	L___Lib_System_101_102_103_InitialSetUpRCCRCC242
;__Lib_System_101_102_103.c, 375 :: 		
; ulRCC_CFGR end address is: 8 (R2)
0x03E0	0xE7F5    B	L___Lib_System_101_102_103_InitialSetUpRCCRCC241
L___Lib_System_101_102_103_InitialSetUpRCCRCC242:
;__Lib_System_101_102_103.c, 377 :: 		
L_end_InitialSetUpRCCRCC2:
0x03E2	0xF8DDE000  LDR	LR, [SP, #0]
0x03E6	0xB002    ADD	SP, SP, #8
0x03E8	0x4770    BX	LR
0x03EA	0xBF00    NOP
0x03EC	0x00800009  	#589952
0x03F0	0x00010000  	#1
0x03F4	0x3E800000  	#16000
0x03F8	0x20004002  	FLASH_ACR+0
0x03FC	0x10044002  	RCC_CFGR+0
0x0400	0xFFFF000F  	#1048575
0x0404	0x10004002  	RCC_CR+0
; end of __Lib_System_101_102_103_InitialSetUpRCCRCC2
__Lib_System_101_102_103_SystemClockSetDefault:
;__Lib_System_101_102_103.c, 312 :: 		
0x01E4	0xB081    SUB	SP, SP, #4
;__Lib_System_101_102_103.c, 315 :: 		
0x01E6	0x480F    LDR	R0, [PC, #60]
0x01E8	0x6800    LDR	R0, [R0, #0]
0x01EA	0xF0400101  ORR	R1, R0, #1
0x01EE	0x480D    LDR	R0, [PC, #52]
0x01F0	0x6001    STR	R1, [R0, #0]
;__Lib_System_101_102_103.c, 318 :: 		
0x01F2	0x490D    LDR	R1, [PC, #52]
0x01F4	0x480D    LDR	R0, [PC, #52]
0x01F6	0x6001    STR	R1, [R0, #0]
;__Lib_System_101_102_103.c, 321 :: 		
0x01F8	0x480A    LDR	R0, [PC, #40]
0x01FA	0x6801    LDR	R1, [R0, #0]
0x01FC	0x480C    LDR	R0, [PC, #48]
0x01FE	0x4001    ANDS	R1, R0
0x0200	0x4808    LDR	R0, [PC, #32]
0x0202	0x6001    STR	R1, [R0, #0]
;__Lib_System_101_102_103.c, 324 :: 		
0x0204	0x4807    LDR	R0, [PC, #28]
0x0206	0x6801    LDR	R1, [R0, #0]
0x0208	0xF46F2080  MVN	R0, #262144
0x020C	0x4001    ANDS	R1, R0
0x020E	0x4805    LDR	R0, [PC, #20]
0x0210	0x6001    STR	R1, [R0, #0]
;__Lib_System_101_102_103.c, 327 :: 		
0x0212	0x4806    LDR	R0, [PC, #24]
0x0214	0x6801    LDR	R1, [R0, #0]
0x0216	0xF46F00FE  MVN	R0, #8323072
0x021A	0x4001    ANDS	R1, R0
0x021C	0x4803    LDR	R0, [PC, #12]
0x021E	0x6001    STR	R1, [R0, #0]
;__Lib_System_101_102_103.c, 331 :: 		
L_end_SystemClockSetDefault:
0x0220	0xB001    ADD	SP, SP, #4
0x0222	0x4770    BX	LR
0x0224	0x10004002  	RCC_CR+0
0x0228	0x0000F8FF  	#-117506048
0x022C	0x10044002  	RCC_CFGR+0
0x0230	0xFFFFFEF6  	#-17367041
; end of __Lib_System_101_102_103_SystemClockSetDefault
__Lib_System_101_102_103_InitialSetUpFosc:
;__Lib_System_101_102_103.c, 379 :: 		
0x0408	0xB081    SUB	SP, SP, #4
;__Lib_System_101_102_103.c, 380 :: 		
0x040A	0x4902    LDR	R1, [PC, #8]
0x040C	0x4802    LDR	R0, [PC, #8]
0x040E	0x6001    STR	R1, [R0, #0]
;__Lib_System_101_102_103.c, 381 :: 		
L_end_InitialSetUpFosc:
0x0410	0xB001    ADD	SP, SP, #4
0x0412	0x4770    BX	LR
0x0414	0x3E800000  	#16000
0x0418	0x00042000  	___System_CLOCK_IN_KHZ+0
; end of __Lib_System_101_102_103_InitialSetUpFosc
___GenExcept:
;__Lib_System_101_102_103.c, 262 :: 		
0x02C4	0xB081    SUB	SP, SP, #4
;__Lib_System_101_102_103.c, 263 :: 		
L___GenExcept24:
0x02C6	0xE7FE    B	L___GenExcept24
;__Lib_System_101_102_103.c, 264 :: 		
L_end___GenExcept:
0x02C8	0xB001    ADD	SP, SP, #4
0x02CA	0x4770    BX	LR
; end of ___GenExcept
0x041C	0xB500    PUSH	(R14)
0x041E	0xF8DFB014  LDR	R11, [PC, #20]
0x0422	0xF8DFA014  LDR	R10, [PC, #20]
0x0426	0xF8DFC014  LDR	R12, [PC, #20]
0x042A	0xF7FFFF03  BL	564
0x042E	0xBD00    POP	(R15)
0x0430	0x4770    BX	LR
0x0432	0xBF00    NOP
0x0434	0x00002000  	#536870912
0x0438	0x00012000  	#536870913
0x043C	0x01E20000  	#482
0x049C	0xB500    PUSH	(R14)
0x049E	0xF8DFB010  LDR	R11, [PC, #16]
0x04A2	0xF8DFA010  LDR	R10, [PC, #16]
0x04A6	0xF7FFFE7F  BL	424
0x04AA	0xBD00    POP	(R15)
0x04AC	0x4770    BX	LR
0x04AE	0xBF00    NOP
0x04B0	0x00002000  	#536870912
0x04B4	0x00082000  	#536870920
_data_received:
;usart_interrupt.c, 9 :: 		iv IVT_INT_USART1 ics ICS_AUTO          //RX interrupt subroutine
0x02CC	0xB081    SUB	SP, SP, #4
0x02CE	0xF8CDE000  STR	LR, [SP, #0]
;usart_interrupt.c, 11 :: 		if(USART1_SRbits.RXNE == 1)          //RX buffer not empty
0x02D2	0x4908    LDR	R1, [PC, #32]
0x02D4	0x6808    LDR	R0, [R1, #0]
0x02D6	0xB128    CBZ	R0, L_data_received0
;usart_interrupt.c, 13 :: 		rcv = (0xFF & USART1_DR);        //Read data from data register
0x02D8	0x4807    LDR	R0, [PC, #28]
0x02DA	0x6800    LDR	R0, [R0, #0]
0x02DC	0xF00001FF  AND	R1, R0, #255
0x02E0	0x4806    LDR	R0, [PC, #24]
0x02E2	0x7001    STRB	R1, [R0, #0]
;usart_interrupt.c, 14 :: 		}
L_data_received0:
;usart_interrupt.c, 16 :: 		USART1_send(rcv);                    //Send received data
0x02E4	0x4805    LDR	R0, [PC, #20]
0x02E6	0x7800    LDRB	R0, [R0, #0]
0x02E8	0xF7FFFFAE  BL	_USART1_send+0
;usart_interrupt.c, 17 :: 		}
L_end_data_received:
0x02EC	0xF8DDE000  LDR	LR, [SP, #0]
0x02F0	0xB001    ADD	SP, SP, #4
0x02F2	0x4770    BX	LR
0x02F4	0x00144227  	USART1_SRbits+0
0x02F8	0x38044001  	USART1_DR+0
0x02FC	0x00002000  	_rcv+0
; end of _data_received
_USART1_send:
;usart_interrupt.c, 43 :: 		void USART1_send(unsigned char value)
; value start address is: 0 (R0)
; value end address is: 0 (R0)
; value start address is: 0 (R0)
;usart_interrupt.c, 45 :: 		USART1_DR = value;                 //transfer data to DR register
0x0248	0x4903    LDR	R1, [PC, #12]
0x024A	0x6008    STR	R0, [R1, #0]
; value end address is: 0 (R0)
;usart_interrupt.c, 46 :: 		while(USART1_SRbits.TXE == 0);     //wait until data transmission is complete
L_USART1_send3:
0x024C	0x4A03    LDR	R2, [PC, #12]
0x024E	0x6811    LDR	R1, [R2, #0]
0x0250	0xB901    CBNZ	R1, L_USART1_send4
0x0252	0xE7FB    B	L_USART1_send3
L_USART1_send4:
;usart_interrupt.c, 47 :: 		}
L_end_USART1_send:
0x0254	0x4770    BX	LR
0x0256	0xBF00    NOP
0x0258	0x38044001  	USART1_DR+0
0x025C	0x001C4227  	USART1_SRbits+0
; end of _USART1_send
;usart_interrupt.c,0 :: ?ICS_rcv [1]
0x01E2	0x00 ;?ICS_rcv+0
; end of ?ICS_rcv
Symbol List:
//** Routines locations **
//ADDRESS    SIZE    PROCEDURE
//----------------------------------------------
0x0130     [120]    _NVIC_IntEnable
0x01A8      [58]    ___FillZeros
0x01E4      [80]    __Lib_System_101_102_103_SystemClockSetDefault
0x0234      [20]    ___CC2DW
0x0248      [24]    _USART1_send
0x0260     [100]    _setup
0x02C4       [8]    ___GenExcept
0x02CC      [52]    _data_received
0x0300      [24]    _main
0x0318     [240]    __Lib_System_101_102_103_InitialSetUpRCCRCC2
0x0408      [20]    __Lib_System_101_102_103_InitialSetUpFosc
//** Variables locations ** 
//ADDRESS    SIZE    VARIABLE
//----------------------------------------------
0x20000000       [1]    _rcv
0x20000004       [4]    ___System_CLOCK_IN_KHZ
//** Constants locations ** 
//ADDRESS    SIZE    CONSTANT
//----------------------------------------------
0x01E2       [1]    ?ICS_rcv
