0	1	mikroCARM.exe -MSF -DBG -pSTM32F103C8 -RA -APB -LHF -C -Y -DL -SSA -O11111115 -fo16 -N"H:\Current Works\Transfer\Laptop to Desktop\USART Code Examples\USART1 with Interrupt\usart_interrupt.mcpar" -SP"C:\Users\Public\Documents\Mikroelektronika\mikroC PRO for ARM\defs\" -SP"H:\Current Works\Transfer\Laptop to Desktop\USART Code Examples\USART1 with Interrupt\" -SP"C:\Users\Public\Documents\Mikroelektronika\mikroC PRO for ARM\Uses\ST M3\" -SP"C:\Users\Shawon\Desktop\USART Codes\USART1 with Interrupt\" "usart_interrupt.c" "__Lib_Math.emcl" "__Lib_MathDouble.emcl" "__Lib_Delays.emcl" "__Lib_System_101_102_103.emcl" "__Lib_GPIO_32F10x_Defs.emcl" "__Lib_GPIO_32F10x.emcl"	 
warning: 0	1501	Specified search path does not exist: 'C:\Users\Shawon\Desktop\USART Codes\USART1 with Interrupt'	 
diagnostics: 0	122	Compilation Started	STM32F103C8.c
diagnostics: 36415	123	Compiled Successfully	STM32F103C8.c
diagnostics: 0	122	Compilation Started	__Lib_Delays.c
diagnostics: 115	123	Compiled Successfully	__Lib_Delays.c
hint: 84	1164	Variable 'NumberOfCyc' has been eliminated by optimizer	__Lib_Delays.c
hint: 101	1164	Variable 'NumberOfCyc' has been eliminated by optimizer	__Lib_Delays.c
diagnostics: 0	122	Compilation Started	__lib_gpio.h
diagnostics: 814	123	Compiled Successfully	__Lib_GPIO_32F10x_Defs.c
diagnostics: 0	122	Compilation Started	usart_interrupt.c
hint: 0	1004	interrupt handler (data_received at 0x0035)	usart_interrupt.c
diagnostics: 47	123	Compiled Successfully	usart_interrupt.c
diagnostics: 0	127	All files Compiled in 156 ms	 
hint: 0	1144	Used RX: 12 (75%)   Free RX: 4 (25%)	Used RX: 12 (75%)   Free RX: 4 (25%)
hint: 0	1144	Static RAM (bytes): 5   Dynamic RAM (bytes): 20469	Static RAM (bytes): 5   Dynamic RAM (bytes): 20469
hint: 0	1144	Used ROM (bytes): 1211 (2%)  Free ROM (bytes): 64325 (98%)	Used ROM (bytes): 1211 (2%)  Free ROM (bytes): 64325 (98%)
diagnostics: 0	125	Project Linked Successfully	usart_interrupt.mcpar
diagnostics: 0	128	Linked in 2391 ms	 
diagnostics: 0	129	Project 'usart_interrupt.mcpar' completed: 6078 ms	 
diagnostics: 0	103	Finished successfully: 06 Jul 2014, 22:38:11	usart_interrupt.mcpar
