0	1	mikroCARM.exe -MSF -DBG -pSTM32F103C8 -RA -APB -LHF -C -Y -DL -SSA -O11111115 -fo8 -N"H:\Current Works\Transfer\Laptop to Desktop\USART Code Examples\USART1 Half-Duplex\usart1.mcpar" -SP"C:\Users\Public\Documents\Mikroelektronika\mikroC PRO for ARM\defs\" -SP"H:\Current Works\Transfer\Laptop to Desktop\USART Code Examples\USART1 Half-Duplex\" -SP"C:\Users\Public\Documents\Mikroelektronika\mikroC PRO for ARM\Uses\ST M3\" -SP"C:\Users\Shawon\Desktop\USART1\" "usart1.c" "__Lib_Math.emcl" "__Lib_MathDouble.emcl" "__Lib_Delays.emcl" "__Lib_System_101_102_103.emcl" "__Lib_GPIO_32F10x_Defs.emcl" "__Lib_GPIO_32F10x.emcl"	 
warning: 0	1501	Specified search path does not exist: 'C:\Users\Shawon\Desktop\USART1'	 
diagnostics: 0	122	Compilation Started	STM32F103C8.c
diagnostics: 36415	123	Compiled Successfully	STM32F103C8.c
diagnostics: 0	122	Compilation Started	__Lib_Delays.c
diagnostics: 115	123	Compiled Successfully	__Lib_Delays.c
hint: 84	1164	Variable 'NumberOfCyc' has been eliminated by optimizer	__Lib_Delays.c
hint: 101	1164	Variable 'NumberOfCyc' has been eliminated by optimizer	__Lib_Delays.c
diagnostics: 0	122	Compilation Started	__lib_gpio.h
diagnostics: 814	123	Compiled Successfully	__Lib_GPIO_32F10x_Defs.c
diagnostics: 0	122	Compilation Started	usart1.c
diagnostics: 43	123	Compiled Successfully	usart1.c
hint: 8	1164	Variable 'S' has been eliminated by optimizer	usart1.c
diagnostics: 0	127	All files Compiled in 796 ms	 
hint: 0	1144	Used RX: 11 (69%)   Free RX: 5 (31%)	Used RX: 11 (69%)   Free RX: 5 (31%)
hint: 0	1144	Static RAM (bytes): 4   Dynamic RAM (bytes): 20473	Static RAM (bytes): 4   Dynamic RAM (bytes): 20473
hint: 0	1144	Used ROM (bytes): 914 (1%)  Free ROM (bytes): 64622 (99%)	Used ROM (bytes): 914 (1%)  Free ROM (bytes): 64622 (99%)
diagnostics: 0	125	Project Linked Successfully	usart1.mcpar
diagnostics: 0	128	Linked in 1485 ms	 
diagnostics: 0	129	Project 'usart1.mcpar' completed: 4375 ms	 
diagnostics: 0	103	Finished successfully: 06 Jul 2014, 17:55:58	usart1.mcpar
