0	1	mikroCARM.exe -MSF -DBG -pSTM32F103C8 -RA -BIN -LHF -DL -SSA -O11111114 -fo72 -N"C:\Users\Shawon & Nipa\Desktop\ADC Examples\STM32 ADC External Interrupt Triggered Single Channel Single Conversion Mode Example\EX_7.mcpar" -SP"C:\Users\Public\Documents\Mikroelektronika\mikroC PRO for ARM\Defs\" -SP"C:\Users\Public\Documents\Mikroelektronika\mikroC PRO for ARM\Uses\" -SP"C:\Users\Shawon & Nipa\Desktop\ADC Examples\STM32 ADC External Interrupt Triggered Single Channel Single Conversion Mode Example\" -SP"C:\Users\Public\Documents\Mikroelektronika\mikroC PRO for ARM\Uses\ST M3\" -IP"C:\Users\Shawon & Nipa\Desktop\ADC Examples\STM32 ADC External Interrupt Triggered Single Channel Single Conversion Mode Example\" "EX_7.c" "__Lib_Math.emcl" "__Lib_MathDouble.emcl" "__Lib_Delays.emcl" "__Lib_System_101_102_103.emcl" "__Lib_GPIO_32F10x_Defs.emcl" "__Lib_GPIO_32F10x.emcl" "__Lib_LcdConsts.emcl" "__Lib_Lcd.emcl"	 
diagnostics: 0	122	Compilation Started	STM32F103C8.c
diagnostics: 36415	123	Compiled Successfully	STM32F103C8.c
diagnostics: 0	122	Compilation Started	__Lib_Delays.c
diagnostics: 118	123	Compiled Successfully	__Lib_Delays.c
hint: 66	1164	Variable 'cycles_div_by_10' has been eliminated by optimizer	__Lib_Delays.c
hint: 87	1164	Variable 'NumberOfCyc' has been eliminated by optimizer	__Lib_Delays.c
hint: 104	1164	Variable 'NumberOfCyc' has been eliminated by optimizer	__Lib_Delays.c
diagnostics: 0	122	Compilation Started	__lib_gpio.h
diagnostics: 814	123	Compiled Successfully	__Lib_GPIO_32F10x_Defs.c
hint: 30	1354	 warning: The macro is redefined     #define enable 0x1     from C:/Users/Shawon & Nipa/Desktop/ADC Examples/STM32 ADC External Interrupt Triggered Single Channel Single Conversion Mode Example/EX_7.c: 2:    #include "GPIO.h"     previously macro "enable" defined as: #define enable  0x01 	c:\users\shawon & nipa\desktop\adc examples\stm32 adc external interrupt triggered single channel single conversion mode example\gpio.h
hint: 31	1354	 warning: The macro is redefined     #define disable 0x0     from C:/Users/Shawon & Nipa/Desktop/ADC Examples/STM32 ADC External Interrupt Triggered Single Channel Single Conversion Mode Example/EX_7.c: 2:    #include "GPIO.h"     previously macro "disable" defined as: #define disable  0x00 	c:\users\shawon & nipa\desktop\adc examples\stm32 adc external interrupt triggered single channel single conversion mode example\gpio.h
hint: 33	1354	 warning: The macro is redefined     #define true 0x1     from C:/Users/Shawon & Nipa/Desktop/ADC Examples/STM32 ADC External Interrupt Triggered Single Channel Single Conversion Mode Example/EX_7.c: 2:    #include "GPIO.h"     previously macro "true" defined as: #define true  0x01 	c:\users\shawon & nipa\desktop\adc examples\stm32 adc external interrupt triggered single channel single conversion mode example\gpio.h
hint: 34	1354	 warning: The macro is redefined     #define false 0x0     from C:/Users/Shawon & Nipa/Desktop/ADC Examples/STM32 ADC External Interrupt Triggered Single Channel Single Conversion Mode Example/EX_7.c: 2:    #include "GPIO.h"     previously macro "false" defined as: #define false  0x00 	c:\users\shawon & nipa\desktop\adc examples\stm32 adc external interrupt triggered single channel single conversion mode example\gpio.h
hint: 36	1354	 warning: The macro is redefined     #define high 0x1     from C:/Users/Shawon & Nipa/Desktop/ADC Examples/STM32 ADC External Interrupt Triggered Single Channel Single Conversion Mode Example/EX_7.c: 2:    #include "GPIO.h"     previously macro "high" defined as: #define high  0x01 	c:\users\shawon & nipa\desktop\adc examples\stm32 adc external interrupt triggered single channel single conversion mode example\gpio.h
hint: 37	1354	 warning: The macro is redefined     #define low 0x0     from C:/Users/Shawon & Nipa/Desktop/ADC Examples/STM32 ADC External Interrupt Triggered Single Channel Single Conversion Mode Example/EX_7.c: 2:    #include "GPIO.h"     previously macro "low" defined as: #define low  0x00 	c:\users\shawon & nipa\desktop\adc examples\stm32 adc external interrupt triggered single channel single conversion mode example\gpio.h
hint: 6	1354	 warning: The macro is redefined     #define enable 0x01     from C:/Users/Shawon & Nipa/Desktop/ADC Examples/STM32 ADC External Interrupt Triggered Single Channel Single Conversion Mode Example/EX_7.c: 3:    #include "AFIO.h"     previously macro "enable" defined as: #define enable  0x1 	c:\users\shawon & nipa\desktop\adc examples\stm32 adc external interrupt triggered single channel single conversion mode example\afio.h
hint: 7	1354	 warning: The macro is redefined     #define disable 0x00     from C:/Users/Shawon & Nipa/Desktop/ADC Examples/STM32 ADC External Interrupt Triggered Single Channel Single Conversion Mode Example/EX_7.c: 3:    #include "AFIO.h"     previously macro "disable" defined as: #define disable  0x0 	c:\users\shawon & nipa\desktop\adc examples\stm32 adc external interrupt triggered single channel single conversion mode example\afio.h
hint: 9	1354	 warning: The macro is redefined     #define true 0x01     from C:/Users/Shawon & Nipa/Desktop/ADC Examples/STM32 ADC External Interrupt Triggered Single Channel Single Conversion Mode Example/EX_7.c: 3:    #include "AFIO.h"     previously macro "true" defined as: #define true  0x1 	c:\users\shawon & nipa\desktop\adc examples\stm32 adc external interrupt triggered single channel single conversion mode example\afio.h
hint: 10	1354	 warning: The macro is redefined     #define false 0x00     from C:/Users/Shawon & Nipa/Desktop/ADC Examples/STM32 ADC External Interrupt Triggered Single Channel Single Conversion Mode Example/EX_7.c: 3:    #include "AFIO.h"     previously macro "false" defined as: #define false  0x0 	c:\users\shawon & nipa\desktop\adc examples\stm32 adc external interrupt triggered single channel single conversion mode example\afio.h
hint: 12	1354	 warning: The macro is redefined     #define high 0x01     from C:/Users/Shawon & Nipa/Desktop/ADC Examples/STM32 ADC External Interrupt Triggered Single Channel Single Conversion Mode Example/EX_7.c: 3:    #include "AFIO.h"     previously macro "high" defined as: #define high  0x1 	c:\users\shawon & nipa\desktop\adc examples\stm32 adc external interrupt triggered single channel single conversion mode example\afio.h
hint: 13	1354	 warning: The macro is redefined     #define low 0x00     from C:/Users/Shawon & Nipa/Desktop/ADC Examples/STM32 ADC External Interrupt Triggered Single Channel Single Conversion Mode Example/EX_7.c: 3:    #include "AFIO.h"     previously macro "low" defined as: #define low  0x0 	c:\users\shawon & nipa\desktop\adc examples\stm32 adc external interrupt triggered single channel single conversion mode example\afio.h
diagnostics: 0	122	Compilation Started	EX_7.c
hint: 0	1004	interrupt handler (EXTI11_ISR at 0x0038)	EX_7.c
hint: 0	1004	interrupt handler (ADC1_ISR at 0x0022)	EX_7.c
diagnostics: 139	123	Compiled Successfully	EX_7.c
hint: 123	1164	Variable 'tmp' has been eliminated by optimizer	EX_7.c
diagnostics: 0	127	All files Compiled in 203 ms	 
hint: 0	1144	Used RX: 16 (100%)   Free RX: 0 (0%)	Used RX: 16 (100%)   Free RX: 0 (0%)
hint: 0	1144	Static RAM (bytes): 19   Dynamic RAM (bytes): 20457	Static RAM (bytes): 19   Dynamic RAM (bytes): 20457
hint: 0	1144	Used ROM (bytes): 4806 (7%)  Free ROM (bytes): 60730 (93%)	Used ROM (bytes): 4806 (7%)  Free ROM (bytes): 60730 (93%)
diagnostics: 0	125	Project Linked Successfully	EX_7.mcpar
diagnostics: 0	128	Linked in 860 ms	 
diagnostics: 0	129	Project 'EX_7.mcpar' completed: 5047 ms	 
diagnostics: 0	103	Finished successfully: 17 Nov 2015, 22:24:53	EX_7.mcpar
