0	1	mikroCARM.exe -MSF -DBG -pSTM32F103VE -RA -BIN -LHF -DL -SSA -O11111114 -fo72 -N"C:\Users\Shawon & Nipa\Desktop\ARM Media\Codes\MikroC Timer Calculator\Ex_1.mcpar" -SP"C:\Users\Public\Documents\Mikroelektronika\mikroC PRO for ARM\Defs\" -SP"C:\Users\Public\Documents\Mikroelektronika\mikroC PRO for ARM\Uses\ST M3\" -SP"C:\Users\Public\Documents\Mikroelektronika\mikroC PRO for ARM\Uses\" -SP"C:\Users\Shawon & Nipa\Desktop\ARM Media\Codes\MikroC Timer Calculator\" "Ex_1.c" "__Lib_Math.emcl" "__Lib_MathDouble.emcl" "__Lib_Delays.emcl" "__Lib_System_101_102_103.emcl" "__Lib_GPIO_32F10x_Defs.emcl" "__Lib_GPIO_32F10x.emcl"	 
diagnostics: 0	122	Compilation Started	STM32F103VE.c
diagnostics: 37714	123	Compiled Successfully	STM32F103VE.c
diagnostics: 0	122	Compilation Started	__Lib_Delays.c
diagnostics: 118	123	Compiled Successfully	__Lib_Delays.c
hint: 66	1164	Variable 'cycles_div_by_10' has been eliminated by optimizer	__Lib_Delays.c
hint: 87	1164	Variable 'NumberOfCyc' has been eliminated by optimizer	__Lib_Delays.c
hint: 104	1164	Variable 'NumberOfCyc' has been eliminated by optimizer	__Lib_Delays.c
diagnostics: 0	122	Compilation Started	__lib_gpio.h
diagnostics: 814	123	Compiled Successfully	__Lib_GPIO_32F10x_Defs.c
diagnostics: 0	122	Compilation Started	Ex_1.c
hint: 0	1004	interrupt handler (TIM6_ISR at 0x0046)	Ex_1.c
diagnostics: 55	123	Compiled Successfully	Ex_1.c
diagnostics: 0	127	All files Compiled in 109 ms	 
hint: 0	1144	Used RX: 16 (100%)   Free RX: 0 (0%)	Used RX: 16 (100%)   Free RX: 0 (0%)
hint: 0	1144	Static RAM (bytes): 4   Dynamic RAM (bytes): 65529	Static RAM (bytes): 4   Dynamic RAM (bytes): 65529
hint: 0	1144	Used ROM (bytes): 1802 (0%)  Free ROM (bytes): 522486 (100%)	Used ROM (bytes): 1802 (0%)  Free ROM (bytes): 522486 (100%)
diagnostics: 0	125	Project Linked Successfully	Ex_1.mcpar
diagnostics: 0	128	Linked in 922 ms	 
diagnostics: 0	129	Project 'Ex_1.mcpar' completed: 4094 ms	 
diagnostics: 0	103	Finished successfully: 24 Oct 2015, 18:11:03	Ex_1.mcpar
