0	1	mikroCARM.exe -MSF -DBG -pSTM32F103C8 -RA -APB -LHF -Y -DL -SSA -O11111115 -fo8 -N"C:\Users\Shawon\Desktop\GPIO Code Examples\GPIO with Individual Bits\GPIO.mcpar" -SP"C:\Users\Public\Documents\Mikroelektronika\mikroC PRO for ARM\defs\" -SP"C:\Users\Shawon\Desktop\GPIO Code Examples\GPIO with Individual Bits\" -SP"C:\Users\Shawon&Nipa\Desktop\GPIO\" -SP"C:\Users\Public\Documents\Mikroelektronika\mikroC PRO for ARM\Uses\ST M3\" "GPIO.c" "__Lib_Math.emcl" "__Lib_MathDouble.emcl" "__Lib_Delays.emcl" "__Lib_System_101_102_103.emcl" "__Lib_GPIO_32F10x_Defs.emcl" "__Lib_GPIO_32F10x.emcl"	 
warning: 0	1501	Specified search path does not exist: 'C:\Users\Shawon&Nipa\Desktop\GPIO'	 
diagnostics: 0	122	Compilation Started	STM32F103C8.c
diagnostics: 36415	123	Compiled Successfully	STM32F103C8.c
diagnostics: 0	122	Compilation Started	__Lib_Delays.c
diagnostics: 115	123	Compiled Successfully	__Lib_Delays.c
hint: 84	1164	Variable 'NumberOfCyc' has been eliminated by optimizer	__Lib_Delays.c
hint: 101	1164	Variable 'NumberOfCyc' has been eliminated by optimizer	__Lib_Delays.c
diagnostics: 0	122	Compilation Started	__lib_gpio.h
diagnostics: 814	123	Compiled Successfully	__Lib_GPIO_32F10x_Defs.c
diagnostics: 0	122	Compilation Started	GPIO.c
diagnostics: 59	123	Compiled Successfully	GPIO.c
diagnostics: 0	127	All files Compiled in 63 ms	 
hint: 0	1144	Used RX: 11 (69%)   Free RX: 5 (31%)	Used RX: 11 (69%)   Free RX: 5 (31%)
hint: 0	1144	Static RAM (bytes): 4   Dynamic RAM (bytes): 20473	Static RAM (bytes): 4   Dynamic RAM (bytes): 20473
hint: 0	1144	Used ROM (bytes): 1100 (2%)  Free ROM (bytes): 64436 (98%)	Used ROM (bytes): 1100 (2%)  Free ROM (bytes): 64436 (98%)
diagnostics: 0	125	Project Linked Successfully	GPIO.mcpar
diagnostics: 0	128	Linked in 515 ms	 
diagnostics: 0	129	Project 'GPIO.mcpar' completed: 2437 ms	 
diagnostics: 0	103	Finished successfully: 28 Jun 2014, 13:25:45	GPIO.mcpar
