;  LST file generated by mikroListExporter - v.2.0 
; Date/Time: 28-Jun-14 01:25:44 PM
;----------------------------------------------

;Address Opcode 	ASM
____SysVT:
0x0000	0x4FFC2000  	536891388
0x0004	0x03E50000  	997
0x0008	0x02ED0000  	749
0x000C	0x02ED0000  	749
0x0010	0x02ED0000  	749
0x0014	0x02ED0000  	749
0x0018	0x02ED0000  	749
0x001C	0x02ED0000  	749
0x0020	0x02ED0000  	749
0x0024	0x02ED0000  	749
0x0028	0x02ED0000  	749
0x002C	0x02ED0000  	749
0x0030	0x02ED0000  	749
0x0034	0x02ED0000  	749
0x0038	0x02ED0000  	749
0x003C	0x02ED0000  	749
0x0040	0x02ED0000  	749
0x0044	0x02ED0000  	749
0x0048	0x02ED0000  	749
0x004C	0x02ED0000  	749
0x0050	0x02ED0000  	749
0x0054	0x02ED0000  	749
0x0058	0x02ED0000  	749
0x005C	0x02ED0000  	749
0x0060	0x02ED0000  	749
0x0064	0x02ED0000  	749
0x0068	0x02ED0000  	749
0x006C	0x02ED0000  	749
0x0070	0x02ED0000  	749
0x0074	0x02ED0000  	749
0x0078	0x02ED0000  	749
0x007C	0x02ED0000  	749
0x0080	0x02ED0000  	749
0x0084	0x02ED0000  	749
0x0088	0x02ED0000  	749
0x008C	0x02ED0000  	749
0x0090	0x02ED0000  	749
0x0094	0x02ED0000  	749
0x0098	0x02ED0000  	749
0x009C	0x02ED0000  	749
0x00A0	0x02ED0000  	749
0x00A4	0x02ED0000  	749
0x00A8	0x02ED0000  	749
0x00AC	0x02ED0000  	749
0x00B0	0x02ED0000  	749
0x00B4	0x02ED0000  	749
0x00B8	0x02ED0000  	749
0x00BC	0x02ED0000  	749
0x00C0	0x02ED0000  	749
0x00C4	0x02ED0000  	749
0x00C8	0x02ED0000  	749
0x00CC	0x02ED0000  	749
0x00D0	0x02ED0000  	749
0x00D4	0x02ED0000  	749
0x00D8	0x02ED0000  	749
0x00DC	0x02ED0000  	749
0x00E0	0x02ED0000  	749
0x00E4	0x02ED0000  	749
0x00E8	0x02ED0000  	749
0x00EC	0x02ED0000  	749
0x00F0	0x02ED0000  	749
0x00F4	0x02ED0000  	749
0x00F8	0x02ED0000  	749
0x00FC	0x02ED0000  	749
0x0100	0x02ED0000  	749
0x0104	0x02ED0000  	749
0x0108	0x02ED0000  	749
0x010C	0x02ED0000  	749
0x0110	0x02ED0000  	749
0x0114	0x02ED0000  	749
0x0118	0x02ED0000  	749
0x011C	0x02ED0000  	749
0x0120	0x02ED0000  	749
0x0124	0x02ED0000  	749
0x0128	0x02ED0000  	749
0x012C	0x02ED0000  	749
; end of ____SysVT
_main:
;GPIO.c, 4 :: 		void main()
0x03E4	0xF7FFFF86  BL	756
0x03E8	0xF000F822  BL	1072
0x03EC	0xF7FFFF74  BL	728
;GPIO.c, 6 :: 		unsigned int dly = 600;
;GPIO.c, 8 :: 		setup();                              //set registers and chip peripherals
0x03F0	0xF7FFFEFE  BL	_setup+0
;GPIO.c, 10 :: 		while(1)
L_main0:
;GPIO.c, 12 :: 		if(GPIOA_IDRbits.IDR0)                          //Button not pressed
0x03F4	0x490B    LDR	R1, [PC, #44]
0x03F6	0x6808    LDR	R0, [R1, #0]
0x03F8	0xB108    CBZ	R0, L_main2
;GPIO.c, 14 :: 		dly = 200;
; dly start address is: 12 (R3)
0x03FA	0x23C8    MOVS	R3, #200
;GPIO.c, 15 :: 		}
; dly end address is: 12 (R3)
0x03FC	0xE001    B	L_main3
L_main2:
;GPIO.c, 18 :: 		dly = 600;
; dly start address is: 12 (R3)
0x03FE	0xF2402358  MOVW	R3, #600
; dly end address is: 12 (R3)
;GPIO.c, 19 :: 		}
L_main3:
;GPIO.c, 21 :: 		GPIOB_BSRRbits.BS15 = 1;                 //Turn on LED
; dly start address is: 12 (R3)
0x0402	0x2101    MOVS	R1, #1
0x0404	0xB249    SXTB	R1, R1
0x0406	0x4808    LDR	R0, [PC, #32]
0x0408	0x6001    STR	R1, [R0, #0]
;GPIO.c, 22 :: 		Vdelay_ms(dly);                          //Wait for some time
0x040A	0xB298    UXTH	R0, R3
0x040C	0xF7FFFF4C  BL	_VDelay_ms+0
;GPIO.c, 23 :: 		GPIOB_BRRbits.BR15 = 1;                  //Turn off LED
0x0410	0x2101    MOVS	R1, #1
0x0412	0xB249    SXTB	R1, R1
0x0414	0x4805    LDR	R0, [PC, #20]
0x0416	0x6001    STR	R1, [R0, #0]
;GPIO.c, 24 :: 		Vdelay_ms(dly);                          //Wait for some time
0x0418	0xB298    UXTH	R0, R3
; dly end address is: 12 (R3)
0x041A	0xF7FFFF45  BL	_VDelay_ms+0
;GPIO.c, 25 :: 		};
0x041E	0xE7E9    B	L_main0
;GPIO.c, 27 :: 		}
L_end_main:
L__main_end_loop:
0x0420	0xE7FE    B	L__main_end_loop
0x0422	0xBF00    NOP
0x0424	0x01004221  	GPIOA_IDRbits+0
0x0428	0x823C4221  	GPIOB_BSRRbits+0
0x042C	0x82BC4221  	GPIOB_BRRbits+0
; end of _main
_setup:
;GPIO.c, 30 :: 		void setup()
;GPIO.c, 34 :: 		RCC_APB2ENRbits.IOPAEN = 1;
0x01F0	0x2301    MOVS	R3, #1
0x01F2	0xB25B    SXTB	R3, R3
0x01F4	0x481F    LDR	R0, [PC, #124]
0x01F6	0x6003    STR	R3, [R0, #0]
;GPIO.c, 35 :: 		RCC_APB2ENRbits.IOPBEN = 1;
0x01F8	0x481F    LDR	R0, [PC, #124]
0x01FA	0x6003    STR	R3, [R0, #0]
;GPIO.c, 40 :: 		GPIOA_CRL = 0x44444444;
0x01FC	0xF04F3144  MOV	R1, #1145324612
0x0200	0x481E    LDR	R0, [PC, #120]
0x0202	0x6001    STR	R1, [R0, #0]
;GPIO.c, 41 :: 		GPIOA_CRH = 0x44444444;
0x0204	0xF04F3144  MOV	R1, #1145324612
0x0208	0x481D    LDR	R0, [PC, #116]
0x020A	0x6001    STR	R1, [R0, #0]
;GPIO.c, 42 :: 		GPIOB_CRL = 0x44444444;
0x020C	0xF04F3144  MOV	R1, #1145324612
0x0210	0x481C    LDR	R0, [PC, #112]
0x0212	0x6001    STR	R1, [R0, #0]
;GPIO.c, 43 :: 		GPIOB_CRH = 0x44444444;
0x0214	0xF04F3144  MOV	R1, #1145324612
0x0218	0x481B    LDR	R0, [PC, #108]
0x021A	0x6001    STR	R1, [R0, #0]
;GPIO.c, 44 :: 		GPIOC_CRL = 0x44444444;
0x021C	0xF04F3144  MOV	R1, #1145324612
0x0220	0x481A    LDR	R0, [PC, #104]
0x0222	0x6001    STR	R1, [R0, #0]
;GPIO.c, 45 :: 		GPIOC_CRH = 0x44444444;
0x0224	0xF04F3144  MOV	R1, #1145324612
0x0228	0x4819    LDR	R0, [PC, #100]
0x022A	0x6001    STR	R1, [R0, #0]
;GPIO.c, 46 :: 		GPIOD_CRL = 0x44444444;
0x022C	0xF04F3144  MOV	R1, #1145324612
0x0230	0x4818    LDR	R0, [PC, #96]
0x0232	0x6001    STR	R1, [R0, #0]
;GPIO.c, 47 :: 		GPIOD_CRH = 0x44444444;
0x0234	0xF04F3144  MOV	R1, #1145324612
0x0238	0x4817    LDR	R0, [PC, #92]
0x023A	0x6001    STR	R1, [R0, #0]
;GPIO.c, 51 :: 		GPIOA_CRLbits.MODE0 = 0x0;
0x023C	0x2200    MOVS	R2, #0
0x023E	0x4917    LDR	R1, [PC, #92]
0x0240	0x7808    LDRB	R0, [R1, #0]
0x0242	0xF3620001  BFI	R0, R2, #0, #2
0x0246	0x7008    STRB	R0, [R1, #0]
;GPIO.c, 52 :: 		GPIOA_CRLbits.CNF0 = 0x2;
0x0248	0x2202    MOVS	R2, #2
0x024A	0x4914    LDR	R1, [PC, #80]
0x024C	0x7808    LDRB	R0, [R1, #0]
0x024E	0xF3620083  BFI	R0, R2, #2, #2
0x0252	0x7008    STRB	R0, [R1, #0]
;GPIO.c, 53 :: 		GPIOA_ODRbits.ODR0 = 0x1;
0x0254	0x4812    LDR	R0, [PC, #72]
0x0256	0x6003    STR	R3, [R0, #0]
;GPIO.c, 57 :: 		GPIOB_CRHbits.MODE15 = 0x2;
0x0258	0x2202    MOVS	R2, #2
0x025A	0x4912    LDR	R1, [PC, #72]
0x025C	0x6808    LDR	R0, [R1, #0]
0x025E	0xF362701D  BFI	R0, R2, #28, #2
0x0262	0x6008    STR	R0, [R1, #0]
;GPIO.c, 58 :: 		GPIOB_CRHbits.CNF15 = 0x0;
0x0264	0x2200    MOVS	R2, #0
0x0266	0x490F    LDR	R1, [PC, #60]
0x0268	0x6808    LDR	R0, [R1, #0]
0x026A	0xF362709F  BFI	R0, R2, #30, #2
0x026E	0x6008    STR	R0, [R1, #0]
;GPIO.c, 59 :: 		}
L_end_setup:
0x0270	0x4770    BX	LR
0x0272	0xBF00    NOP
0x0274	0x03084242  	RCC_APB2ENRbits+0
0x0278	0x030C4242  	RCC_APB2ENRbits+0
0x027C	0x08004001  	GPIOA_CRL+0
0x0280	0x08044001  	GPIOA_CRH+0
0x0284	0x0C004001  	GPIOB_CRL+0
0x0288	0x0C044001  	GPIOB_CRH+0
0x028C	0x10004001  	GPIOC_CRL+0
0x0290	0x10044001  	GPIOC_CRH+0
0x0294	0x14004001  	GPIOD_CRL+0
0x0298	0x14044001  	GPIOD_CRH+0
0x029C	0x08004001  	GPIOA_CRLbits+0
0x02A0	0x01804221  	GPIOA_ODRbits+0
0x02A4	0x0C044001  	GPIOB_CRHbits+0
; end of _setup
_VDelay_ms:
;__Lib_Delays.c, 83 :: 		void VDelay_ms(unsigned long Time_ms){ // Time_ms parameter range: min = 1, max = 4294967295
; Time_ms start address is: 0 (R0)
0x02A8	0xB081    SUB	SP, SP, #4
0x02AA	0xF8CDE000  STR	LR, [SP, #0]
; Time_ms end address is: 0 (R0)
; Time_ms start address is: 0 (R0)
;__Lib_Delays.c, 87 :: 		NumberOfCyc *= Time_ms;     // total number of cycles
0x02AE	0xF44F51FA  MOV	R1, #8000
0x02B2	0xFB01F200  MUL	R2, R1, R0
; Time_ms end address is: 0 (R0)
;__Lib_Delays.c, 88 :: 		Delay_Cyc(NumberOfCyc / 10 - 3);
0x02B6	0x210A    MOVS	R1, #10
0x02B8	0xFBB2F1F1  UDIV	R1, R2, R1
0x02BC	0x1EC9    SUBS	R1, R1, #3
0x02BE	0x4608    MOV	R0, R1
0x02C0	0xF7FFFF36  BL	_Delay_Cyc+0
;__Lib_Delays.c, 90 :: 		nop
0x02C4	0xBF00    NOP
;__Lib_Delays.c, 91 :: 		nop
0x02C6	0xBF00    NOP
;__Lib_Delays.c, 92 :: 		nop
0x02C8	0xBF00    NOP
;__Lib_Delays.c, 93 :: 		nop
0x02CA	0xBF00    NOP
;__Lib_Delays.c, 94 :: 		nop
0x02CC	0xBF00    NOP
;__Lib_Delays.c, 95 :: 		nop
0x02CE	0xBF00    NOP
;__Lib_Delays.c, 97 :: 		}
L_end_VDelay_ms:
0x02D0	0xF8DDE000  LDR	LR, [SP, #0]
0x02D4	0xB001    ADD	SP, SP, #4
0x02D6	0x4770    BX	LR
; end of _VDelay_ms
_Delay_Cyc:
;__Lib_Delays.c, 66 :: 		void Delay_Cyc(unsigned long cycles_div_by_10){  // Cycles_div_by_10 parameter range: min = 1, max = 4294967295
0x0130	0xB081    SUB	SP, SP, #4
;__Lib_Delays.c, 68 :: 		nop.w
0x0132	0xF3AF8000  NOP
;__Lib_Delays.c, 69 :: 		subs R0,R0,#1
0x0136	0x1E40    SUBS	R0, R0, #1
;__Lib_Delays.c, 70 :: 		label1:
label1:
;__Lib_Delays.c, 71 :: 		subs R0,R0,#1
0x0138	0x1E40    SUBS	R0, R0, #1
;__Lib_Delays.c, 72 :: 		nop
0x013A	0xBF00    NOP
;__Lib_Delays.c, 73 :: 		nop
0x013C	0xBF00    NOP
;__Lib_Delays.c, 74 :: 		nop
0x013E	0xBF00    NOP
;__Lib_Delays.c, 75 :: 		nop
0x0140	0xBF00    NOP
;__Lib_Delays.c, 76 :: 		nop
0x0142	0xBF00    NOP
;__Lib_Delays.c, 77 :: 		nop
0x0144	0xBF00    NOP
;__Lib_Delays.c, 78 :: 		nop
0x0146	0xBF00    NOP
;__Lib_Delays.c, 79 :: 		bne label1
0x0148	0xD1F6    BNE	label1
;__Lib_Delays.c, 81 :: 		}
L_end_Delay_Cyc:
0x014A	0xB001    ADD	SP, SP, #4
0x014C	0x4770    BX	LR
; end of _Delay_Cyc
___CC2DW:
;__Lib_System_101_102_103.c, 21 :: 		
0x0150	0xB081    SUB	SP, SP, #4
;__Lib_System_101_102_103.c, 23 :: 		
L_loopDW:
;__Lib_System_101_102_103.c, 24 :: 		
0x0152	0xF81C9B01  LDRB	R9, [R12], #1
;__Lib_System_101_102_103.c, 25 :: 		
0x0156	0xF80B9B01  STRB	R9, [R11], #1
;__Lib_System_101_102_103.c, 26 :: 		
0x015A	0xEBBB0F0A  CMP	R11, R10, LSL #0
;__Lib_System_101_102_103.c, 27 :: 		
0x015E	0xD1F8    BNE	L_loopDW
;__Lib_System_101_102_103.c, 29 :: 		
L_end___CC2DW:
0x0160	0xB001    ADD	SP, SP, #4
0x0162	0x4770    BX	LR
; end of ___CC2DW
___FillZeros:
;__Lib_System_101_102_103.c, 63 :: 		
0x01B4	0xB081    SUB	SP, SP, #4
;__Lib_System_101_102_103.c, 65 :: 		
0x01B6	0xF04F0900  MOV	R9, #0
;__Lib_System_101_102_103.c, 66 :: 		
0x01BA	0xF04F0C00  MOV	R12, #0
;__Lib_System_101_102_103.c, 67 :: 		
0x01BE	0xEBBD0F0A  CMP	SP, R10, LSL #0
;__Lib_System_101_102_103.c, 68 :: 		
0x01C2	0xDC04    BGT	L_loopFZs
;__Lib_System_101_102_103.c, 69 :: 		
0x01C4	0xEBBD0F0B  CMP	SP, R11, LSL #0
;__Lib_System_101_102_103.c, 70 :: 		
0x01C8	0xDB01    BLT	L_loopFZs
;__Lib_System_101_102_103.c, 71 :: 		
0x01CA	0x46D4    MOV	R12, R10
;__Lib_System_101_102_103.c, 72 :: 		
0x01CC	0x46EA    MOV	R10, SP
;__Lib_System_101_102_103.c, 73 :: 		
L_loopFZs:
;__Lib_System_101_102_103.c, 74 :: 		
0x01CE	0xF84B9B04  STR	R9, [R11], #4
;__Lib_System_101_102_103.c, 75 :: 		
0x01D2	0xEBBB0F0A  CMP	R11, R10, LSL #0
;__Lib_System_101_102_103.c, 76 :: 		
0x01D6	0xD1FA    BNE	L_loopFZs
;__Lib_System_101_102_103.c, 77 :: 		
0x01D8	0xEBBC0F0A  CMP	R12, R10, LSL #0
;__Lib_System_101_102_103.c, 78 :: 		
0x01DC	0xDD05    BLE	L_norep
;__Lib_System_101_102_103.c, 79 :: 		
0x01DE	0x46E2    MOV	R10, R12
;__Lib_System_101_102_103.c, 80 :: 		
0x01E0	0xF8D9B000  LDR	R11, [R9, #0]
;__Lib_System_101_102_103.c, 81 :: 		
0x01E4	0xF10B0B04  ADD	R11, R11, #4
;__Lib_System_101_102_103.c, 82 :: 		
0x01E8	0xE7F1    B	L_loopFZs
;__Lib_System_101_102_103.c, 83 :: 		
L_norep:
;__Lib_System_101_102_103.c, 85 :: 		
L_end___FillZeros:
0x01EA	0xB001    ADD	SP, SP, #4
0x01EC	0x4770    BX	LR
; end of ___FillZeros
__Lib_System_101_102_103_InitialSetUpRCCRCC2:
;__Lib_System_101_102_103.c, 333 :: 		
0x02F4	0xB082    SUB	SP, SP, #8
0x02F6	0xF8CDE000  STR	LR, [SP, #0]
;__Lib_System_101_102_103.c, 336 :: 		
; ulRCC_CR start address is: 8 (R2)
0x02FA	0x4A33    LDR	R2, [PC, #204]
;__Lib_System_101_102_103.c, 337 :: 		
; ulRCC_CFGR start address is: 12 (R3)
0x02FC	0x4B33    LDR	R3, [PC, #204]
;__Lib_System_101_102_103.c, 338 :: 		
; Fosc_kHz start address is: 4 (R1)
0x02FE	0x4934    LDR	R1, [PC, #208]
;__Lib_System_101_102_103.c, 345 :: 		
0x0300	0xF64B3080  MOVW	R0, #48000
0x0304	0x4281    CMP	R1, R0
0x0306	0xD906    BLS	L___Lib_System_101_102_103_InitialSetUpRCCRCC228
; Fosc_kHz end address is: 4 (R1)
;__Lib_System_101_102_103.c, 346 :: 		
0x0308	0x4832    LDR	R0, [PC, #200]
0x030A	0x6800    LDR	R0, [R0, #0]
0x030C	0xF0400102  ORR	R1, R0, #2
0x0310	0x4830    LDR	R0, [PC, #192]
0x0312	0x6001    STR	R1, [R0, #0]
0x0314	0xE011    B	L___Lib_System_101_102_103_InitialSetUpRCCRCC229
L___Lib_System_101_102_103_InitialSetUpRCCRCC228:
;__Lib_System_101_102_103.c, 347 :: 		
; Fosc_kHz start address is: 4 (R1)
0x0316	0xF64550C0  MOVW	R0, #24000
0x031A	0x4281    CMP	R1, R0
0x031C	0xD906    BLS	L___Lib_System_101_102_103_InitialSetUpRCCRCC230
; Fosc_kHz end address is: 4 (R1)
;__Lib_System_101_102_103.c, 348 :: 		
0x031E	0x482D    LDR	R0, [PC, #180]
0x0320	0x6800    LDR	R0, [R0, #0]
0x0322	0xF0400101  ORR	R1, R0, #1
0x0326	0x482B    LDR	R0, [PC, #172]
0x0328	0x6001    STR	R1, [R0, #0]
0x032A	0xE006    B	L___Lib_System_101_102_103_InitialSetUpRCCRCC231
L___Lib_System_101_102_103_InitialSetUpRCCRCC230:
;__Lib_System_101_102_103.c, 350 :: 		
0x032C	0x4829    LDR	R0, [PC, #164]
0x032E	0x6801    LDR	R1, [R0, #0]
0x0330	0xF06F0007  MVN	R0, #7
0x0334	0x4001    ANDS	R1, R0
0x0336	0x4827    LDR	R0, [PC, #156]
0x0338	0x6001    STR	R1, [R0, #0]
L___Lib_System_101_102_103_InitialSetUpRCCRCC231:
L___Lib_System_101_102_103_InitialSetUpRCCRCC229:
;__Lib_System_101_102_103.c, 352 :: 		
0x033A	0xF7FFFF13  BL	__Lib_System_101_102_103_SystemClockSetDefault+0
;__Lib_System_101_102_103.c, 354 :: 		
0x033E	0x4826    LDR	R0, [PC, #152]
0x0340	0x6003    STR	R3, [R0, #0]
;__Lib_System_101_102_103.c, 355 :: 		
0x0342	0x4826    LDR	R0, [PC, #152]
0x0344	0xEA020100  AND	R1, R2, R0, LSL #0
0x0348	0x4825    LDR	R0, [PC, #148]
0x034A	0x6001    STR	R1, [R0, #0]
;__Lib_System_101_102_103.c, 357 :: 		
0x034C	0xF0020001  AND	R0, R2, #1
0x0350	0xB140    CBZ	R0, L___Lib_System_101_102_103_InitialSetUpRCCRCC243
; ulRCC_CFGR end address is: 12 (R3)
; ulRCC_CR end address is: 8 (R2)
0x0352	0x4619    MOV	R1, R3
;__Lib_System_101_102_103.c, 358 :: 		
L___Lib_System_101_102_103_InitialSetUpRCCRCC233:
; ulRCC_CFGR start address is: 4 (R1)
; ulRCC_CR start address is: 8 (R2)
0x0354	0x4822    LDR	R0, [PC, #136]
0x0356	0x6800    LDR	R0, [R0, #0]
0x0358	0xF0000002  AND	R0, R0, #2
0x035C	0x2800    CMP	R0, #0
0x035E	0xD100    BNE	L___Lib_System_101_102_103_InitialSetUpRCCRCC234
;__Lib_System_101_102_103.c, 359 :: 		
0x0360	0xE7F8    B	L___Lib_System_101_102_103_InitialSetUpRCCRCC233
L___Lib_System_101_102_103_InitialSetUpRCCRCC234:
;__Lib_System_101_102_103.c, 360 :: 		
; ulRCC_CFGR end address is: 4 (R1)
0x0362	0xE000    B	L___Lib_System_101_102_103_InitialSetUpRCCRCC232
; ulRCC_CR end address is: 8 (R2)
L___Lib_System_101_102_103_InitialSetUpRCCRCC243:
;__Lib_System_101_102_103.c, 357 :: 		
0x0364	0x4619    MOV	R1, R3
;__Lib_System_101_102_103.c, 360 :: 		
L___Lib_System_101_102_103_InitialSetUpRCCRCC232:
;__Lib_System_101_102_103.c, 362 :: 		
; ulRCC_CFGR start address is: 4 (R1)
; ulRCC_CR start address is: 8 (R2)
0x0366	0xF4023080  AND	R0, R2, #65536
0x036A	0xB148    CBZ	R0, L___Lib_System_101_102_103_InitialSetUpRCCRCC244
; ulRCC_CR end address is: 8 (R2)
; ulRCC_CFGR end address is: 4 (R1)
;__Lib_System_101_102_103.c, 363 :: 		
L___Lib_System_101_102_103_InitialSetUpRCCRCC236:
; ulRCC_CR start address is: 8 (R2)
; ulRCC_CFGR start address is: 4 (R1)
0x036C	0x481C    LDR	R0, [PC, #112]
0x036E	0x6800    LDR	R0, [R0, #0]
0x0370	0xF4003000  AND	R0, R0, #131072
0x0374	0xB900    CBNZ	R0, L___Lib_System_101_102_103_InitialSetUpRCCRCC237
;__Lib_System_101_102_103.c, 364 :: 		
0x0376	0xE7F9    B	L___Lib_System_101_102_103_InitialSetUpRCCRCC236
L___Lib_System_101_102_103_InitialSetUpRCCRCC237:
;__Lib_System_101_102_103.c, 365 :: 		
0x0378	0x9201    STR	R2, [SP, #4]
; ulRCC_CFGR end address is: 4 (R1)
0x037A	0x460A    MOV	R2, R1
0x037C	0x9901    LDR	R1, [SP, #4]
0x037E	0xE002    B	L___Lib_System_101_102_103_InitialSetUpRCCRCC235
; ulRCC_CR end address is: 8 (R2)
L___Lib_System_101_102_103_InitialSetUpRCCRCC244:
;__Lib_System_101_102_103.c, 362 :: 		
0x0380	0x9101    STR	R1, [SP, #4]
0x0382	0x4611    MOV	R1, R2
0x0384	0x9A01    LDR	R2, [SP, #4]
;__Lib_System_101_102_103.c, 365 :: 		
L___Lib_System_101_102_103_InitialSetUpRCCRCC235:
;__Lib_System_101_102_103.c, 367 :: 		
; ulRCC_CR start address is: 4 (R1)
; ulRCC_CFGR start address is: 8 (R2)
0x0386	0xF0017080  AND	R0, R1, #16777216
; ulRCC_CR end address is: 4 (R1)
0x038A	0xB170    CBZ	R0, L___Lib_System_101_102_103_InitialSetUpRCCRCC245
;__Lib_System_101_102_103.c, 368 :: 		
0x038C	0x4814    LDR	R0, [PC, #80]
0x038E	0x6800    LDR	R0, [R0, #0]
0x0390	0xF0407180  ORR	R1, R0, #16777216
0x0394	0x4812    LDR	R0, [PC, #72]
0x0396	0x6001    STR	R1, [R0, #0]
; ulRCC_CFGR end address is: 8 (R2)
0x0398	0x4611    MOV	R1, R2
;__Lib_System_101_102_103.c, 369 :: 		
L___Lib_System_101_102_103_InitialSetUpRCCRCC239:
; ulRCC_CFGR start address is: 4 (R1)
0x039A	0x4811    LDR	R0, [PC, #68]
0x039C	0x6800    LDR	R0, [R0, #0]
0x039E	0xF0007000  AND	R0, R0, #33554432
0x03A2	0xB900    CBNZ	R0, L___Lib_System_101_102_103_InitialSetUpRCCRCC240
;__Lib_System_101_102_103.c, 370 :: 		
0x03A4	0xE7F9    B	L___Lib_System_101_102_103_InitialSetUpRCCRCC239
L___Lib_System_101_102_103_InitialSetUpRCCRCC240:
;__Lib_System_101_102_103.c, 371 :: 		
0x03A6	0x460A    MOV	R2, R1
0x03A8	0xE7FF    B	L___Lib_System_101_102_103_InitialSetUpRCCRCC238
; ulRCC_CFGR end address is: 4 (R1)
L___Lib_System_101_102_103_InitialSetUpRCCRCC245:
;__Lib_System_101_102_103.c, 367 :: 		
;__Lib_System_101_102_103.c, 371 :: 		
L___Lib_System_101_102_103_InitialSetUpRCCRCC238:
;__Lib_System_101_102_103.c, 374 :: 		
; ulRCC_CFGR start address is: 8 (R2)
; ulRCC_CFGR end address is: 8 (R2)
L___Lib_System_101_102_103_InitialSetUpRCCRCC241:
; ulRCC_CFGR start address is: 8 (R2)
0x03AA	0x480B    LDR	R0, [PC, #44]
0x03AC	0x6800    LDR	R0, [R0, #0]
0x03AE	0xF000010C  AND	R1, R0, #12
0x03B2	0x0090    LSLS	R0, R2, #2
0x03B4	0xF000000C  AND	R0, R0, #12
0x03B8	0x4281    CMP	R1, R0
0x03BA	0xD000    BEQ	L___Lib_System_101_102_103_InitialSetUpRCCRCC242
;__Lib_System_101_102_103.c, 375 :: 		
; ulRCC_CFGR end address is: 8 (R2)
0x03BC	0xE7F5    B	L___Lib_System_101_102_103_InitialSetUpRCCRCC241
L___Lib_System_101_102_103_InitialSetUpRCCRCC242:
;__Lib_System_101_102_103.c, 377 :: 		
L_end_InitialSetUpRCCRCC2:
0x03BE	0xF8DDE000  LDR	LR, [SP, #0]
0x03C2	0xB002    ADD	SP, SP, #8
0x03C4	0x4770    BX	LR
0x03C6	0xBF00    NOP
0x03C8	0x00810001  	#65665
0x03CC	0x00010600  	#100663297
0x03D0	0x1F400000  	#8000
0x03D4	0x20004002  	FLASH_ACR+0
0x03D8	0x10044002  	RCC_CFGR+0
0x03DC	0xFFFF000F  	#1048575
0x03E0	0x10004002  	RCC_CR+0
; end of __Lib_System_101_102_103_InitialSetUpRCCRCC2
__Lib_System_101_102_103_SystemClockSetDefault:
;__Lib_System_101_102_103.c, 312 :: 		
0x0164	0xB081    SUB	SP, SP, #4
;__Lib_System_101_102_103.c, 315 :: 		
0x0166	0x480F    LDR	R0, [PC, #60]
0x0168	0x6800    LDR	R0, [R0, #0]
0x016A	0xF0400101  ORR	R1, R0, #1
0x016E	0x480D    LDR	R0, [PC, #52]
0x0170	0x6001    STR	R1, [R0, #0]
;__Lib_System_101_102_103.c, 318 :: 		
0x0172	0x490D    LDR	R1, [PC, #52]
0x0174	0x480D    LDR	R0, [PC, #52]
0x0176	0x6001    STR	R1, [R0, #0]
;__Lib_System_101_102_103.c, 321 :: 		
0x0178	0x480A    LDR	R0, [PC, #40]
0x017A	0x6801    LDR	R1, [R0, #0]
0x017C	0x480C    LDR	R0, [PC, #48]
0x017E	0x4001    ANDS	R1, R0
0x0180	0x4808    LDR	R0, [PC, #32]
0x0182	0x6001    STR	R1, [R0, #0]
;__Lib_System_101_102_103.c, 324 :: 		
0x0184	0x4807    LDR	R0, [PC, #28]
0x0186	0x6801    LDR	R1, [R0, #0]
0x0188	0xF46F2080  MVN	R0, #262144
0x018C	0x4001    ANDS	R1, R0
0x018E	0x4805    LDR	R0, [PC, #20]
0x0190	0x6001    STR	R1, [R0, #0]
;__Lib_System_101_102_103.c, 327 :: 		
0x0192	0x4806    LDR	R0, [PC, #24]
0x0194	0x6801    LDR	R1, [R0, #0]
0x0196	0xF46F00FE  MVN	R0, #8323072
0x019A	0x4001    ANDS	R1, R0
0x019C	0x4803    LDR	R0, [PC, #12]
0x019E	0x6001    STR	R1, [R0, #0]
;__Lib_System_101_102_103.c, 331 :: 		
L_end_SystemClockSetDefault:
0x01A0	0xB001    ADD	SP, SP, #4
0x01A2	0x4770    BX	LR
0x01A4	0x10004002  	RCC_CR+0
0x01A8	0x0000F8FF  	#-117506048
0x01AC	0x10044002  	RCC_CFGR+0
0x01B0	0xFFFFFEF6  	#-17367041
; end of __Lib_System_101_102_103_SystemClockSetDefault
__Lib_System_101_102_103_InitialSetUpFosc:
;__Lib_System_101_102_103.c, 379 :: 		
0x02D8	0xB081    SUB	SP, SP, #4
;__Lib_System_101_102_103.c, 380 :: 		
0x02DA	0x4902    LDR	R1, [PC, #8]
0x02DC	0x4802    LDR	R0, [PC, #8]
0x02DE	0x6001    STR	R1, [R0, #0]
;__Lib_System_101_102_103.c, 381 :: 		
L_end_InitialSetUpFosc:
0x02E0	0xB001    ADD	SP, SP, #4
0x02E2	0x4770    BX	LR
0x02E4	0x1F400000  	#8000
0x02E8	0x00002000  	___System_CLOCK_IN_KHZ+0
; end of __Lib_System_101_102_103_InitialSetUpFosc
___GenExcept:
;__Lib_System_101_102_103.c, 262 :: 		
0x02EC	0xB081    SUB	SP, SP, #4
;__Lib_System_101_102_103.c, 263 :: 		
L___GenExcept24:
0x02EE	0xE7FE    B	L___GenExcept24
;__Lib_System_101_102_103.c, 264 :: 		
L_end___GenExcept:
0x02F0	0xB001    ADD	SP, SP, #4
0x02F2	0x4770    BX	LR
; end of ___GenExcept
0x0430	0xB500    PUSH	(R14)
0x0432	0xF8DFB010  LDR	R11, [PC, #16]
0x0436	0xF8DFA010  LDR	R10, [PC, #16]
0x043A	0xF7FFFEBB  BL	436
0x043E	0xBD00    POP	(R15)
0x0440	0x4770    BX	LR
0x0442	0xBF00    NOP
0x0444	0x00002000  	#536870912
0x0448	0x00042000  	#536870916
Symbol List:
//** Routines locations **
//ADDRESS    SIZE    PROCEDURE
//----------------------------------------------
0x0130      [30]    _Delay_Cyc
0x0150      [20]    ___CC2DW
0x0164      [80]    __Lib_System_101_102_103_SystemClockSetDefault
0x01B4      [58]    ___FillZeros
0x01F0     [184]    _setup
0x02A8      [48]    _VDelay_ms
0x02D8      [20]    __Lib_System_101_102_103_InitialSetUpFosc
0x02EC       [8]    ___GenExcept
0x02F4     [240]    __Lib_System_101_102_103_InitialSetUpRCCRCC2
0x03E4      [76]    _main
//** Variables locations ** 
//ADDRESS    SIZE    VARIABLE
//----------------------------------------------
0x20000000       [4]    ___System_CLOCK_IN_KHZ
