;  LST file generated by mikroListExporter - v.2.0 
; Date/Time: 19-Jun-15 05:22:14 PM
;----------------------------------------------

;Address Opcode 	ASM
____SysVT:
0x0000	0xFFFC2000  	536936444
0x0004	0x03710000  	881
0x0008	0x02750000  	629
0x000C	0x02750000  	629
0x0010	0x02750000  	629
0x0014	0x02750000  	629
0x0018	0x02750000  	629
0x001C	0x02750000  	629
0x0020	0x02750000  	629
0x0024	0x02750000  	629
0x0028	0x02750000  	629
0x002C	0x02750000  	629
0x0030	0x02750000  	629
0x0034	0x02750000  	629
0x0038	0x02750000  	629
0x003C	0x02750000  	629
0x0040	0x02750000  	629
0x0044	0x02750000  	629
0x0048	0x02750000  	629
0x004C	0x02750000  	629
0x0050	0x02750000  	629
0x0054	0x02750000  	629
0x0058	0x02750000  	629
0x005C	0x02750000  	629
0x0060	0x02750000  	629
0x0064	0x02750000  	629
0x0068	0x02750000  	629
0x006C	0x02750000  	629
0x0070	0x02750000  	629
0x0074	0x02750000  	629
0x0078	0x02750000  	629
0x007C	0x02750000  	629
0x0080	0x02750000  	629
0x0084	0x02750000  	629
0x0088	0x02750000  	629
0x008C	0x02750000  	629
0x0090	0x02750000  	629
0x0094	0x02750000  	629
0x0098	0x02750000  	629
0x009C	0x02750000  	629
0x00A0	0x02750000  	629
0x00A4	0x02750000  	629
0x00A8	0x02750000  	629
0x00AC	0x02750000  	629
0x00B0	0x02750000  	629
0x00B4	0x02750000  	629
0x00B8	0x02750000  	629
0x00BC	0x02750000  	629
0x00C0	0x02750000  	629
0x00C4	0x02750000  	629
0x00C8	0x02750000  	629
0x00CC	0x02750000  	629
0x00D0	0x02750000  	629
0x00D4	0x02750000  	629
0x00D8	0x02750000  	629
0x00DC	0x02750000  	629
0x00E0	0x02750000  	629
0x00E4	0x02750000  	629
0x00E8	0x02750000  	629
0x00EC	0x02750000  	629
0x00F0	0x02750000  	629
0x00F4	0x02750000  	629
0x00F8	0x02750000  	629
0x00FC	0x02750000  	629
0x0100	0x02750000  	629
0x0104	0x02750000  	629
0x0108	0x02750000  	629
0x010C	0x02750000  	629
0x0110	0x02750000  	629
0x0114	0x02750000  	629
0x0118	0x02750000  	629
0x011C	0x02750000  	629
0x0120	0x02750000  	629
0x0124	0x02750000  	629
0x0128	0x02750000  	629
0x012C	0x02750000  	629
; end of ____SysVT
_main:
;DAC_ex4.c, 10 :: 		void main()
0x0370	0xF7FFFF84  BL	636
0x0374	0xF000F844  BL	1024
0x0378	0xF7FFFF72  BL	608
;DAC_ex4.c, 12 :: 		signed int temp = 0;
;DAC_ex4.c, 14 :: 		setup();
0x037C	0xF7FFFF64  BL	_setup+0
;DAC_ex4.c, 16 :: 		while(1)
L_main0:
;DAC_ex4.c, 18 :: 		for(temp = 0; temp < 4096; temp++)
; temp start address is: 4 (R1)
0x0380	0x2100    MOVS	R1, #0
0x0382	0xB209    SXTH	R1, R1
; temp end address is: 4 (R1)
L_main2:
; temp start address is: 4 (R1)
0x0384	0xF5B15F80  CMP	R1, #4096
0x0388	0xDA16    BGE	L_main3
;DAC_ex4.c, 20 :: 		DAC_DHR12R1 = temp;
0x038A	0x481B    LDR	R0, [PC, #108]
0x038C	0x6001    STR	R1, [R0, #0]
;DAC_ex4.c, 21 :: 		if((temp > 0) && (temp < 256))
0x038E	0x2900    CMP	R1, #0
0x0390	0xDD04    BLE	L__main27
0x0392	0xF5B17F80  CMP	R1, #256
0x0396	0xDA01    BGE	L__main26
L__main25:
;DAC_ex4.c, 23 :: 		DAC_DHR8R2 = temp;
0x0398	0x4818    LDR	R0, [PC, #96]
0x039A	0x6001    STR	R1, [R0, #0]
;DAC_ex4.c, 21 :: 		if((temp > 0) && (temp < 256))
L__main27:
L__main26:
;DAC_ex4.c, 25 :: 		delay_us(90);
0x039C	0xF2404737  MOVW	R7, #1079
0x03A0	0xF2C00700  MOVT	R7, #0
0x03A4	0xBF00    NOP
0x03A6	0xBF00    NOP
L_main8:
0x03A8	0x1E7F    SUBS	R7, R7, #1
0x03AA	0xD1FD    BNE	L_main8
0x03AC	0xBF00    NOP
0x03AE	0xBF00    NOP
0x03B0	0xBF00    NOP
;DAC_ex4.c, 18 :: 		for(temp = 0; temp < 4096; temp++)
0x03B2	0x1C49    ADDS	R1, R1, #1
0x03B4	0xB209    SXTH	R1, R1
;DAC_ex4.c, 26 :: 		}
; temp end address is: 4 (R1)
0x03B6	0xE7E5    B	L_main2
L_main3:
;DAC_ex4.c, 28 :: 		for(temp = 4095; temp > -1; temp--)
; temp start address is: 4 (R1)
0x03B8	0xF64071FF  MOVW	R1, #4095
0x03BC	0xB209    SXTH	R1, R1
; temp end address is: 4 (R1)
L_main10:
; temp start address is: 4 (R1)
0x03BE	0xF1B13FFF  CMP	R1, #-1
0x03C2	0xDD16    BLE	L_main11
;DAC_ex4.c, 30 :: 		DAC_DHR12R1 = temp;
0x03C4	0x480C    LDR	R0, [PC, #48]
0x03C6	0x6001    STR	R1, [R0, #0]
;DAC_ex4.c, 31 :: 		if((temp > 0) && (temp < 256))
0x03C8	0x2900    CMP	R1, #0
0x03CA	0xDD04    BLE	L__main29
0x03CC	0xF5B17F80  CMP	R1, #256
0x03D0	0xDA01    BGE	L__main28
L__main24:
;DAC_ex4.c, 33 :: 		DAC_DHR8R2 = temp;
0x03D2	0x480A    LDR	R0, [PC, #40]
0x03D4	0x6001    STR	R1, [R0, #0]
;DAC_ex4.c, 31 :: 		if((temp > 0) && (temp < 256))
L__main29:
L__main28:
;DAC_ex4.c, 35 :: 		delay_us(90);
0x03D6	0xF2404737  MOVW	R7, #1079
0x03DA	0xF2C00700  MOVT	R7, #0
0x03DE	0xBF00    NOP
0x03E0	0xBF00    NOP
L_main16:
0x03E2	0x1E7F    SUBS	R7, R7, #1
0x03E4	0xD1FD    BNE	L_main16
0x03E6	0xBF00    NOP
0x03E8	0xBF00    NOP
0x03EA	0xBF00    NOP
;DAC_ex4.c, 28 :: 		for(temp = 4095; temp > -1; temp--)
0x03EC	0x1E49    SUBS	R1, R1, #1
0x03EE	0xB209    SXTH	R1, R1
;DAC_ex4.c, 36 :: 		}
; temp end address is: 4 (R1)
0x03F0	0xE7E5    B	L_main10
L_main11:
;DAC_ex4.c, 37 :: 		};
0x03F2	0xE7C5    B	L_main0
;DAC_ex4.c, 38 :: 		}
L_end_main:
L__main_end_loop:
0x03F4	0xE7FE    B	L__main_end_loop
0x03F6	0xBF00    NOP
0x03F8	0x74084000  	DAC_DHR12R1+0
0x03FC	0x741C4000  	DAC_DHR8R2+0
; end of _main
_setup:
;DAC_ex4.c, 41 :: 		void setup()
0x0248	0xB081    SUB	SP, SP, #4
0x024A	0xF8CDE000  STR	LR, [SP, #0]
;DAC_ex4.c, 43 :: 		GPIO_setup();
0x024E	0xF7FFFF6F  BL	_GPIO_setup+0
;DAC_ex4.c, 44 :: 		DAC_setup();
0x0252	0xF7FFFF8D  BL	_DAC_setup+0
;DAC_ex4.c, 45 :: 		}
L_end_setup:
0x0256	0xF8DDE000  LDR	LR, [SP, #0]
0x025A	0xB001    ADD	SP, SP, #4
0x025C	0x4770    BX	LR
; end of _setup
_GPIO_setup:
;DAC_ex4.c, 48 :: 		void GPIO_setup()
;DAC_ex4.c, 50 :: 		enable_GPIOA(true);
0x0130	0x2101    MOVS	R1, #1
0x0132	0xB249    SXTB	R1, R1
0x0134	0x480C    LDR	R0, [PC, #48]
0x0136	0x6001    STR	R1, [R0, #0]
;DAC_ex4.c, 51 :: 		pin_configure_low(GPIOA_CRL, 4, analog_input);
0x0138	0x480C    LDR	R0, [PC, #48]
0x013A	0x6801    LDR	R1, [R0, #0]
0x013C	0xF46F2070  MVN	R0, #983040
0x0140	0x4001    ANDS	R1, R0
0x0142	0x480A    LDR	R0, [PC, #40]
0x0144	0x6001    STR	R1, [R0, #0]
0x0146	0x4809    LDR	R0, [PC, #36]
0x0148	0x6801    LDR	R1, [R0, #0]
0x014A	0x4808    LDR	R0, [PC, #32]
0x014C	0x6001    STR	R1, [R0, #0]
;DAC_ex4.c, 52 :: 		pin_configure_low(GPIOA_CRL, 5, analog_input);
0x014E	0x4807    LDR	R0, [PC, #28]
0x0150	0x6801    LDR	R1, [R0, #0]
0x0152	0xF46F0070  MVN	R0, #15728640
0x0156	0x4001    ANDS	R1, R0
0x0158	0x4804    LDR	R0, [PC, #16]
0x015A	0x6001    STR	R1, [R0, #0]
0x015C	0x4803    LDR	R0, [PC, #12]
0x015E	0x6801    LDR	R1, [R0, #0]
0x0160	0x4802    LDR	R0, [PC, #8]
0x0162	0x6001    STR	R1, [R0, #0]
;DAC_ex4.c, 53 :: 		}
L_end_GPIO_setup:
0x0164	0x4770    BX	LR
0x0166	0xBF00    NOP
0x0168	0x03084242  	RCC_APB2ENRbits+0
0x016C	0x08004001  	GPIOA_CRL+0
; end of _GPIO_setup
_DAC_setup:
;DAC_ex4.c, 56 :: 		void DAC_setup()
;DAC_ex4.c, 58 :: 		enable_DAC(true);
0x0170	0x2201    MOVS	R2, #1
0x0172	0xB252    SXTB	R2, R2
0x0174	0x4806    LDR	R0, [PC, #24]
0x0176	0x6002    STR	R2, [R0, #0]
;DAC_ex4.c, 59 :: 		DAC_reset();
0x0178	0x2100    MOVS	R1, #0
0x017A	0x4806    LDR	R0, [PC, #24]
0x017C	0x6001    STR	R1, [R0, #0]
;DAC_ex4.c, 60 :: 		set_DAC1_buffer(enable);
0x017E	0x4806    LDR	R0, [PC, #24]
0x0180	0x6002    STR	R2, [R0, #0]
;DAC_ex4.c, 61 :: 		set_DAC2_buffer(enable);
0x0182	0x4806    LDR	R0, [PC, #24]
0x0184	0x6002    STR	R2, [R0, #0]
;DAC_ex4.c, 62 :: 		enable_DAC1_channel(true);
0x0186	0x4806    LDR	R0, [PC, #24]
0x0188	0x6002    STR	R2, [R0, #0]
;DAC_ex4.c, 63 :: 		enable_DAC2_channel(true);
0x018A	0x4806    LDR	R0, [PC, #24]
0x018C	0x6002    STR	R2, [R0, #0]
;DAC_ex4.c, 64 :: 		}
L_end_DAC_setup:
0x018E	0x4770    BX	LR
0x0190	0x03F44242  	RCC_APB1ENRbits+0
0x0194	0x74004000  	DAC_CR+0
0x0198	0x8004420E  	DAC_CRbits+0
0x019C	0x8044420E  	DAC_CRbits+0
0x01A0	0x8000420E  	DAC_CRbits+0
0x01A4	0x8040420E  	DAC_CRbits+0
; end of _DAC_setup
___CC2DW:
;__Lib_System_101_102_103.c, 27 :: 		
0x0234	0xB081    SUB	SP, SP, #4
;__Lib_System_101_102_103.c, 29 :: 		
L_loopDW:
;__Lib_System_101_102_103.c, 30 :: 		
0x0236	0xF81C9B01  LDRB	R9, [R12], #1
;__Lib_System_101_102_103.c, 31 :: 		
0x023A	0xF80B9B01  STRB	R9, [R11], #1
;__Lib_System_101_102_103.c, 32 :: 		
0x023E	0xEBBB0F0A  CMP	R11, R10, LSL #0
;__Lib_System_101_102_103.c, 33 :: 		
0x0242	0xD1F8    BNE	L_loopDW
;__Lib_System_101_102_103.c, 35 :: 		
L_end___CC2DW:
0x0244	0xB001    ADD	SP, SP, #4
0x0246	0x4770    BX	LR
; end of ___CC2DW
___FillZeros:
;__Lib_System_101_102_103.c, 69 :: 		
0x01F8	0xB081    SUB	SP, SP, #4
;__Lib_System_101_102_103.c, 71 :: 		
0x01FA	0xF04F0900  MOV	R9, #0
;__Lib_System_101_102_103.c, 72 :: 		
0x01FE	0xF04F0C00  MOV	R12, #0
;__Lib_System_101_102_103.c, 73 :: 		
0x0202	0xEBBD0F0A  CMP	SP, R10, LSL #0
;__Lib_System_101_102_103.c, 74 :: 		
0x0206	0xDC04    BGT	L_loopFZs
;__Lib_System_101_102_103.c, 75 :: 		
0x0208	0xEBBD0F0B  CMP	SP, R11, LSL #0
;__Lib_System_101_102_103.c, 76 :: 		
0x020C	0xDB01    BLT	L_loopFZs
;__Lib_System_101_102_103.c, 77 :: 		
0x020E	0x46D4    MOV	R12, R10
;__Lib_System_101_102_103.c, 78 :: 		
0x0210	0x46EA    MOV	R10, SP
;__Lib_System_101_102_103.c, 79 :: 		
L_loopFZs:
;__Lib_System_101_102_103.c, 80 :: 		
0x0212	0xF84B9B04  STR	R9, [R11], #4
;__Lib_System_101_102_103.c, 81 :: 		
0x0216	0xEBBB0F0A  CMP	R11, R10, LSL #0
;__Lib_System_101_102_103.c, 82 :: 		
0x021A	0xD1FA    BNE	L_loopFZs
;__Lib_System_101_102_103.c, 83 :: 		
0x021C	0xEBBC0F0A  CMP	R12, R10, LSL #0
;__Lib_System_101_102_103.c, 84 :: 		
0x0220	0xDD05    BLE	L_norep
;__Lib_System_101_102_103.c, 85 :: 		
0x0222	0x46E2    MOV	R10, R12
;__Lib_System_101_102_103.c, 86 :: 		
0x0224	0xF8D9B000  LDR	R11, [R9, #0]
;__Lib_System_101_102_103.c, 87 :: 		
0x0228	0xF10B0B04  ADD	R11, R11, #4
;__Lib_System_101_102_103.c, 88 :: 		
0x022C	0xE7F1    B	L_loopFZs
;__Lib_System_101_102_103.c, 89 :: 		
L_norep:
;__Lib_System_101_102_103.c, 91 :: 		
L_end___FillZeros:
0x022E	0xB001    ADD	SP, SP, #4
0x0230	0x4770    BX	LR
; end of ___FillZeros
__Lib_System_101_102_103_InitialSetUpRCCRCC2:
;__Lib_System_101_102_103.c, 369 :: 		
0x027C	0xB082    SUB	SP, SP, #8
0x027E	0xF8CDE000  STR	LR, [SP, #0]
;__Lib_System_101_102_103.c, 372 :: 		
; ulRCC_CR start address is: 8 (R2)
0x0282	0x4A33    LDR	R2, [PC, #204]
;__Lib_System_101_102_103.c, 373 :: 		
; ulRCC_CFGR start address is: 12 (R3)
0x0284	0x4B33    LDR	R3, [PC, #204]
;__Lib_System_101_102_103.c, 374 :: 		
; Fosc_kHz start address is: 4 (R1)
0x0286	0x4934    LDR	R1, [PC, #208]
;__Lib_System_101_102_103.c, 381 :: 		
0x0288	0xF64B3080  MOVW	R0, #48000
0x028C	0x4281    CMP	R1, R0
0x028E	0xD906    BLS	L___Lib_System_101_102_103_InitialSetUpRCCRCC231
; Fosc_kHz end address is: 4 (R1)
;__Lib_System_101_102_103.c, 382 :: 		
0x0290	0x4832    LDR	R0, [PC, #200]
0x0292	0x6800    LDR	R0, [R0, #0]
0x0294	0xF0400102  ORR	R1, R0, #2
0x0298	0x4830    LDR	R0, [PC, #192]
0x029A	0x6001    STR	R1, [R0, #0]
0x029C	0xE011    B	L___Lib_System_101_102_103_InitialSetUpRCCRCC232
L___Lib_System_101_102_103_InitialSetUpRCCRCC231:
;__Lib_System_101_102_103.c, 383 :: 		
; Fosc_kHz start address is: 4 (R1)
0x029E	0xF64550C0  MOVW	R0, #24000
0x02A2	0x4281    CMP	R1, R0
0x02A4	0xD906    BLS	L___Lib_System_101_102_103_InitialSetUpRCCRCC233
; Fosc_kHz end address is: 4 (R1)
;__Lib_System_101_102_103.c, 384 :: 		
0x02A6	0x482D    LDR	R0, [PC, #180]
0x02A8	0x6800    LDR	R0, [R0, #0]
0x02AA	0xF0400101  ORR	R1, R0, #1
0x02AE	0x482B    LDR	R0, [PC, #172]
0x02B0	0x6001    STR	R1, [R0, #0]
0x02B2	0xE006    B	L___Lib_System_101_102_103_InitialSetUpRCCRCC234
L___Lib_System_101_102_103_InitialSetUpRCCRCC233:
;__Lib_System_101_102_103.c, 386 :: 		
0x02B4	0x4829    LDR	R0, [PC, #164]
0x02B6	0x6801    LDR	R1, [R0, #0]
0x02B8	0xF06F0007  MVN	R0, #7
0x02BC	0x4001    ANDS	R1, R0
0x02BE	0x4827    LDR	R0, [PC, #156]
0x02C0	0x6001    STR	R1, [R0, #0]
L___Lib_System_101_102_103_InitialSetUpRCCRCC234:
L___Lib_System_101_102_103_InitialSetUpRCCRCC232:
;__Lib_System_101_102_103.c, 388 :: 		
0x02C2	0xF7FFFF71  BL	__Lib_System_101_102_103_SystemClockSetDefault+0
;__Lib_System_101_102_103.c, 390 :: 		
0x02C6	0x4826    LDR	R0, [PC, #152]
0x02C8	0x6003    STR	R3, [R0, #0]
;__Lib_System_101_102_103.c, 391 :: 		
0x02CA	0x4826    LDR	R0, [PC, #152]
0x02CC	0xEA020100  AND	R1, R2, R0, LSL #0
0x02D0	0x4825    LDR	R0, [PC, #148]
0x02D2	0x6001    STR	R1, [R0, #0]
;__Lib_System_101_102_103.c, 393 :: 		
0x02D4	0xF0020001  AND	R0, R2, #1
0x02D8	0xB140    CBZ	R0, L___Lib_System_101_102_103_InitialSetUpRCCRCC246
; ulRCC_CFGR end address is: 12 (R3)
; ulRCC_CR end address is: 8 (R2)
0x02DA	0x4619    MOV	R1, R3
;__Lib_System_101_102_103.c, 394 :: 		
L___Lib_System_101_102_103_InitialSetUpRCCRCC236:
; ulRCC_CFGR start address is: 4 (R1)
; ulRCC_CR start address is: 8 (R2)
0x02DC	0x4822    LDR	R0, [PC, #136]
0x02DE	0x6800    LDR	R0, [R0, #0]
0x02E0	0xF0000002  AND	R0, R0, #2
0x02E4	0x2800    CMP	R0, #0
0x02E6	0xD100    BNE	L___Lib_System_101_102_103_InitialSetUpRCCRCC237
;__Lib_System_101_102_103.c, 395 :: 		
0x02E8	0xE7F8    B	L___Lib_System_101_102_103_InitialSetUpRCCRCC236
L___Lib_System_101_102_103_InitialSetUpRCCRCC237:
;__Lib_System_101_102_103.c, 396 :: 		
; ulRCC_CFGR end address is: 4 (R1)
0x02EA	0xE000    B	L___Lib_System_101_102_103_InitialSetUpRCCRCC235
; ulRCC_CR end address is: 8 (R2)
L___Lib_System_101_102_103_InitialSetUpRCCRCC246:
;__Lib_System_101_102_103.c, 393 :: 		
0x02EC	0x4619    MOV	R1, R3
;__Lib_System_101_102_103.c, 396 :: 		
L___Lib_System_101_102_103_InitialSetUpRCCRCC235:
;__Lib_System_101_102_103.c, 398 :: 		
; ulRCC_CFGR start address is: 4 (R1)
; ulRCC_CR start address is: 8 (R2)
0x02EE	0xF4023080  AND	R0, R2, #65536
0x02F2	0xB148    CBZ	R0, L___Lib_System_101_102_103_InitialSetUpRCCRCC247
; ulRCC_CR end address is: 8 (R2)
; ulRCC_CFGR end address is: 4 (R1)
;__Lib_System_101_102_103.c, 399 :: 		
L___Lib_System_101_102_103_InitialSetUpRCCRCC239:
; ulRCC_CR start address is: 8 (R2)
; ulRCC_CFGR start address is: 4 (R1)
0x02F4	0x481C    LDR	R0, [PC, #112]
0x02F6	0x6800    LDR	R0, [R0, #0]
0x02F8	0xF4003000  AND	R0, R0, #131072
0x02FC	0xB900    CBNZ	R0, L___Lib_System_101_102_103_InitialSetUpRCCRCC240
;__Lib_System_101_102_103.c, 400 :: 		
0x02FE	0xE7F9    B	L___Lib_System_101_102_103_InitialSetUpRCCRCC239
L___Lib_System_101_102_103_InitialSetUpRCCRCC240:
;__Lib_System_101_102_103.c, 401 :: 		
0x0300	0x9201    STR	R2, [SP, #4]
; ulRCC_CFGR end address is: 4 (R1)
0x0302	0x460A    MOV	R2, R1
0x0304	0x9901    LDR	R1, [SP, #4]
0x0306	0xE002    B	L___Lib_System_101_102_103_InitialSetUpRCCRCC238
; ulRCC_CR end address is: 8 (R2)
L___Lib_System_101_102_103_InitialSetUpRCCRCC247:
;__Lib_System_101_102_103.c, 398 :: 		
0x0308	0x9101    STR	R1, [SP, #4]
0x030A	0x4611    MOV	R1, R2
0x030C	0x9A01    LDR	R2, [SP, #4]
;__Lib_System_101_102_103.c, 401 :: 		
L___Lib_System_101_102_103_InitialSetUpRCCRCC238:
;__Lib_System_101_102_103.c, 403 :: 		
; ulRCC_CR start address is: 4 (R1)
; ulRCC_CFGR start address is: 8 (R2)
0x030E	0xF0017080  AND	R0, R1, #16777216
; ulRCC_CR end address is: 4 (R1)
0x0312	0xB170    CBZ	R0, L___Lib_System_101_102_103_InitialSetUpRCCRCC248
;__Lib_System_101_102_103.c, 404 :: 		
0x0314	0x4814    LDR	R0, [PC, #80]
0x0316	0x6800    LDR	R0, [R0, #0]
0x0318	0xF0407180  ORR	R1, R0, #16777216
0x031C	0x4812    LDR	R0, [PC, #72]
0x031E	0x6001    STR	R1, [R0, #0]
; ulRCC_CFGR end address is: 8 (R2)
0x0320	0x4611    MOV	R1, R2
;__Lib_System_101_102_103.c, 405 :: 		
L___Lib_System_101_102_103_InitialSetUpRCCRCC242:
; ulRCC_CFGR start address is: 4 (R1)
0x0322	0x4811    LDR	R0, [PC, #68]
0x0324	0x6800    LDR	R0, [R0, #0]
0x0326	0xF0007000  AND	R0, R0, #33554432
0x032A	0xB900    CBNZ	R0, L___Lib_System_101_102_103_InitialSetUpRCCRCC243
;__Lib_System_101_102_103.c, 406 :: 		
0x032C	0xE7F9    B	L___Lib_System_101_102_103_InitialSetUpRCCRCC242
L___Lib_System_101_102_103_InitialSetUpRCCRCC243:
;__Lib_System_101_102_103.c, 407 :: 		
0x032E	0x460A    MOV	R2, R1
0x0330	0xE7FF    B	L___Lib_System_101_102_103_InitialSetUpRCCRCC241
; ulRCC_CFGR end address is: 4 (R1)
L___Lib_System_101_102_103_InitialSetUpRCCRCC248:
;__Lib_System_101_102_103.c, 403 :: 		
;__Lib_System_101_102_103.c, 407 :: 		
L___Lib_System_101_102_103_InitialSetUpRCCRCC241:
;__Lib_System_101_102_103.c, 410 :: 		
; ulRCC_CFGR start address is: 8 (R2)
; ulRCC_CFGR end address is: 8 (R2)
L___Lib_System_101_102_103_InitialSetUpRCCRCC244:
; ulRCC_CFGR start address is: 8 (R2)
0x0332	0x480B    LDR	R0, [PC, #44]
0x0334	0x6800    LDR	R0, [R0, #0]
0x0336	0xF000010C  AND	R1, R0, #12
0x033A	0x0090    LSLS	R0, R2, #2
0x033C	0xF000000C  AND	R0, R0, #12
0x0340	0x4281    CMP	R1, R0
0x0342	0xD000    BEQ	L___Lib_System_101_102_103_InitialSetUpRCCRCC245
;__Lib_System_101_102_103.c, 411 :: 		
; ulRCC_CFGR end address is: 8 (R2)
0x0344	0xE7F5    B	L___Lib_System_101_102_103_InitialSetUpRCCRCC244
L___Lib_System_101_102_103_InitialSetUpRCCRCC245:
;__Lib_System_101_102_103.c, 413 :: 		
L_end_InitialSetUpRCCRCC2:
0x0346	0xF8DDE000  LDR	LR, [SP, #0]
0x034A	0xB002    ADD	SP, SP, #8
0x034C	0x4770    BX	LR
0x034E	0xBF00    NOP
0x0350	0x00810109  	#17367169
0x0354	0xC402005D  	#6145026
0x0358	0x19400001  	#72000
0x035C	0x20004002  	FLASH_ACR+0
0x0360	0x10044002  	RCC_CFGR+0
0x0364	0xFFFF000F  	#1048575
0x0368	0x10004002  	RCC_CR+0
; end of __Lib_System_101_102_103_InitialSetUpRCCRCC2
__Lib_System_101_102_103_SystemClockSetDefault:
;__Lib_System_101_102_103.c, 348 :: 		
0x01A8	0xB081    SUB	SP, SP, #4
;__Lib_System_101_102_103.c, 351 :: 		
0x01AA	0x480F    LDR	R0, [PC, #60]
0x01AC	0x6800    LDR	R0, [R0, #0]
0x01AE	0xF0400101  ORR	R1, R0, #1
0x01B2	0x480D    LDR	R0, [PC, #52]
0x01B4	0x6001    STR	R1, [R0, #0]
;__Lib_System_101_102_103.c, 354 :: 		
0x01B6	0x490D    LDR	R1, [PC, #52]
0x01B8	0x480D    LDR	R0, [PC, #52]
0x01BA	0x6001    STR	R1, [R0, #0]
;__Lib_System_101_102_103.c, 357 :: 		
0x01BC	0x480A    LDR	R0, [PC, #40]
0x01BE	0x6801    LDR	R1, [R0, #0]
0x01C0	0x480C    LDR	R0, [PC, #48]
0x01C2	0x4001    ANDS	R1, R0
0x01C4	0x4808    LDR	R0, [PC, #32]
0x01C6	0x6001    STR	R1, [R0, #0]
;__Lib_System_101_102_103.c, 360 :: 		
0x01C8	0x4807    LDR	R0, [PC, #28]
0x01CA	0x6801    LDR	R1, [R0, #0]
0x01CC	0xF46F2080  MVN	R0, #262144
0x01D0	0x4001    ANDS	R1, R0
0x01D2	0x4805    LDR	R0, [PC, #20]
0x01D4	0x6001    STR	R1, [R0, #0]
;__Lib_System_101_102_103.c, 363 :: 		
0x01D6	0x4806    LDR	R0, [PC, #24]
0x01D8	0x6801    LDR	R1, [R0, #0]
0x01DA	0xF46F00FE  MVN	R0, #8323072
0x01DE	0x4001    ANDS	R1, R0
0x01E0	0x4803    LDR	R0, [PC, #12]
0x01E2	0x6001    STR	R1, [R0, #0]
;__Lib_System_101_102_103.c, 367 :: 		
L_end_SystemClockSetDefault:
0x01E4	0xB001    ADD	SP, SP, #4
0x01E6	0x4770    BX	LR
0x01E8	0x10004002  	RCC_CR+0
0x01EC	0x0000F8FF  	#-117506048
0x01F0	0x10044002  	RCC_CFGR+0
0x01F4	0xFFFFFEF6  	#-17367041
; end of __Lib_System_101_102_103_SystemClockSetDefault
__Lib_System_101_102_103_InitialSetUpFosc:
;__Lib_System_101_102_103.c, 415 :: 		
0x0260	0xB081    SUB	SP, SP, #4
;__Lib_System_101_102_103.c, 416 :: 		
0x0262	0x4902    LDR	R1, [PC, #8]
0x0264	0x4802    LDR	R0, [PC, #8]
0x0266	0x6001    STR	R1, [R0, #0]
;__Lib_System_101_102_103.c, 417 :: 		
L_end_InitialSetUpFosc:
0x0268	0xB001    ADD	SP, SP, #4
0x026A	0x4770    BX	LR
0x026C	0x19400001  	#72000
0x0270	0x00002000  	___System_CLOCK_IN_KHZ+0
; end of __Lib_System_101_102_103_InitialSetUpFosc
___GenExcept:
;__Lib_System_101_102_103.c, 298 :: 		
0x0274	0xB081    SUB	SP, SP, #4
;__Lib_System_101_102_103.c, 299 :: 		
L___GenExcept27:
0x0276	0xE7FE    B	L___GenExcept27
;__Lib_System_101_102_103.c, 300 :: 		
L_end___GenExcept:
0x0278	0xB001    ADD	SP, SP, #4
0x027A	0x4770    BX	LR
; end of ___GenExcept
0x0400	0xB500    PUSH	(R14)
0x0402	0xF8DFB010  LDR	R11, [PC, #16]
0x0406	0xF8DFA010  LDR	R10, [PC, #16]
0x040A	0xF7FFFEF5  BL	504
0x040E	0xBD00    POP	(R15)
0x0410	0x4770    BX	LR
0x0412	0xBF00    NOP
0x0414	0x00002000  	#536870912
0x0418	0x00042000  	#536870916
Symbol List:
//** Routines locations **
//ADDRESS    SIZE    PROCEDURE
//----------------------------------------------
0x0130      [64]    _GPIO_setup
0x0170      [56]    _DAC_setup
0x01A8      [80]    __Lib_System_101_102_103_SystemClockSetDefault
0x01F8      [58]    ___FillZeros
0x0234      [20]    ___CC2DW
0x0248      [22]    _setup
0x0260      [20]    __Lib_System_101_102_103_InitialSetUpFosc
0x0274       [8]    ___GenExcept
0x027C     [240]    __Lib_System_101_102_103_InitialSetUpRCCRCC2
0x0370     [144]    _main
//** Variables locations ** 
//ADDRESS    SIZE    VARIABLE
//----------------------------------------------
0x20000000       [4]    ___System_CLOCK_IN_KHZ
